{"C:\\Users\\sunz\\Desktop\\AI\\EduERP-V4\\EduERP-V4\\backend\\src\\app.module.ts": {"path":"C:\\Users\\sunz\\Desktop\\AI\\EduERP-V4\\EduERP-V4\\backend\\src\\app.module.ts","statementMap":{"0":{"start":{"line":1,"column":0},"end":{"line":1,"column":40}},"1":{"start":{"line":2,"column":0},"end":{"line":2,"column":61}},"2":{"start":{"line":3,"column":0},"end":{"line":3,"column":48}},"3":{"start":{"line":4,"column":0},"end":{"line":4,"column":58}},"4":{"start":{"line":5,"column":0},"end":{"line":5,"column":67}},"5":{"start":{"line":6,"column":0},"end":{"line":6,"column":64}},"6":{"start":{"line":7,"column":0},"end":{"line":7,"column":67}},"7":{"start":{"line":8,"column":0},"end":{"line":8,"column":59}},"8":{"start":{"line":9,"column":0},"end":{"line":9,"column":70}},"9":{"start":{"line":10,"column":0},"end":{"line":10,"column":80}},"10":{"start":{"line":11,"column":0},"end":{"line":11,"column":80}},"11":{"start":{"line":12,"column":0},"end":{"line":12,"column":69}},"12":{"start":{"line":13,"column":0},"end":{"line":13,"column":50}},"13":{"start":{"line":14,"column":0},"end":{"line":14,"column":57}},"14":{"start":{"line":49,"column":7},"end":{"line":49,"column":null}},"15":{"start":{"line":49,"column":13},"end":{"line":49,"column":22}},"16":{"start":{"line":49,"column":13},"end":{"line":49,"column":null}},"17":{"start":{"line":26,"column":24},"end":{"line":26,"column":38}}},"fnMap":{"0":{"name":"(anonymous_1)","decl":{"start":{"line":26,"column":18},"end":{"line":26,"column":21}},"loc":{"start":{"line":26,"column":24},"end":{"line":26,"column":38}}}},"branchMap":{},"s":{"0":0,"1":0,"2":0,"3":0,"4":0,"5":0,"6":0,"7":0,"8":0,"9":0,"10":0,"11":0,"12":0,"13":0,"14":0,"15":0,"16":0,"17":0},"f":{"0":0},"b":{}}
,"C:\\Users\\sunz\\Desktop\\AI\\EduERP-V4\\EduERP-V4\\backend\\src\\main.ts": {"path":"C:\\Users\\sunz\\Desktop\\AI\\EduERP-V4\\EduERP-V4\\backend\\src\\main.ts","statementMap":{"0":{"start":{"line":1,"column":0},"end":{"line":1,"column":43}},"1":{"start":{"line":2,"column":0},"end":{"line":2,"column":41}},"2":{"start":{"line":3,"column":0},"end":{"line":3,"column":48}},"3":{"start":{"line":4,"column":0},"end":{"line":4,"column":65}},"4":{"start":{"line":5,"column":0},"end":{"line":5,"column":42}},"5":{"start":{"line":8,"column":14},"end":{"line":10,"column":4}},"6":{"start":{"line":12,"column":2},"end":{"line":12,"column":32}},"7":{"start":{"line":13,"column":2},"end":{"line":19,"column":4}},"8":{"start":{"line":21,"column":2},"end":{"line":25,"column":5}},"9":{"start":{"line":28,"column":17},"end":{"line":33,"column":12}},"10":{"start":{"line":34,"column":19},"end":{"line":34,"column":60}},"11":{"start":{"line":35,"column":2},"end":{"line":35,"column":49}},"12":{"start":{"line":37,"column":17},"end":{"line":37,"column":32}},"13":{"start":{"line":38,"column":15},"end":{"line":38,"column":46}},"14":{"start":{"line":40,"column":2},"end":{"line":40,"column":25}},"15":{"start":{"line":41,"column":2},"end":{"line":41,"column":70}},"16":{"start":{"line":44,"column":0},"end":{"line":44,"column":12}}},"fnMap":{"0":{"name":"bootstrap","decl":{"start":{"line":7,"column":15},"end":{"line":7,"column":24}},"loc":{"start":{"line":7,"column":24},"end":{"line":42,"column":1}}}},"branchMap":{"0":{"loc":{"start":{"line":38,"column":15},"end":{"line":38,"column":46}},"type":"binary-expr","locations":[{"start":{"line":38,"column":15},"end":{"line":38,"column":38}},{"start":{"line":38,"column":42},"end":{"line":38,"column":46}}]}},"s":{"0":0,"1":0,"2":0,"3":0,"4":0,"5":0,"6":0,"7":0,"8":0,"9":0,"10":0,"11":0,"12":0,"13":0,"14":0,"15":0,"16":0},"f":{"0":0},"b":{"0":[0,0]}}
,"C:\\Users\\sunz\\Desktop\\AI\\EduERP-V4\\EduERP-V4\\backend\\src\\cli\\eos.ts": {"path":"C:\\Users\\sunz\\Desktop\\AI\\EduERP-V4\\EduERP-V4\\backend\\src\\cli\\eos.ts","statementMap":{"0":{"start":{"line":40,"column":0},"end":{"line":40,"column":16}},"1":{"start":{"line":51,"column":0},"end":{"line":51,"column":16}},"2":{"start":{"line":7,"column":0},"end":{"line":7,"column":9}},"3":{"start":{"line":56,"column":2},"end":{"line":7,"column":66}},"4":{"start":{"line":8,"column":0},"end":{"line":8,"column":9}},"5":{"start":{"line":57,"column":2},"end":{"line":8,"column":71}},"6":{"start":{"line":9,"column":0},"end":{"line":9,"column":9}},"7":{"start":{"line":58,"column":2},"end":{"line":9,"column":60}},"8":{"start":{"line":10,"column":0},"end":{"line":10,"column":9}},"9":{"start":{"line":59,"column":2},"end":{"line":10,"column":68}},"10":{"start":{"line":11,"column":0},"end":{"line":11,"column":9}},"11":{"start":{"line":60,"column":2},"end":{"line":11,"column":63}},"12":{"start":{"line":12,"column":0},"end":{"line":12,"column":9}},"13":{"start":{"line":61,"column":2},"end":{"line":12,"column":58}},"14":{"start":{"line":28,"column":84},"end":{"line":35,"column":2}},"15":{"start":{"line":41,"column":20},"end":{"line":41,"column":36}},"16":{"start":{"line":42,"column":2},"end":{"line":44,"column":3}},"17":{"start":{"line":43,"column":4},"end":{"line":43,"column":55}},"18":{"start":{"line":45,"column":2},"end":{"line":45,"column":49}},"19":{"start":{"line":52,"column":2},"end":{"line":52,"column":52}}},"fnMap":{"0":{"name":"(anonymous_0)","decl":{"start":{"line":56,"column":2},"end":{"line":56,"column":19}},"loc":{"start":{"line":56,"column":2},"end":{"line":7,"column":66}}},"1":{"name":"(anonymous_1)","decl":{"start":{"line":57,"column":2},"end":{"line":57,"column":21}},"loc":{"start":{"line":57,"column":2},"end":{"line":8,"column":71}}},"2":{"name":"(anonymous_2)","decl":{"start":{"line":58,"column":2},"end":{"line":58,"column":16}},"loc":{"start":{"line":58,"column":2},"end":{"line":9,"column":60}}},"3":{"name":"(anonymous_3)","decl":{"start":{"line":59,"column":2},"end":{"line":59,"column":20}},"loc":{"start":{"line":59,"column":2},"end":{"line":10,"column":68}}},"4":{"name":"(anonymous_4)","decl":{"start":{"line":60,"column":2},"end":{"line":60,"column":17}},"loc":{"start":{"line":60,"column":2},"end":{"line":11,"column":63}}},"5":{"name":"(anonymous_5)","decl":{"start":{"line":61,"column":2},"end":{"line":61,"column":15}},"loc":{"start":{"line":61,"column":2},"end":{"line":12,"column":58}}},"6":{"name":"generate","decl":{"start":{"line":40,"column":16},"end":{"line":40,"column":24}},"loc":{"start":{"line":40,"column":70},"end":{"line":46,"column":1}}},"7":{"name":"getAvailableGenerators","decl":{"start":{"line":51,"column":16},"end":{"line":51,"column":38}},"loc":{"start":{"line":51,"column":38},"end":{"line":53,"column":1}}}},"branchMap":{"0":{"loc":{"start":{"line":42,"column":2},"end":{"line":44,"column":3}},"type":"if","locations":[{"start":{"line":42,"column":2},"end":{"line":44,"column":3}},{"start":{},"end":{}}]}},"s":{"0":1,"1":1,"2":1,"3":2,"4":1,"5":1,"6":1,"7":1,"8":1,"9":1,"10":1,"11":2,"12":1,"13":2,"14":1,"15":7,"16":7,"17":1,"18":6,"19":1},"f":{"0":1,"1":0,"2":0,"3":0,"4":1,"5":1,"6":7,"7":1},"b":{"0":[1,6]}}
,"C:\\Users\\sunz\\Desktop\\AI\\EduERP-V4\\EduERP-V4\\backend\\src\\cli\\index.ts": {"path":"C:\\Users\\sunz\\Desktop\\AI\\EduERP-V4\\EduERP-V4\\backend\\src\\cli\\index.ts","statementMap":{"0":{"start":{"line":1,"column":0},"end":{"line":1,"column":9}},"1":{"start":{"line":1,"column":9},"end":{"line":1,"column":19}},"2":{"start":{"line":1,"column":19},"end":{"line":1,"column":57}},"3":{"start":{"line":3,"column":0},"end":{"line":3,"column":9}},"4":{"start":{"line":3,"column":9},"end":{"line":3,"column":66}},"5":{"start":{"line":4,"column":0},"end":{"line":4,"column":9}},"6":{"start":{"line":4,"column":9},"end":{"line":4,"column":71}},"7":{"start":{"line":5,"column":0},"end":{"line":5,"column":9}},"8":{"start":{"line":5,"column":9},"end":{"line":5,"column":60}},"9":{"start":{"line":6,"column":0},"end":{"line":6,"column":9}},"10":{"start":{"line":6,"column":9},"end":{"line":6,"column":68}},"11":{"start":{"line":7,"column":0},"end":{"line":7,"column":9}},"12":{"start":{"line":7,"column":9},"end":{"line":7,"column":63}},"13":{"start":{"line":8,"column":0},"end":{"line":8,"column":9}},"14":{"start":{"line":8,"column":9},"end":{"line":8,"column":58}}},"fnMap":{"0":{"name":"(anonymous_0)","decl":{"start":{"line":1,"column":9},"end":{"line":1,"column":17}},"loc":{"start":{"line":1,"column":9},"end":{"line":1,"column":19}}},"1":{"name":"(anonymous_1)","decl":{"start":{"line":1,"column":19},"end":{"line":1,"column":41}},"loc":{"start":{"line":1,"column":19},"end":{"line":1,"column":57}}},"2":{"name":"(anonymous_2)","decl":{"start":{"line":3,"column":9},"end":{"line":3,"column":26}},"loc":{"start":{"line":3,"column":9},"end":{"line":3,"column":66}}},"3":{"name":"(anonymous_3)","decl":{"start":{"line":4,"column":9},"end":{"line":4,"column":28}},"loc":{"start":{"line":4,"column":9},"end":{"line":4,"column":71}}},"4":{"name":"(anonymous_4)","decl":{"start":{"line":5,"column":9},"end":{"line":5,"column":23}},"loc":{"start":{"line":5,"column":9},"end":{"line":5,"column":60}}},"5":{"name":"(anonymous_5)","decl":{"start":{"line":6,"column":9},"end":{"line":6,"column":27}},"loc":{"start":{"line":6,"column":9},"end":{"line":6,"column":68}}},"6":{"name":"(anonymous_6)","decl":{"start":{"line":7,"column":9},"end":{"line":7,"column":24}},"loc":{"start":{"line":7,"column":9},"end":{"line":7,"column":63}}},"7":{"name":"(anonymous_7)","decl":{"start":{"line":8,"column":9},"end":{"line":8,"column":22}},"loc":{"start":{"line":8,"column":9},"end":{"line":8,"column":58}}}},"branchMap":{},"s":{"0":0,"1":0,"2":0,"3":0,"4":0,"5":0,"6":0,"7":0,"8":0,"9":0,"10":0,"11":0,"12":0,"13":0,"14":0},"f":{"0":0,"1":0,"2":0,"3":0,"4":0,"5":0,"6":0,"7":0},"b":{}}
,"C:\\Users\\sunz\\Desktop\\AI\\EduERP-V4\\EduERP-V4\\backend\\src\\cli\\commands\\generate-aggregate.ts": {"path":"C:\\Users\\sunz\\Desktop\\AI\\EduERP-V4\\EduERP-V4\\backend\\src\\cli\\commands\\generate-aggregate.ts","statementMap":{"0":{"start":{"line":5,"column":0},"end":{"line":5,"column":16}},"1":{"start":{"line":6,"column":20},"end":{"line":6,"column":38}},"2":{"start":{"line":7,"column":22},"end":{"line":7,"column":33}},"3":{"start":{"line":8,"column":23},"end":{"line":8,"column":71}},"4":{"start":{"line":10,"column":2},"end":{"line":45,"column":2}}},"fnMap":{"0":{"name":"generateAggregate","decl":{"start":{"line":5,"column":16},"end":{"line":5,"column":33}},"loc":{"start":{"line":5,"column":62},"end":{"line":46,"column":1}}}},"branchMap":{},"s":{"0":1,"1":2,"2":2,"3":2,"4":2},"f":{"0":2},"b":{}}
,"C:\\Users\\sunz\\Desktop\\AI\\EduERP-V4\\EduERP-V4\\backend\\src\\cli\\commands\\generate-entity.ts": {"path":"C:\\Users\\sunz\\Desktop\\AI\\EduERP-V4\\EduERP-V4\\backend\\src\\cli\\commands\\generate-entity.ts","statementMap":{"0":{"start":{"line":5,"column":0},"end":{"line":5,"column":16}},"1":{"start":{"line":6,"column":23},"end":{"line":6,"column":71}},"2":{"start":{"line":8,"column":2},"end":{"line":19,"column":2}}},"fnMap":{"0":{"name":"generateEntity","decl":{"start":{"line":5,"column":16},"end":{"line":5,"column":30}},"loc":{"start":{"line":5,"column":59},"end":{"line":20,"column":1}}}},"branchMap":{},"s":{"0":1,"1":1,"2":1},"f":{"0":1},"b":{}}
,"C:\\Users\\sunz\\Desktop\\AI\\EduERP-V4\\EduERP-V4\\backend\\src\\cli\\commands\\generate-event.ts": {"path":"C:\\Users\\sunz\\Desktop\\AI\\EduERP-V4\\EduERP-V4\\backend\\src\\cli\\commands\\generate-event.ts","statementMap":{"0":{"start":{"line":5,"column":0},"end":{"line":5,"column":16}},"1":{"start":{"line":6,"column":20},"end":{"line":6,"column":34}},"2":{"start":{"line":7,"column":23},"end":{"line":7,"column":71}},"3":{"start":{"line":9,"column":2},"end":{"line":27,"column":2}}},"fnMap":{"0":{"name":"generateEvent","decl":{"start":{"line":5,"column":16},"end":{"line":5,"column":29}},"loc":{"start":{"line":5,"column":58},"end":{"line":28,"column":1}}}},"branchMap":{},"s":{"0":1,"1":2,"2":2,"3":2},"f":{"0":2},"b":{}}
,"C:\\Users\\sunz\\Desktop\\AI\\EduERP-V4\\EduERP-V4\\backend\\src\\cli\\commands\\generate-repository.ts": {"path":"C:\\Users\\sunz\\Desktop\\AI\\EduERP-V4\\EduERP-V4\\backend\\src\\cli\\commands\\generate-repository.ts","statementMap":{"0":{"start":{"line":5,"column":0},"end":{"line":5,"column":16}},"1":{"start":{"line":6,"column":20},"end":{"line":6,"column":39}},"2":{"start":{"line":7,"column":24},"end":{"line":7,"column":42}},"3":{"start":{"line":8,"column":23},"end":{"line":8,"column":71}},"4":{"start":{"line":10,"column":2},"end":{"line":30,"column":2}}},"fnMap":{"0":{"name":"generateRepository","decl":{"start":{"line":5,"column":16},"end":{"line":5,"column":34}},"loc":{"start":{"line":5,"column":63},"end":{"line":31,"column":1}}}},"branchMap":{},"s":{"0":1,"1":1,"2":1,"3":1,"4":1},"f":{"0":1},"b":{}}
,"C:\\Users\\sunz\\Desktop\\AI\\EduERP-V4\\EduERP-V4\\backend\\src\\cli\\commands\\generate-use-case.ts": {"path":"C:\\Users\\sunz\\Desktop\\AI\\EduERP-V4\\EduERP-V4\\backend\\src\\cli\\commands\\generate-use-case.ts","statementMap":{"0":{"start":{"line":5,"column":0},"end":{"line":5,"column":16}},"1":{"start":{"line":6,"column":22},"end":{"line":6,"column":38}},"2":{"start":{"line":7,"column":22},"end":{"line":7,"column":38}},"3":{"start":{"line":8,"column":23},"end":{"line":8,"column":71}},"4":{"start":{"line":10,"column":2},"end":{"line":33,"column":2}}},"fnMap":{"0":{"name":"generateUseCase","decl":{"start":{"line":5,"column":16},"end":{"line":5,"column":31}},"loc":{"start":{"line":5,"column":60},"end":{"line":34,"column":1}}}},"branchMap":{},"s":{"0":1,"1":2,"2":2,"3":2,"4":2},"f":{"0":2},"b":{}}
,"C:\\Users\\sunz\\Desktop\\AI\\EduERP-V4\\EduERP-V4\\backend\\src\\cli\\commands\\generate-value-object.ts": {"path":"C:\\Users\\sunz\\Desktop\\AI\\EduERP-V4\\EduERP-V4\\backend\\src\\cli\\commands\\generate-value-object.ts","statementMap":{"0":{"start":{"line":5,"column":0},"end":{"line":5,"column":16}},"1":{"start":{"line":6,"column":23},"end":{"line":6,"column":71}},"2":{"start":{"line":8,"column":2},"end":{"line":30,"column":2}}},"fnMap":{"0":{"name":"generateValueObject","decl":{"start":{"line":5,"column":16},"end":{"line":5,"column":35}},"loc":{"start":{"line":5,"column":64},"end":{"line":31,"column":1}}}},"branchMap":{},"s":{"0":1,"1":1,"2":1},"f":{"0":1},"b":{}}
,"C:\\Users\\sunz\\Desktop\\AI\\EduERP-V4\\EduERP-V4\\backend\\src\\common\\decorators\\public.decorator.ts": {"path":"C:\\Users\\sunz\\Desktop\\AI\\EduERP-V4\\EduERP-V4\\backend\\src\\common\\decorators\\public.decorator.ts","statementMap":{"0":{"start":{"line":1,"column":0},"end":{"line":1,"column":45}},"1":{"start":{"line":3,"column":22},"end":{"line":3,"column":57}},"2":{"start":{"line":3,"column":28},"end":{"line":3,"column":57}},"3":{"start":{"line":3,"column":13},"end":{"line":3,"column":22}}},"fnMap":{"0":{"name":"(anonymous_0)","decl":{"start":{"line":3,"column":22},"end":{"line":3,"column":25}},"loc":{"start":{"line":3,"column":28},"end":{"line":3,"column":57}}}},"branchMap":{},"s":{"0":2,"1":2,"2":3,"3":2},"f":{"0":3},"b":{}}
,"C:\\Users\\sunz\\Desktop\\AI\\EduERP-V4\\EduERP-V4\\backend\\src\\common\\decorators\\roles.decorator.ts": {"path":"C:\\Users\\sunz\\Desktop\\AI\\EduERP-V4\\EduERP-V4\\backend\\src\\common\\decorators\\roles.decorator.ts","statementMap":{"0":{"start":{"line":1,"column":0},"end":{"line":1,"column":45}},"1":{"start":{"line":3,"column":13},"end":{"line":3,"column":33}},"2":{"start":{"line":4,"column":21},"end":{"line":4,"column":74}},"3":{"start":{"line":4,"column":45},"end":{"line":4,"column":74}},"4":{"start":{"line":4,"column":13},"end":{"line":4,"column":21}}},"fnMap":{"0":{"name":"(anonymous_0)","decl":{"start":{"line":4,"column":21},"end":{"line":4,"column":22}},"loc":{"start":{"line":4,"column":45},"end":{"line":4,"column":74}}}},"branchMap":{},"s":{"0":5,"1":5,"2":5,"3":28,"4":5},"f":{"0":28},"b":{}}
,"C:\\Users\\sunz\\Desktop\\AI\\EduERP-V4\\EduERP-V4\\backend\\src\\common\\dto\\api-response.ts": {"path":"C:\\Users\\sunz\\Desktop\\AI\\EduERP-V4\\EduERP-V4\\backend\\src\\common\\dto\\api-response.ts","statementMap":{"0":{"start":{"line":7,"column":4},"end":{"line":7,"column":21}},"1":{"start":{"line":8,"column":4},"end":{"line":8,"column":27}},"2":{"start":{"line":9,"column":4},"end":{"line":9,"column":21}},"3":{"start":{"line":13,"column":4},"end":{"line":13,"column":56}},"4":{"start":{"line":17,"column":4},"end":{"line":17,"column":54}},"5":{"start":{"line":21,"column":4},"end":{"line":21,"column":53}},"6":{"start":{"line":25,"column":4},"end":{"line":25,"column":53}},"7":{"start":{"line":29,"column":4},"end":{"line":29,"column":53}},"8":{"start":{"line":33,"column":4},"end":{"line":33,"column":53}},"9":{"start":{"line":1,"column":0},"end":{"line":1,"column":13}}},"fnMap":{"0":{"name":"(anonymous_0)","decl":{"start":{"line":6,"column":2},"end":{"line":6,"column":14}},"loc":{"start":{"line":6,"column":66},"end":{"line":10,"column":3}}},"1":{"name":"(anonymous_1)","decl":{"start":{"line":12,"column":2},"end":{"line":12,"column":8}},"loc":{"start":{"line":12,"column":57},"end":{"line":14,"column":3}}},"2":{"name":"(anonymous_2)","decl":{"start":{"line":16,"column":2},"end":{"line":16,"column":8}},"loc":{"start":{"line":16,"column":44},"end":{"line":18,"column":3}}},"3":{"name":"(anonymous_3)","decl":{"start":{"line":20,"column":2},"end":{"line":20,"column":8}},"loc":{"start":{"line":20,"column":45},"end":{"line":22,"column":3}}},"4":{"name":"(anonymous_4)","decl":{"start":{"line":24,"column":2},"end":{"line":24,"column":8}},"loc":{"start":{"line":24,"column":42},"end":{"line":26,"column":3}}},"5":{"name":"(anonymous_5)","decl":{"start":{"line":28,"column":2},"end":{"line":28,"column":8}},"loc":{"start":{"line":28,"column":41},"end":{"line":30,"column":3}}},"6":{"name":"(anonymous_6)","decl":{"start":{"line":32,"column":2},"end":{"line":32,"column":8}},"loc":{"start":{"line":32,"column":48},"end":{"line":34,"column":3}}}},"branchMap":{"0":{"loc":{"start":{"line":6,"column":45},"end":{"line":6,"column":66}},"type":"default-arg","locations":[{"start":{"line":6,"column":62},"end":{"line":6,"column":66}}]},"1":{"loc":{"start":{"line":12,"column":30},"end":{"line":12,"column":57}},"type":"default-arg","locations":[{"start":{"line":12,"column":48},"end":{"line":12,"column":57}}]},"2":{"loc":{"start":{"line":13,"column":42},"end":{"line":13,"column":54}},"type":"binary-expr","locations":[{"start":{"line":13,"column":42},"end":{"line":13,"column":46}},{"start":{"line":13,"column":50},"end":{"line":13,"column":54}}]},"3":{"loc":{"start":{"line":20,"column":22},"end":{"line":20,"column":45}},"type":"default-arg","locations":[{"start":{"line":20,"column":40},"end":{"line":20,"column":45}}]},"4":{"loc":{"start":{"line":24,"column":19},"end":{"line":24,"column":42}},"type":"default-arg","locations":[{"start":{"line":24,"column":37},"end":{"line":24,"column":42}}]},"5":{"loc":{"start":{"line":28,"column":18},"end":{"line":28,"column":41}},"type":"default-arg","locations":[{"start":{"line":28,"column":36},"end":{"line":28,"column":41}}]},"6":{"loc":{"start":{"line":32,"column":21},"end":{"line":32,"column":48}},"type":"default-arg","locations":[{"start":{"line":32,"column":39},"end":{"line":32,"column":48}}]}},"s":{"0":48,"1":48,"2":48,"3":39,"4":2,"5":2,"6":1,"7":1,"8":1,"9":6},"f":{"0":48,"1":39,"2":2,"3":2,"4":1,"5":1,"6":1},"b":{"0":[1],"1":[24],"2":[39,9],"3":[1],"4":[1],"5":[1],"6":[1]}}
,"C:\\Users\\sunz\\Desktop\\AI\\EduERP-V4\\EduERP-V4\\backend\\src\\common\\enums\\audit-action.enum.ts": {"path":"C:\\Users\\sunz\\Desktop\\AI\\EduERP-V4\\EduERP-V4\\backend\\src\\common\\enums\\audit-action.enum.ts","statementMap":{"0":{"start":{"line":7,"column":0},"end":{"line":7,"column":null}},"1":{"start":{"line":8,"column":2},"end":{"line":8,"column":null}},"2":{"start":{"line":9,"column":2},"end":{"line":9,"column":null}},"3":{"start":{"line":10,"column":2},"end":{"line":10,"column":null}},"4":{"start":{"line":11,"column":2},"end":{"line":11,"column":null}},"5":{"start":{"line":12,"column":2},"end":{"line":12,"column":null}}},"fnMap":{"0":{"name":"(anonymous_0)","decl":{"start":{"line":7,"column":0},"end":{"line":7,"column":12}},"loc":{"start":{"line":7,"column":23},"end":{"line":13,"column":1}}}},"branchMap":{"0":{"loc":{"start":{"line":7,"column":12},"end":{"line":7,"column":null}},"type":"binary-expr","locations":[{"start":{"line":7,"column":12},"end":{"line":7,"column":23}},{"start":{"line":7,"column":23},"end":{"line":7,"column":null}}]}},"s":{"0":6,"1":6,"2":6,"3":6,"4":6,"5":6},"f":{"0":6},"b":{"0":[6,6]}}
,"C:\\Users\\sunz\\Desktop\\AI\\EduERP-V4\\EduERP-V4\\backend\\src\\common\\enums\\change-request-type.enum.ts": {"path":"C:\\Users\\sunz\\Desktop\\AI\\EduERP-V4\\EduERP-V4\\backend\\src\\common\\enums\\change-request-type.enum.ts","statementMap":{"0":{"start":{"line":6,"column":0},"end":{"line":6,"column":null}},"1":{"start":{"line":7,"column":2},"end":{"line":7,"column":null}},"2":{"start":{"line":8,"column":2},"end":{"line":8,"column":null}},"3":{"start":{"line":9,"column":2},"end":{"line":9,"column":null}},"4":{"start":{"line":10,"column":2},"end":{"line":10,"column":null}}},"fnMap":{"0":{"name":"(anonymous_0)","decl":{"start":{"line":6,"column":0},"end":{"line":6,"column":12}},"loc":{"start":{"line":6,"column":29},"end":{"line":11,"column":1}}}},"branchMap":{"0":{"loc":{"start":{"line":6,"column":12},"end":{"line":6,"column":null}},"type":"binary-expr","locations":[{"start":{"line":6,"column":12},"end":{"line":6,"column":29}},{"start":{"line":6,"column":29},"end":{"line":6,"column":null}}]}},"s":{"0":3,"1":3,"2":3,"3":3,"4":3},"f":{"0":3},"b":{"0":[3,3]}}
,"C:\\Users\\sunz\\Desktop\\AI\\EduERP-V4\\EduERP-V4\\backend\\src\\common\\enums\\created-source.enum.ts": {"path":"C:\\Users\\sunz\\Desktop\\AI\\EduERP-V4\\EduERP-V4\\backend\\src\\common\\enums\\created-source.enum.ts","statementMap":{"0":{"start":{"line":6,"column":0},"end":{"line":6,"column":null}},"1":{"start":{"line":7,"column":2},"end":{"line":7,"column":null}},"2":{"start":{"line":8,"column":2},"end":{"line":8,"column":null}},"3":{"start":{"line":9,"column":2},"end":{"line":9,"column":null}}},"fnMap":{"0":{"name":"(anonymous_0)","decl":{"start":{"line":6,"column":0},"end":{"line":6,"column":12}},"loc":{"start":{"line":6,"column":25},"end":{"line":10,"column":1}}}},"branchMap":{"0":{"loc":{"start":{"line":6,"column":12},"end":{"line":6,"column":null}},"type":"binary-expr","locations":[{"start":{"line":6,"column":12},"end":{"line":6,"column":25}},{"start":{"line":6,"column":25},"end":{"line":6,"column":null}}]}},"s":{"0":7,"1":7,"2":7,"3":7},"f":{"0":7},"b":{"0":[7,7]}}
,"C:\\Users\\sunz\\Desktop\\AI\\EduERP-V4\\EduERP-V4\\backend\\src\\common\\enums\\enrollment-status.enum.ts": {"path":"C:\\Users\\sunz\\Desktop\\AI\\EduERP-V4\\EduERP-V4\\backend\\src\\common\\enums\\enrollment-status.enum.ts","statementMap":{"0":{"start":{"line":6,"column":0},"end":{"line":6,"column":null}},"1":{"start":{"line":7,"column":2},"end":{"line":7,"column":null}},"2":{"start":{"line":8,"column":2},"end":{"line":8,"column":null}},"3":{"start":{"line":9,"column":2},"end":{"line":9,"column":null}}},"fnMap":{"0":{"name":"(anonymous_0)","decl":{"start":{"line":6,"column":0},"end":{"line":6,"column":12}},"loc":{"start":{"line":6,"column":28},"end":{"line":10,"column":1}}}},"branchMap":{"0":{"loc":{"start":{"line":6,"column":12},"end":{"line":6,"column":null}},"type":"binary-expr","locations":[{"start":{"line":6,"column":12},"end":{"line":6,"column":28}},{"start":{"line":6,"column":28},"end":{"line":6,"column":null}}]}},"s":{"0":6,"1":6,"2":6,"3":6},"f":{"0":6},"b":{"0":[6,6]}}
,"C:\\Users\\sunz\\Desktop\\AI\\EduERP-V4\\EduERP-V4\\backend\\src\\common\\enums\\subject.enum.ts": {"path":"C:\\Users\\sunz\\Desktop\\AI\\EduERP-V4\\EduERP-V4\\backend\\src\\common\\enums\\subject.enum.ts","statementMap":{"0":{"start":{"line":6,"column":0},"end":{"line":6,"column":null}},"1":{"start":{"line":7,"column":2},"end":{"line":7,"column":null}},"2":{"start":{"line":8,"column":2},"end":{"line":8,"column":null}},"3":{"start":{"line":9,"column":2},"end":{"line":9,"column":null}},"4":{"start":{"line":10,"column":2},"end":{"line":10,"column":null}},"5":{"start":{"line":11,"column":2},"end":{"line":11,"column":null}},"6":{"start":{"line":12,"column":2},"end":{"line":12,"column":null}},"7":{"start":{"line":13,"column":2},"end":{"line":13,"column":null}},"8":{"start":{"line":14,"column":2},"end":{"line":14,"column":null}},"9":{"start":{"line":15,"column":2},"end":{"line":15,"column":null}},"10":{"start":{"line":16,"column":2},"end":{"line":16,"column":null}},"11":{"start":{"line":17,"column":2},"end":{"line":17,"column":null}}},"fnMap":{"0":{"name":"(anonymous_0)","decl":{"start":{"line":6,"column":0},"end":{"line":6,"column":12}},"loc":{"start":{"line":6,"column":19},"end":{"line":18,"column":1}}}},"branchMap":{"0":{"loc":{"start":{"line":6,"column":12},"end":{"line":6,"column":null}},"type":"binary-expr","locations":[{"start":{"line":6,"column":12},"end":{"line":6,"column":19}},{"start":{"line":6,"column":19},"end":{"line":6,"column":null}}]}},"s":{"0":10,"1":10,"2":10,"3":10,"4":10,"5":10,"6":10,"7":10,"8":10,"9":10,"10":10,"11":10},"f":{"0":10},"b":{"0":[10,10]}}
,"C:\\Users\\sunz\\Desktop\\AI\\EduERP-V4\\EduERP-V4\\backend\\src\\common\\enums\\teacher-role.enum.ts": {"path":"C:\\Users\\sunz\\Desktop\\AI\\EduERP-V4\\EduERP-V4\\backend\\src\\common\\enums\\teacher-role.enum.ts","statementMap":{"0":{"start":{"line":6,"column":0},"end":{"line":6,"column":null}},"1":{"start":{"line":7,"column":2},"end":{"line":7,"column":null}},"2":{"start":{"line":8,"column":2},"end":{"line":8,"column":null}},"3":{"start":{"line":9,"column":2},"end":{"line":9,"column":null}}},"fnMap":{"0":{"name":"(anonymous_0)","decl":{"start":{"line":6,"column":0},"end":{"line":6,"column":12}},"loc":{"start":{"line":6,"column":23},"end":{"line":10,"column":1}}}},"branchMap":{"0":{"loc":{"start":{"line":6,"column":12},"end":{"line":6,"column":null}},"type":"binary-expr","locations":[{"start":{"line":6,"column":12},"end":{"line":6,"column":23}},{"start":{"line":6,"column":23},"end":{"line":6,"column":null}}]}},"s":{"0":7,"1":7,"2":7,"3":7},"f":{"0":7},"b":{"0":[7,7]}}
,"C:\\Users\\sunz\\Desktop\\AI\\EduERP-V4\\EduERP-V4\\backend\\src\\common\\filters\\global-exception.filter.ts": {"path":"C:\\Users\\sunz\\Desktop\\AI\\EduERP-V4\\EduERP-V4\\backend\\src\\common\\filters\\global-exception.filter.ts","statementMap":{"0":{"start":{"line":1,"column":0},"end":{"line":1,"column":null}},"1":{"start":{"line":9,"column":0},"end":{"line":9,"column":42}},"2":{"start":{"line":12,"column":7},"end":{"line":53,"column":null}},"3":{"start":{"line":13,"column":19},"end":{"line":13,"column":34}},"4":{"start":{"line":16,"column":16},"end":{"line":16,"column":35}},"5":{"start":{"line":17,"column":21},"end":{"line":17,"column":48}},"6":{"start":{"line":18,"column":20},"end":{"line":18,"column":36}},"7":{"start":{"line":20,"column":17},"end":{"line":20,"column":49}},"8":{"start":{"line":21,"column":18},"end":{"line":21,"column":27}},"9":{"start":{"line":22,"column":15},"end":{"line":22,"column":18}},"10":{"start":{"line":24,"column":4},"end":{"line":39,"column":5}},"11":{"start":{"line":25,"column":6},"end":{"line":25,"column":37}},"12":{"start":{"line":26,"column":18},"end":{"line":26,"column":41}},"13":{"start":{"line":28,"column":6},"end":{"line":36,"column":7}},"14":{"start":{"line":29,"column":8},"end":{"line":29,"column":22}},"15":{"start":{"line":30,"column":13},"end":{"line":36,"column":7}},"16":{"start":{"line":31,"column":23},"end":{"line":31,"column":33}},"17":{"start":{"line":32,"column":8},"end":{"line":32,"column":54}},"18":{"start":{"line":33,"column":8},"end":{"line":35,"column":9}},"19":{"start":{"line":34,"column":10},"end":{"line":34,"column":39}},"20":{"start":{"line":38,"column":6},"end":{"line":38,"column":20}},"21":{"start":{"line":41,"column":4},"end":{"line":45,"column":6}},"22":{"start":{"line":47,"column":4},"end":{"line":51,"column":7}},"23":{"start":{"line":12,"column":13},"end":{"line":12,"column":34}},"24":{"start":{"line":12,"column":13},"end":{"line":53,"column":null}}},"fnMap":{"0":{"name":"(anonymous_1)","decl":{"start":{"line":15,"column":2},"end":{"line":15,"column":7}},"loc":{"start":{"line":15,"column":47},"end":{"line":52,"column":3}}}},"branchMap":{"0":{"loc":{"start":{"line":24,"column":4},"end":{"line":39,"column":5}},"type":"if","locations":[{"start":{"line":24,"column":4},"end":{"line":39,"column":5}},{"start":{},"end":{}}]},"1":{"loc":{"start":{"line":28,"column":6},"end":{"line":36,"column":7}},"type":"if","locations":[{"start":{"line":28,"column":6},"end":{"line":36,"column":7}},{"start":{"line":30,"column":13},"end":{"line":36,"column":7}}]},"2":{"loc":{"start":{"line":30,"column":13},"end":{"line":36,"column":7}},"type":"if","locations":[{"start":{"line":30,"column":13},"end":{"line":36,"column":7}},{"start":{},"end":{}}]},"3":{"loc":{"start":{"line":32,"column":18},"end":{"line":32,"column":53}},"type":"binary-expr","locations":[{"start":{"line":32,"column":18},"end":{"line":32,"column":32}},{"start":{"line":32,"column":36},"end":{"line":32,"column":53}}]},"4":{"loc":{"start":{"line":33,"column":8},"end":{"line":35,"column":9}},"type":"if","locations":[{"start":{"line":33,"column":8},"end":{"line":35,"column":9}},{"start":{},"end":{}}]},"5":{"loc":{"start":{"line":43,"column":6},"end":{"line":43,"column":55}},"type":"cond-expr","locations":[{"start":{"line":43,"column":35},"end":{"line":43,"column":50}},{"start":{"line":43,"column":53},"end":{"line":43,"column":55}}]}},"s":{"0":1,"1":1,"2":1,"3":6,"4":6,"5":6,"6":6,"7":6,"8":6,"9":6,"10":6,"11":4,"12":4,"13":4,"14":2,"15":2,"16":2,"17":2,"18":2,"19":1,"20":4,"21":6,"22":6,"23":1,"24":1},"f":{"0":6},"b":{"0":[4,2],"1":[2,2],"2":[2,0],"3":[2,0],"4":[1,1],"5":[5,1]}}
,"C:\\Users\\sunz\\Desktop\\AI\\EduERP-V4\\EduERP-V4\\backend\\src\\common\\guards\\roles.guard.ts": {"path":"C:\\Users\\sunz\\Desktop\\AI\\EduERP-V4\\EduERP-V4\\backend\\src\\common\\guards\\roles.guard.ts","statementMap":{"0":{"start":{"line":1,"column":0},"end":{"line":1,"column":75}},"1":{"start":{"line":2,"column":0},"end":{"line":2,"column":41}},"2":{"start":{"line":3,"column":0},"end":{"line":3,"column":58}},"3":{"start":{"line":6,"column":7},"end":{"line":23,"column":null}},"4":{"start":{"line":7,"column":22},"end":{"line":7,"column":33}},"5":{"start":{"line":10,"column":26},"end":{"line":13,"column":6}},"6":{"start":{"line":14,"column":4},"end":{"line":16,"column":5}},"7":{"start":{"line":15,"column":6},"end":{"line":15,"column":18}},"8":{"start":{"line":17,"column":21},"end":{"line":17,"column":56}},"9":{"start":{"line":18,"column":4},"end":{"line":20,"column":5}},"10":{"start":{"line":19,"column":6},"end":{"line":19,"column":19}},"11":{"start":{"line":21,"column":4},"end":{"line":21,"column":45}},"12":{"start":{"line":6,"column":13},"end":{"line":6,"column":23}},"13":{"start":{"line":6,"column":13},"end":{"line":23,"column":null}}},"fnMap":{"0":{"name":"(anonymous_2)","decl":{"start":{"line":7,"column":2},"end":{"line":7,"column":22}},"loc":{"start":{"line":7,"column":42},"end":{"line":7,"column":46}}},"1":{"name":"(anonymous_3)","decl":{"start":{"line":9,"column":2},"end":{"line":9,"column":13}},"loc":{"start":{"line":9,"column":39},"end":{"line":22,"column":3}}}},"branchMap":{"0":{"loc":{"start":{"line":14,"column":4},"end":{"line":16,"column":5}},"type":"if","locations":[{"start":{"line":14,"column":4},"end":{"line":16,"column":5}},{"start":{},"end":{}}]},"1":{"loc":{"start":{"line":18,"column":4},"end":{"line":20,"column":5}},"type":"if","locations":[{"start":{"line":18,"column":4},"end":{"line":20,"column":5}},{"start":{},"end":{}}]},"2":{"loc":{"start":{"line":7,"column":33},"end":{"line":7,"column":45}},"type":"cond-expr","locations":[{"start":{"line":7,"column":42},"end":{"line":7,"column":45}},{"start":{"line":7,"column":42},"end":{"line":7,"column":45}}]},"3":{"loc":{"start":{"line":7,"column":33},"end":{"line":7,"column":42}},"type":"binary-expr","locations":[{"start":{"line":7,"column":33},"end":{"line":7,"column":45}},{"start":{"line":7,"column":33},"end":{"line":7,"column":42}}]}},"s":{"0":4,"1":4,"2":4,"3":4,"4":15,"5":4,"6":4,"7":1,"8":3,"9":3,"10":1,"11":2,"12":4,"13":4},"f":{"0":15,"1":4},"b":{"0":[1,3],"1":[1,2],"2":[4,0],"3":[4,4]}}
,"C:\\Users\\sunz\\Desktop\\AI\\EduERP-V4\\EduERP-V4\\backend\\src\\common\\interceptors\\response.interceptor.ts": {"path":"C:\\Users\\sunz\\Desktop\\AI\\EduERP-V4\\EduERP-V4\\backend\\src\\common\\interceptors\\response.interceptor.ts","statementMap":{"0":{"start":{"line":1,"column":0},"end":{"line":1,"column":null}},"1":{"start":{"line":8,"column":0},"end":{"line":8,"column":37}},"2":{"start":{"line":9,"column":0},"end":{"line":9,"column":50}},"3":{"start":{"line":12,"column":7},"end":{"line":23,"column":null}},"4":{"start":{"line":14,"column":4},"end":{"line":21,"column":6}},"5":{"start":{"line":16,"column":8},"end":{"line":18,"column":9}},"6":{"start":{"line":17,"column":10},"end":{"line":17,"column":22}},"7":{"start":{"line":19,"column":8},"end":{"line":19,"column":41}},"8":{"start":{"line":12,"column":13},"end":{"line":12,"column":32}},"9":{"start":{"line":12,"column":13},"end":{"line":23,"column":null}}},"fnMap":{"0":{"name":"(anonymous_1)","decl":{"start":{"line":13,"column":2},"end":{"line":13,"column":11}},"loc":{"start":{"line":13,"column":56},"end":{"line":22,"column":3}}},"1":{"name":"(anonymous_2)","decl":{"start":{"line":15,"column":10},"end":{"line":15,"column":11}},"loc":{"start":{"line":15,"column":19},"end":{"line":20,"column":7}}}},"branchMap":{"0":{"loc":{"start":{"line":16,"column":8},"end":{"line":18,"column":9}},"type":"if","locations":[{"start":{"line":16,"column":8},"end":{"line":18,"column":9}},{"start":{},"end":{}}]}},"s":{"0":1,"1":1,"2":1,"3":1,"4":5,"5":4,"6":1,"7":3,"8":1,"9":1},"f":{"0":5,"1":4},"b":{"0":[1,3]}}
,"C:\\Users\\sunz\\Desktop\\AI\\EduERP-V4\\EduERP-V4\\backend\\src\\config\\configuration.ts": {"path":"C:\\Users\\sunz\\Desktop\\AI\\EduERP-V4\\EduERP-V4\\backend\\src\\config\\configuration.ts","statementMap":{"0":{"start":{"line":1,"column":0},"end":{"line":1,"column":44}},"1":{"start":{"line":3,"column":13},"end":{"line":28,"column":4}},"2":{"start":{"line":3,"column":50},"end":{"line":28,"column":2}}},"fnMap":{"0":{"name":"(anonymous_0)","decl":{"start":{"line":3,"column":43},"end":{"line":3,"column":46}},"loc":{"start":{"line":3,"column":50},"end":{"line":28,"column":2}}}},"branchMap":{"0":{"loc":{"start":{"line":4,"column":11},"end":{"line":4,"column":48}},"type":"binary-expr","locations":[{"start":{"line":4,"column":11},"end":{"line":4,"column":31}},{"start":{"line":4,"column":35},"end":{"line":4,"column":48}}]},"1":{"loc":{"start":{"line":5,"column":8},"end":{"line":5,"column":47}},"type":"binary-expr","locations":[{"start":{"line":5,"column":8},"end":{"line":5,"column":39}},{"start":{"line":5,"column":43},"end":{"line":5,"column":47}}]},"2":{"loc":{"start":{"line":7,"column":12},"end":{"line":7,"column":54}},"type":"binary-expr","locations":[{"start":{"line":7,"column":12},"end":{"line":7,"column":34}},{"start":{"line":7,"column":38},"end":{"line":7,"column":54}}]},"3":{"loc":{"start":{"line":8,"column":15},"end":{"line":8,"column":49}},"type":"binary-expr","locations":[{"start":{"line":8,"column":15},"end":{"line":8,"column":41}},{"start":{"line":8,"column":45},"end":{"line":8,"column":49}}]},"4":{"loc":{"start":{"line":11,"column":10},"end":{"line":11,"column":44}},"type":"binary-expr","locations":[{"start":{"line":11,"column":10},"end":{"line":11,"column":29}},{"start":{"line":11,"column":33},"end":{"line":11,"column":44}}]},"5":{"loc":{"start":{"line":12,"column":10},"end":{"line":12,"column":45}},"type":"binary-expr","locations":[{"start":{"line":12,"column":10},"end":{"line":12,"column":37}},{"start":{"line":12,"column":41},"end":{"line":12,"column":45}}]},"6":{"loc":{"start":{"line":13,"column":14},"end":{"line":13,"column":47}},"type":"binary-expr","locations":[{"start":{"line":13,"column":14},"end":{"line":13,"column":37}},{"start":{"line":13,"column":41},"end":{"line":13,"column":47}}]},"7":{"loc":{"start":{"line":14,"column":14},"end":{"line":14,"column":47}},"type":"binary-expr","locations":[{"start":{"line":14,"column":14},"end":{"line":14,"column":37}},{"start":{"line":14,"column":41},"end":{"line":14,"column":47}}]},"8":{"loc":{"start":{"line":15,"column":14},"end":{"line":15,"column":48}},"type":"binary-expr","locations":[{"start":{"line":15,"column":14},"end":{"line":15,"column":37}},{"start":{"line":15,"column":41},"end":{"line":15,"column":48}}]},"9":{"loc":{"start":{"line":18,"column":11},"end":{"line":18,"column":41}},"type":"binary-expr","locations":[{"start":{"line":18,"column":11},"end":{"line":18,"column":35}},{"start":{"line":18,"column":39},"end":{"line":18,"column":41}}]},"10":{"loc":{"start":{"line":19,"column":12},"end":{"line":19,"column":43}},"type":"binary-expr","locations":[{"start":{"line":19,"column":12},"end":{"line":19,"column":37}},{"start":{"line":19,"column":41},"end":{"line":19,"column":43}}]},"11":{"loc":{"start":{"line":22,"column":10},"end":{"line":22,"column":47}},"type":"binary-expr","locations":[{"start":{"line":22,"column":10},"end":{"line":22,"column":32}},{"start":{"line":22,"column":36},"end":{"line":22,"column":47}}]},"12":{"loc":{"start":{"line":23,"column":10},"end":{"line":23,"column":48}},"type":"binary-expr","locations":[{"start":{"line":23,"column":10},"end":{"line":23,"column":40}},{"start":{"line":23,"column":44},"end":{"line":23,"column":48}}]},"13":{"loc":{"start":{"line":26,"column":11},"end":{"line":26,"column":43}},"type":"binary-expr","locations":[{"start":{"line":26,"column":11},"end":{"line":26,"column":32}},{"start":{"line":26,"column":36},"end":{"line":26,"column":43}}]}},"s":{"0":2,"1":2,"2":17},"f":{"0":17},"b":{"0":[17,0],"1":[17,17],"2":[17,17],"3":[17,17],"4":[17,17],"5":[17,17],"6":[17,17],"7":[17,17],"8":[17,17],"9":[17,17],"10":[17,17],"11":[17,17],"12":[17,17],"13":[17,17]}}
,"C:\\Users\\sunz\\Desktop\\AI\\EduERP-V4\\EduERP-V4\\backend\\src\\config\\database.config.ts": {"path":"C:\\Users\\sunz\\Desktop\\AI\\EduERP-V4\\EduERP-V4\\backend\\src\\config\\database.config.ts","statementMap":{"0":{"start":{"line":2,"column":0},"end":{"line":2,"column":44}},"1":{"start":{"line":4,"column":15},"end":{"line":4,"column":26}},"2":{"start":{"line":6,"column":13},"end":{"line":16,"column":2}}},"fnMap":{},"branchMap":{"0":{"loc":{"start":{"line":15,"column":11},"end":{"line":15,"column":81}},"type":"cond-expr","locations":[{"start":{"line":15,"column":52},"end":{"line":15,"column":69}},{"start":{"line":15,"column":72},"end":{"line":15,"column":81}}]}},"s":{"0":0,"1":0,"2":0},"f":{},"b":{"0":[0,0]}}
,"C:\\Users\\sunz\\Desktop\\AI\\EduERP-V4\\EduERP-V4\\backend\\src\\database\\database.module.ts": {"path":"C:\\Users\\sunz\\Desktop\\AI\\EduERP-V4\\EduERP-V4\\backend\\src\\database\\database.module.ts","statementMap":{"0":{"start":{"line":1,"column":0},"end":{"line":1,"column":40}},"1":{"start":{"line":2,"column":0},"end":{"line":2,"column":48}},"2":{"start":{"line":3,"column":0},"end":{"line":3,"column":51}},"3":{"start":{"line":4,"column":0},"end":{"line":4,"column":64}},"4":{"start":{"line":5,"column":0},"end":{"line":5,"column":64}},"5":{"start":{"line":6,"column":0},"end":{"line":6,"column":76}},"6":{"start":{"line":7,"column":0},"end":{"line":7,"column":73}},"7":{"start":{"line":8,"column":0},"end":{"line":8,"column":85}},"8":{"start":{"line":9,"column":0},"end":{"line":9,"column":73}},"9":{"start":{"line":18,"column":7},"end":{"line":18,"column":null}},"10":{"start":{"line":18,"column":13},"end":{"line":18,"column":27}},"11":{"start":{"line":18,"column":13},"end":{"line":18,"column":null}}},"fnMap":{},"branchMap":{},"s":{"0":0,"1":0,"2":0,"3":0,"4":0,"5":0,"6":0,"7":0,"8":0,"9":0,"10":0,"11":0},"f":{},"b":{}}
,"C:\\Users\\sunz\\Desktop\\AI\\EduERP-V4\\EduERP-V4\\backend\\src\\database\\seed-runner.ts": {"path":"C:\\Users\\sunz\\Desktop\\AI\\EduERP-V4\\EduERP-V4\\backend\\src\\database\\seed-runner.ts","statementMap":{"0":{"start":{"line":1,"column":0},"end":{"line":1,"column":43}},"1":{"start":{"line":2,"column":0},"end":{"line":2,"column":42}},"2":{"start":{"line":3,"column":0},"end":{"line":3,"column":51}},"3":{"start":{"line":4,"column":0},"end":{"line":4,"column":44}},"4":{"start":{"line":7,"column":17},"end":{"line":7,"column":32}},"5":{"start":{"line":8,"column":14},"end":{"line":10,"column":4}},"6":{"start":{"line":12,"column":2},"end":{"line":20,"column":3}},"7":{"start":{"line":13,"column":24},"end":{"line":13,"column":44}},"8":{"start":{"line":14,"column":4},"end":{"line":14,"column":29}},"9":{"start":{"line":15,"column":4},"end":{"line":15,"column":57}},"10":{"start":{"line":17,"column":4},"end":{"line":17,"column":96}},"11":{"start":{"line":19,"column":4},"end":{"line":19,"column":22}},"12":{"start":{"line":23,"column":0},"end":{"line":23,"column":12}}},"fnMap":{"0":{"name":"bootstrap","decl":{"start":{"line":6,"column":15},"end":{"line":6,"column":24}},"loc":{"start":{"line":6,"column":24},"end":{"line":21,"column":1}}}},"branchMap":{},"s":{"0":0,"1":0,"2":0,"3":0,"4":0,"5":0,"6":0,"7":0,"8":0,"9":0,"10":0,"11":0,"12":0},"f":{"0":0},"b":{}}
,"C:\\Users\\sunz\\Desktop\\AI\\EduERP-V4\\EduERP-V4\\backend\\src\\database\\seeds\\seed.service.ts": {"path":"C:\\Users\\sunz\\Desktop\\AI\\EduERP-V4\\EduERP-V4\\backend\\src\\database\\seeds\\seed.service.ts","statementMap":{"0":{"start":{"line":1,"column":0},"end":{"line":1,"column":44}},"1":{"start":{"line":2,"column":0},"end":{"line":2,"column":51}},"2":{"start":{"line":3,"column":0},"end":{"line":3,"column":37}},"3":{"start":{"line":4,"column":0},"end":{"line":4,"column":33}},"4":{"start":{"line":5,"column":0},"end":{"line":5,"column":67}},"5":{"start":{"line":6,"column":0},"end":{"line":6,"column":67}},"6":{"start":{"line":7,"column":0},"end":{"line":7,"column":79}},"7":{"start":{"line":8,"column":0},"end":{"line":8,"column":76}},"8":{"start":{"line":9,"column":0},"end":{"line":9,"column":88}},"9":{"start":{"line":10,"column":0},"end":{"line":10,"column":42}},"10":{"start":{"line":13,"column":7},"end":{"line":102,"column":null}},"11":{"start":{"line":14,"column":19},"end":{"line":14,"column":34}},"12":{"start":{"line":18,"column":12},"end":{"line":18,"column":28}},"13":{"start":{"line":20,"column":12},"end":{"line":20,"column":28}},"14":{"start":{"line":22,"column":12},"end":{"line":22,"column":34}},"15":{"start":{"line":24,"column":12},"end":{"line":24,"column":32}},"16":{"start":{"line":26,"column":12},"end":{"line":26,"column":38}},"17":{"start":{"line":30,"column":4},"end":{"line":30,"column":27}},"18":{"start":{"line":31,"column":4},"end":{"line":31,"column":33}},"19":{"start":{"line":32,"column":4},"end":{"line":32,"column":31}},"20":{"start":{"line":33,"column":4},"end":{"line":33,"column":65}},"21":{"start":{"line":37,"column":18},"end":{"line":37,"column":62}},"22":{"start":{"line":38,"column":4},"end":{"line":44,"column":5}},"23":{"start":{"line":39,"column":21},"end":{"line":39,"column":75}},"24":{"start":{"line":40,"column":6},"end":{"line":43,"column":7}},"25":{"start":{"line":41,"column":8},"end":{"line":41,"column":78}},"26":{"start":{"line":42,"column":8},"end":{"line":42,"column":57}},"27":{"start":{"line":48,"column":24},"end":{"line":61,"column":6}},"28":{"start":{"line":63,"column":4},"end":{"line":69,"column":5}},"29":{"start":{"line":64,"column":21},"end":{"line":64,"column":92}},"30":{"start":{"line":65,"column":6},"end":{"line":68,"column":7}},"31":{"start":{"line":66,"column":8},"end":{"line":66,"column":51}},"32":{"start":{"line":67,"column":8},"end":{"line":67,"column":68}},"33":{"start":{"line":73,"column":26},"end":{"line":73,"column":33}},"34":{"start":{"line":74,"column":19},"end":{"line":74,"column":92}},"35":{"start":{"line":75,"column":4},"end":{"line":78,"column":5}},"36":{"start":{"line":76,"column":6},"end":{"line":76,"column":69}},"37":{"start":{"line":77,"column":6},"end":{"line":77,"column":13}},"38":{"start":{"line":80,"column":27},"end":{"line":80,"column":60}},"39":{"start":{"line":81,"column":18},"end":{"line":89,"column":6}},"40":{"start":{"line":90,"column":23},"end":{"line":90,"column":60}},"41":{"start":{"line":92,"column":27},"end":{"line":92,"column":95}},"42":{"start":{"line":93,"column":4},"end":{"line":98,"column":5}},"43":{"start":{"line":94,"column":6},"end":{"line":97,"column":9}},"44":{"start":{"line":100,"column":4},"end":{"line":100,"column":88}},"45":{"start":{"line":13,"column":13},"end":{"line":13,"column":24}},"46":{"start":{"line":13,"column":13},"end":{"line":102,"column":null}}},"fnMap":{"0":{"name":"(anonymous_13)","decl":{"start":{"line":16,"column":2},"end":{"line":16,"column":null}},"loc":{"start":{"line":26,"column":64},"end":{"line":27,"column":6}}},"1":{"name":"(anonymous_14)","decl":{"start":{"line":29,"column":2},"end":{"line":29,"column":7}},"loc":{"start":{"line":29,"column":12},"end":{"line":34,"column":3}}},"2":{"name":"(anonymous_15)","decl":{"start":{"line":36,"column":10},"end":{"line":36,"column":15}},"loc":{"start":{"line":36,"column":25},"end":{"line":45,"column":3}}},"3":{"name":"(anonymous_16)","decl":{"start":{"line":47,"column":10},"end":{"line":47,"column":15}},"loc":{"start":{"line":47,"column":31},"end":{"line":70,"column":3}}},"4":{"name":"(anonymous_17)","decl":{"start":{"line":72,"column":10},"end":{"line":72,"column":15}},"loc":{"start":{"line":72,"column":29},"end":{"line":101,"column":3}}}},"branchMap":{"0":{"loc":{"start":{"line":40,"column":6},"end":{"line":43,"column":7}},"type":"if","locations":[{"start":{"line":40,"column":6},"end":{"line":43,"column":7}},{"start":{},"end":{}}]},"1":{"loc":{"start":{"line":65,"column":6},"end":{"line":68,"column":7}},"type":"if","locations":[{"start":{"line":65,"column":6},"end":{"line":68,"column":7}},{"start":{},"end":{}}]},"2":{"loc":{"start":{"line":75,"column":4},"end":{"line":78,"column":5}},"type":"if","locations":[{"start":{"line":75,"column":4},"end":{"line":78,"column":5}},{"start":{},"end":{}}]},"3":{"loc":{"start":{"line":93,"column":4},"end":{"line":98,"column":5}},"type":"if","locations":[{"start":{"line":93,"column":4},"end":{"line":98,"column":5}},{"start":{},"end":{}}]},"4":{"loc":{"start":{"line":18,"column":28},"end":{"line":18,"column":44}},"type":"cond-expr","locations":[{"start":{"line":18,"column":38},"end":{"line":18,"column":44}},{"start":{"line":18,"column":38},"end":{"line":18,"column":44}}]},"5":{"loc":{"start":{"line":18,"column":28},"end":{"line":18,"column":38}},"type":"binary-expr","locations":[{"start":{"line":18,"column":28},"end":{"line":18,"column":44}},{"start":{"line":18,"column":28},"end":{"line":18,"column":38}}]},"6":{"loc":{"start":{"line":18,"column":38},"end":{"line":20,"column":44}},"type":"cond-expr","locations":[{"start":{"line":20,"column":38},"end":{"line":20,"column":44}},{"start":{"line":20,"column":38},"end":{"line":20,"column":44}}]},"7":{"loc":{"start":{"line":18,"column":38},"end":{"line":20,"column":38}},"type":"binary-expr","locations":[{"start":{"line":18,"column":38},"end":{"line":20,"column":44}},{"start":{"line":20,"column":28},"end":{"line":20,"column":38}}]},"8":{"loc":{"start":{"line":20,"column":38},"end":{"line":22,"column":56}},"type":"cond-expr","locations":[{"start":{"line":22,"column":44},"end":{"line":22,"column":56}},{"start":{"line":22,"column":44},"end":{"line":22,"column":56}}]},"9":{"loc":{"start":{"line":20,"column":38},"end":{"line":22,"column":44}},"type":"binary-expr","locations":[{"start":{"line":20,"column":38},"end":{"line":22,"column":56}},{"start":{"line":22,"column":34},"end":{"line":22,"column":44}}]},"10":{"loc":{"start":{"line":22,"column":44},"end":{"line":24,"column":52}},"type":"cond-expr","locations":[{"start":{"line":24,"column":42},"end":{"line":24,"column":52}},{"start":{"line":24,"column":42},"end":{"line":24,"column":52}}]},"11":{"loc":{"start":{"line":22,"column":44},"end":{"line":24,"column":42}},"type":"binary-expr","locations":[{"start":{"line":22,"column":44},"end":{"line":24,"column":52}},{"start":{"line":24,"column":32},"end":{"line":24,"column":42}}]},"12":{"loc":{"start":{"line":24,"column":42},"end":{"line":26,"column":64}},"type":"cond-expr","locations":[{"start":{"line":26,"column":48},"end":{"line":26,"column":64}},{"start":{"line":26,"column":48},"end":{"line":26,"column":64}}]},"13":{"loc":{"start":{"line":24,"column":42},"end":{"line":26,"column":48}},"type":"binary-expr","locations":[{"start":{"line":24,"column":42},"end":{"line":26,"column":64}},{"start":{"line":26,"column":38},"end":{"line":26,"column":48}}]}},"s":{"0":0,"1":0,"2":0,"3":0,"4":0,"5":0,"6":0,"7":0,"8":0,"9":0,"10":0,"11":0,"12":0,"13":0,"14":0,"15":0,"16":0,"17":0,"18":0,"19":0,"20":0,"21":0,"22":0,"23":0,"24":0,"25":0,"26":0,"27":0,"28":0,"29":0,"30":0,"31":0,"32":0,"33":0,"34":0,"35":0,"36":0,"37":0,"38":0,"39":0,"40":0,"41":0,"42":0,"43":0,"44":0,"45":0,"46":0},"f":{"0":0,"1":0,"2":0,"3":0,"4":0},"b":{"0":[0,0],"1":[0,0],"2":[0,0],"3":[0,0],"4":[0,0],"5":[0,0],"6":[0,0],"7":[0,0],"8":[0,0],"9":[0,0],"10":[0,0],"11":[0,0],"12":[0,0],"13":[0,0]}}
,"C:\\Users\\sunz\\Desktop\\AI\\EduERP-V4\\EduERP-V4\\backend\\src\\events\\event-bus.module.ts": {"path":"C:\\Users\\sunz\\Desktop\\AI\\EduERP-V4\\EduERP-V4\\backend\\src\\events\\event-bus.module.ts","statementMap":{"0":{"start":{"line":1,"column":0},"end":{"line":1,"column":40}},"1":{"start":{"line":2,"column":0},"end":{"line":2,"column":59}},"2":{"start":{"line":3,"column":0},"end":{"line":3,"column":54}},"3":{"start":{"line":20,"column":7},"end":{"line":20,"column":null}},"4":{"start":{"line":20,"column":13},"end":{"line":20,"column":27}},"5":{"start":{"line":20,"column":13},"end":{"line":20,"column":null}}},"fnMap":{},"branchMap":{},"s":{"0":0,"1":0,"2":0,"3":0,"4":0,"5":0},"f":{},"b":{}}
,"C:\\Users\\sunz\\Desktop\\AI\\EduERP-V4\\EduERP-V4\\backend\\src\\events\\event-bus.service.ts": {"path":"C:\\Users\\sunz\\Desktop\\AI\\EduERP-V4\\EduERP-V4\\backend\\src\\events\\event-bus.service.ts","statementMap":{"0":{"start":{"line":1,"column":0},"end":{"line":1,"column":44}},"1":{"start":{"line":2,"column":0},"end":{"line":2,"column":54}},"2":{"start":{"line":3,"column":0},"end":{"line":3,"column":42}},"3":{"start":{"line":4,"column":0},"end":{"line":4,"column":36}},"4":{"start":{"line":7,"column":7},"end":{"line":36,"column":null}},"5":{"start":{"line":8,"column":19},"end":{"line":8,"column":34}},"6":{"start":{"line":10,"column":22},"end":{"line":10,"column":36}},"7":{"start":{"line":13,"column":20},"end":{"line":13,"column":28}},"8":{"start":{"line":14,"column":28},"end":{"line":18,"column":6}},"9":{"start":{"line":20,"column":4},"end":{"line":20,"column":58}},"10":{"start":{"line":21,"column":4},"end":{"line":21,"column":55}},"11":{"start":{"line":25,"column":4},"end":{"line":34,"column":7}},"12":{"start":{"line":26,"column":6},"end":{"line":26,"column":80}},"13":{"start":{"line":27,"column":6},"end":{"line":33,"column":7}},"14":{"start":{"line":28,"column":8},"end":{"line":28,"column":25}},"15":{"start":{"line":29,"column":8},"end":{"line":29,"column":81}},"16":{"start":{"line":31,"column":8},"end":{"line":31,"column":80}},"17":{"start":{"line":32,"column":8},"end":{"line":32,"column":85}},"18":{"start":{"line":7,"column":13},"end":{"line":7,"column":28}},"19":{"start":{"line":7,"column":13},"end":{"line":36,"column":null}}},"fnMap":{"0":{"name":"(anonymous_2)","decl":{"start":{"line":10,"column":2},"end":{"line":10,"column":22}},"loc":{"start":{"line":10,"column":49},"end":{"line":10,"column":53}}},"1":{"name":"(anonymous_3)","decl":{"start":{"line":12,"column":2},"end":{"line":12,"column":9}},"loc":{"start":{"line":12,"column":41},"end":{"line":22,"column":3}}},"2":{"name":"(anonymous_4)","decl":{"start":{"line":24,"column":2},"end":{"line":24,"column":11}},"loc":{"start":{"line":24,"column":62},"end":{"line":35,"column":3}}},"3":{"name":"(anonymous_5)","decl":{"start":{"line":25,"column":36},"end":{"line":25,"column":37}},"loc":{"start":{"line":25,"column":53},"end":{"line":34,"column":5}}}},"branchMap":{"0":{"loc":{"start":{"line":26,"column":38},"end":{"line":26,"column":66}},"type":"binary-expr","locations":[{"start":{"line":26,"column":38},"end":{"line":26,"column":53}},{"start":{"line":26,"column":57},"end":{"line":26,"column":66}}]},"1":{"loc":{"start":{"line":29,"column":40},"end":{"line":29,"column":68}},"type":"binary-expr","locations":[{"start":{"line":29,"column":40},"end":{"line":29,"column":55}},{"start":{"line":29,"column":59},"end":{"line":29,"column":68}}]},"2":{"loc":{"start":{"line":31,"column":40},"end":{"line":31,"column":68}},"type":"binary-expr","locations":[{"start":{"line":31,"column":40},"end":{"line":31,"column":55}},{"start":{"line":31,"column":59},"end":{"line":31,"column":68}}]},"3":{"loc":{"start":{"line":10,"column":36},"end":{"line":10,"column":52}},"type":"cond-expr","locations":[{"start":{"line":10,"column":49},"end":{"line":10,"column":52}},{"start":{"line":10,"column":49},"end":{"line":10,"column":52}}]},"4":{"loc":{"start":{"line":10,"column":36},"end":{"line":10,"column":49}},"type":"binary-expr","locations":[{"start":{"line":10,"column":36},"end":{"line":10,"column":52}},{"start":{"line":10,"column":36},"end":{"line":10,"column":49}}]}},"s":{"0":4,"1":4,"2":4,"3":4,"4":4,"5":21,"6":21,"7":10,"8":10,"9":10,"10":10,"11":13,"12":8,"13":8,"14":8,"15":5,"16":3,"17":3,"18":4,"19":4},"f":{"0":21,"1":10,"2":13,"3":8},"b":{"0":[8,1],"1":[5,1],"2":[3,0],"3":[4,0],"4":[4,4]}}
,"C:\\Users\\sunz\\Desktop\\AI\\EduERP-V4\\EduERP-V4\\backend\\src\\events\\index.ts": {"path":"C:\\Users\\sunz\\Desktop\\AI\\EduERP-V4\\EduERP-V4\\backend\\src\\events\\index.ts","statementMap":{"0":{"start":{"line":1,"column":0},"end":{"line":1,"column":9}},"1":{"start":{"line":1,"column":9},"end":{"line":1,"column":71}},"2":{"start":{"line":2,"column":0},"end":{"line":2,"column":9}},"3":{"start":{"line":2,"column":9},"end":{"line":2,"column":69}},"4":{"start":{"line":3,"column":0},"end":{"line":3,"column":9}},"5":{"start":{"line":3,"column":9},"end":{"line":3,"column":68}},"6":{"start":{"line":4,"column":0},"end":{"line":4,"column":9}},"7":{"start":{"line":4,"column":9},"end":{"line":4,"column":66}},"8":{"start":{"line":5,"column":0},"end":{"line":5,"column":9}},"9":{"start":{"line":5,"column":9},"end":{"line":5,"column":84}},"10":{"start":{"line":6,"column":0},"end":{"line":6,"column":9}},"11":{"start":{"line":6,"column":9},"end":{"line":6,"column":68}}},"fnMap":{"0":{"name":"(anonymous_0)","decl":{"start":{"line":1,"column":9},"end":{"line":1,"column":29}},"loc":{"start":{"line":1,"column":9},"end":{"line":1,"column":71}}},"1":{"name":"(anonymous_1)","decl":{"start":{"line":2,"column":9},"end":{"line":2,"column":28}},"loc":{"start":{"line":2,"column":9},"end":{"line":2,"column":69}}},"2":{"name":"(anonymous_2)","decl":{"start":{"line":3,"column":9},"end":{"line":3,"column":28}},"loc":{"start":{"line":3,"column":9},"end":{"line":3,"column":68}}},"3":{"name":"(anonymous_3)","decl":{"start":{"line":4,"column":9},"end":{"line":4,"column":27}},"loc":{"start":{"line":4,"column":9},"end":{"line":4,"column":66}}},"4":{"name":"(anonymous_4)","decl":{"start":{"line":5,"column":9},"end":{"line":5,"column":35}},"loc":{"start":{"line":5,"column":9},"end":{"line":5,"column":84}}},"5":{"name":"(anonymous_5)","decl":{"start":{"line":6,"column":9},"end":{"line":6,"column":27}},"loc":{"start":{"line":6,"column":9},"end":{"line":6,"column":68}}}},"branchMap":{},"s":{"0":0,"1":0,"2":0,"3":0,"4":0,"5":0,"6":0,"7":0,"8":0,"9":0,"10":0,"11":0},"f":{"0":0,"1":0,"2":0,"3":0,"4":0,"5":0},"b":{}}
,"C:\\Users\\sunz\\Desktop\\AI\\EduERP-V4\\EduERP-V4\\backend\\src\\events\\finance\\contract-exhausted.event.ts": {"path":"C:\\Users\\sunz\\Desktop\\AI\\EduERP-V4\\EduERP-V4\\backend\\src\\events\\finance\\contract-exhausted.event.ts","statementMap":{"0":{"start":{"line":3,"column":20},"end":{"line":3,"column":35}},"1":{"start":{"line":4,"column":20},"end":{"line":4,"column":38}},"2":{"start":{"line":5,"column":20},"end":{"line":5,"column":40}},"3":{"start":{"line":6,"column":20},"end":{"line":6,"column":39}},"4":{"start":{"line":7,"column":20},"end":{"line":7,"column":44}},"5":{"start":{"line":8,"column":20},"end":{"line":8,"column":41}},"6":{"start":{"line":9,"column":20},"end":{"line":9,"column":32}},"7":{"start":{"line":1,"column":0},"end":{"line":1,"column":13}}},"fnMap":{"0":{"name":"(anonymous_0)","decl":{"start":{"line":2,"column":2},"end":{"line":2,"column":null}},"loc":{"start":{"line":9,"column":32},"end":{"line":10,"column":6}}}},"branchMap":{},"s":{"0":1,"1":1,"2":1,"3":1,"4":1,"5":1,"6":1,"7":1},"f":{"0":1},"b":{}}
,"C:\\Users\\sunz\\Desktop\\AI\\EduERP-V4\\EduERP-V4\\backend\\src\\events\\finance\\contract-expired.event.ts": {"path":"C:\\Users\\sunz\\Desktop\\AI\\EduERP-V4\\EduERP-V4\\backend\\src\\events\\finance\\contract-expired.event.ts","statementMap":{"0":{"start":{"line":3,"column":20},"end":{"line":3,"column":35}},"1":{"start":{"line":4,"column":20},"end":{"line":4,"column":38}},"2":{"start":{"line":5,"column":20},"end":{"line":5,"column":40}},"3":{"start":{"line":6,"column":20},"end":{"line":6,"column":39}},"4":{"start":{"line":7,"column":20},"end":{"line":7,"column":35}},"5":{"start":{"line":8,"column":20},"end":{"line":8,"column":44}},"6":{"start":{"line":9,"column":20},"end":{"line":9,"column":32}},"7":{"start":{"line":1,"column":0},"end":{"line":1,"column":13}}},"fnMap":{"0":{"name":"(anonymous_0)","decl":{"start":{"line":2,"column":2},"end":{"line":2,"column":null}},"loc":{"start":{"line":9,"column":32},"end":{"line":10,"column":6}}}},"branchMap":{},"s":{"0":1,"1":1,"2":1,"3":1,"4":1,"5":1,"6":1,"7":1},"f":{"0":1},"b":{}}
,"C:\\Users\\sunz\\Desktop\\AI\\EduERP-V4\\EduERP-V4\\backend\\src\\events\\finance\\contract-refunded.event.ts": {"path":"C:\\Users\\sunz\\Desktop\\AI\\EduERP-V4\\EduERP-V4\\backend\\src\\events\\finance\\contract-refunded.event.ts","statementMap":{"0":{"start":{"line":3,"column":20},"end":{"line":3,"column":35}},"1":{"start":{"line":4,"column":20},"end":{"line":4,"column":38}},"2":{"start":{"line":5,"column":20},"end":{"line":5,"column":40}},"3":{"start":{"line":6,"column":20},"end":{"line":6,"column":39}},"4":{"start":{"line":7,"column":20},"end":{"line":7,"column":40}},"5":{"start":{"line":8,"column":20},"end":{"line":8,"column":40}},"6":{"start":{"line":9,"column":20},"end":{"line":9,"column":39}},"7":{"start":{"line":10,"column":20},"end":{"line":10,"column":32}},"8":{"start":{"line":1,"column":0},"end":{"line":1,"column":13}}},"fnMap":{"0":{"name":"(anonymous_0)","decl":{"start":{"line":2,"column":2},"end":{"line":2,"column":null}},"loc":{"start":{"line":10,"column":32},"end":{"line":11,"column":6}}}},"branchMap":{},"s":{"0":1,"1":1,"2":1,"3":1,"4":1,"5":1,"6":1,"7":1,"8":1},"f":{"0":1},"b":{}}
,"C:\\Users\\sunz\\Desktop\\AI\\EduERP-V4\\EduERP-V4\\backend\\src\\events\\finance\\points-granted.event.ts": {"path":"C:\\Users\\sunz\\Desktop\\AI\\EduERP-V4\\EduERP-V4\\backend\\src\\events\\finance\\points-granted.event.ts","statementMap":{"0":{"start":{"line":3,"column":20},"end":{"line":3,"column":35}},"1":{"start":{"line":4,"column":20},"end":{"line":4,"column":37}},"2":{"start":{"line":5,"column":20},"end":{"line":5,"column":36}},"3":{"start":{"line":6,"column":20},"end":{"line":6,"column":34}},"4":{"start":{"line":7,"column":20},"end":{"line":7,"column":32}},"5":{"start":{"line":1,"column":0},"end":{"line":1,"column":13}}},"fnMap":{"0":{"name":"(anonymous_0)","decl":{"start":{"line":2,"column":2},"end":{"line":2,"column":null}},"loc":{"start":{"line":7,"column":32},"end":{"line":8,"column":6}}}},"branchMap":{},"s":{"0":1,"1":1,"2":1,"3":1,"4":1,"5":1},"f":{"0":1},"b":{}}
,"C:\\Users\\sunz\\Desktop\\AI\\EduERP-V4\\EduERP-V4\\backend\\src\\events\\leave\\leave-approved.event.ts": {"path":"C:\\Users\\sunz\\Desktop\\AI\\EduERP-V4\\EduERP-V4\\backend\\src\\events\\leave\\leave-approved.event.ts","statementMap":{"0":{"start":{"line":3,"column":20},"end":{"line":3,"column":35}},"1":{"start":{"line":4,"column":20},"end":{"line":4,"column":35}},"2":{"start":{"line":5,"column":20},"end":{"line":5,"column":37}},"3":{"start":{"line":6,"column":20},"end":{"line":6,"column":36}},"4":{"start":{"line":7,"column":20},"end":{"line":7,"column":38}},"5":{"start":{"line":8,"column":20},"end":{"line":8,"column":32}},"6":{"start":{"line":1,"column":0},"end":{"line":1,"column":13}}},"fnMap":{"0":{"name":"(anonymous_0)","decl":{"start":{"line":2,"column":2},"end":{"line":2,"column":null}},"loc":{"start":{"line":8,"column":32},"end":{"line":9,"column":6}}}},"branchMap":{},"s":{"0":1,"1":1,"2":1,"3":1,"4":1,"5":1,"6":1},"f":{"0":1},"b":{}}
,"C:\\Users\\sunz\\Desktop\\AI\\EduERP-V4\\EduERP-V4\\backend\\src\\events\\leave\\leave-submitted.event.ts": {"path":"C:\\Users\\sunz\\Desktop\\AI\\EduERP-V4\\EduERP-V4\\backend\\src\\events\\leave\\leave-submitted.event.ts","statementMap":{"0":{"start":{"line":3,"column":20},"end":{"line":3,"column":35}},"1":{"start":{"line":4,"column":20},"end":{"line":4,"column":35}},"2":{"start":{"line":5,"column":20},"end":{"line":5,"column":37}},"3":{"start":{"line":6,"column":20},"end":{"line":6,"column":36}},"4":{"start":{"line":7,"column":20},"end":{"line":7,"column":32}},"5":{"start":{"line":1,"column":0},"end":{"line":1,"column":13}}},"fnMap":{"0":{"name":"(anonymous_0)","decl":{"start":{"line":2,"column":2},"end":{"line":2,"column":null}},"loc":{"start":{"line":7,"column":32},"end":{"line":8,"column":6}}}},"branchMap":{},"s":{"0":1,"1":1,"2":1,"3":1,"4":1,"5":1},"f":{"0":1},"b":{}}
,"C:\\Users\\sunz\\Desktop\\AI\\EduERP-V4\\EduERP-V4\\backend\\src\\events\\lesson\\attendance-confirmed.event.ts": {"path":"C:\\Users\\sunz\\Desktop\\AI\\EduERP-V4\\EduERP-V4\\backend\\src\\events\\lesson\\attendance-confirmed.event.ts","statementMap":{"0":{"start":{"line":3,"column":20},"end":{"line":3,"column":35}},"1":{"start":{"line":4,"column":20},"end":{"line":4,"column":36}},"2":{"start":{"line":5,"column":20},"end":{"line":5,"column":32}},"3":{"start":{"line":1,"column":0},"end":{"line":1,"column":13}}},"fnMap":{"0":{"name":"(anonymous_0)","decl":{"start":{"line":2,"column":2},"end":{"line":2,"column":null}},"loc":{"start":{"line":5,"column":32},"end":{"line":6,"column":6}}}},"branchMap":{},"s":{"0":1,"1":1,"2":1,"3":1},"f":{"0":1},"b":{}}
,"C:\\Users\\sunz\\Desktop\\AI\\EduERP-V4\\EduERP-V4\\backend\\src\\events\\lesson\\lesson-completed.event.ts": {"path":"C:\\Users\\sunz\\Desktop\\AI\\EduERP-V4\\EduERP-V4\\backend\\src\\events\\lesson\\lesson-completed.event.ts","statementMap":{"0":{"start":{"line":3,"column":20},"end":{"line":3,"column":35}},"1":{"start":{"line":4,"column":20},"end":{"line":4,"column":36}},"2":{"start":{"line":5,"column":20},"end":{"line":5,"column":37}},"3":{"start":{"line":6,"column":20},"end":{"line":6,"column":38}},"4":{"start":{"line":7,"column":20},"end":{"line":7,"column":37}},"5":{"start":{"line":8,"column":20},"end":{"line":8,"column":41}},"6":{"start":{"line":9,"column":20},"end":{"line":9,"column":50}},"7":{"start":{"line":10,"column":20},"end":{"line":10,"column":48}},"8":{"start":{"line":11,"column":20},"end":{"line":11,"column":43}},"9":{"start":{"line":12,"column":20},"end":{"line":12,"column":32}},"10":{"start":{"line":1,"column":0},"end":{"line":1,"column":13}}},"fnMap":{"0":{"name":"(anonymous_0)","decl":{"start":{"line":2,"column":2},"end":{"line":2,"column":null}},"loc":{"start":{"line":12,"column":32},"end":{"line":13,"column":6}}}},"branchMap":{},"s":{"0":1,"1":1,"2":1,"3":1,"4":1,"5":1,"6":1,"7":1,"8":1,"9":1,"10":1},"f":{"0":1},"b":{}}
,"C:\\Users\\sunz\\Desktop\\AI\\EduERP-V4\\EduERP-V4\\backend\\src\\events\\lesson\\lesson-feedback-created.event.ts": {"path":"C:\\Users\\sunz\\Desktop\\AI\\EduERP-V4\\EduERP-V4\\backend\\src\\events\\lesson\\lesson-feedback-created.event.ts","statementMap":{"0":{"start":{"line":3,"column":20},"end":{"line":3,"column":35}},"1":{"start":{"line":4,"column":20},"end":{"line":4,"column":36}},"2":{"start":{"line":5,"column":20},"end":{"line":5,"column":37}},"3":{"start":{"line":6,"column":20},"end":{"line":6,"column":37}},"4":{"start":{"line":7,"column":20},"end":{"line":7,"column":32}},"5":{"start":{"line":1,"column":0},"end":{"line":1,"column":13}}},"fnMap":{"0":{"name":"(anonymous_0)","decl":{"start":{"line":2,"column":2},"end":{"line":2,"column":null}},"loc":{"start":{"line":7,"column":32},"end":{"line":8,"column":6}}}},"branchMap":{},"s":{"0":1,"1":1,"2":1,"3":1,"4":1,"5":1},"f":{"0":1},"b":{}}
,"C:\\Users\\sunz\\Desktop\\AI\\EduERP-V4\\EduERP-V4\\backend\\src\\events\\lesson\\lesson-finished.event.ts": {"path":"C:\\Users\\sunz\\Desktop\\AI\\EduERP-V4\\EduERP-V4\\backend\\src\\events\\lesson\\lesson-finished.event.ts","statementMap":{"0":{"start":{"line":3,"column":20},"end":{"line":3,"column":35}},"1":{"start":{"line":4,"column":20},"end":{"line":4,"column":36}},"2":{"start":{"line":5,"column":20},"end":{"line":5,"column":37}},"3":{"start":{"line":6,"column":20},"end":{"line":6,"column":38}},"4":{"start":{"line":7,"column":20},"end":{"line":7,"column":37}},"5":{"start":{"line":8,"column":20},"end":{"line":8,"column":41}},"6":{"start":{"line":9,"column":20},"end":{"line":9,"column":50}},"7":{"start":{"line":10,"column":20},"end":{"line":10,"column":48}},"8":{"start":{"line":11,"column":20},"end":{"line":11,"column":43}},"9":{"start":{"line":12,"column":20},"end":{"line":12,"column":39}},"10":{"start":{"line":13,"column":20},"end":{"line":13,"column":39}},"11":{"start":{"line":14,"column":20},"end":{"line":14,"column":32}},"12":{"start":{"line":1,"column":0},"end":{"line":1,"column":13}}},"fnMap":{"0":{"name":"(anonymous_0)","decl":{"start":{"line":2,"column":2},"end":{"line":2,"column":null}},"loc":{"start":{"line":14,"column":32},"end":{"line":15,"column":6}}}},"branchMap":{},"s":{"0":1,"1":1,"2":1,"3":1,"4":1,"5":1,"6":1,"7":1,"8":1,"9":1,"10":1,"11":1,"12":1},"f":{"0":1},"b":{}}
,"C:\\Users\\sunz\\Desktop\\AI\\EduERP-V4\\EduERP-V4\\backend\\src\\events\\student\\student-deactivated.event.ts": {"path":"C:\\Users\\sunz\\Desktop\\AI\\EduERP-V4\\EduERP-V4\\backend\\src\\events\\student\\student-deactivated.event.ts","statementMap":{"0":{"start":{"line":3,"column":20},"end":{"line":3,"column":35}},"1":{"start":{"line":4,"column":20},"end":{"line":4,"column":37}},"2":{"start":{"line":5,"column":20},"end":{"line":5,"column":39}},"3":{"start":{"line":6,"column":20},"end":{"line":6,"column":42}},"4":{"start":{"line":7,"column":20},"end":{"line":7,"column":37}},"5":{"start":{"line":8,"column":20},"end":{"line":8,"column":34}},"6":{"start":{"line":9,"column":20},"end":{"line":9,"column":38}},"7":{"start":{"line":10,"column":20},"end":{"line":10,"column":32}},"8":{"start":{"line":1,"column":0},"end":{"line":1,"column":13}}},"fnMap":{"0":{"name":"(anonymous_0)","decl":{"start":{"line":2,"column":2},"end":{"line":2,"column":null}},"loc":{"start":{"line":10,"column":32},"end":{"line":11,"column":6}}}},"branchMap":{},"s":{"0":1,"1":1,"2":1,"3":1,"4":1,"5":1,"6":1,"7":1,"8":1},"f":{"0":1},"b":{}}
,"C:\\Users\\sunz\\Desktop\\AI\\EduERP-V4\\EduERP-V4\\backend\\src\\kernel\\application\\application-service.ts": {"path":"C:\\Users\\sunz\\Desktop\\AI\\EduERP-V4\\EduERP-V4\\backend\\src\\kernel\\application\\application-service.ts","statementMap":{"0":{"start":{"line":8,"column":0},"end":{"line":8,"column":52}},"1":{"start":{"line":12,"column":33},"end":{"line":12,"column":56}},"2":{"start":{"line":20,"column":15},"end":{"line":20,"column":44}},"3":{"start":{"line":21,"column":4},"end":{"line":28,"column":5}},"4":{"start":{"line":22,"column":21},"end":{"line":22,"column":38}},"5":{"start":{"line":23,"column":6},"end":{"line":23,"column":24}},"6":{"start":{"line":24,"column":6},"end":{"line":24,"column":31}},"7":{"start":{"line":26,"column":6},"end":{"line":26,"column":26}},"8":{"start":{"line":27,"column":6},"end":{"line":27,"column":84}},"9":{"start":{"line":11,"column":0},"end":{"line":11,"column":22}}},"fnMap":{"0":{"name":"(anonymous_0)","decl":{"start":{"line":12,"column":2},"end":{"line":12,"column":33}},"loc":{"start":{"line":12,"column":56},"end":{"line":12,"column":60}}},"1":{"name":"(anonymous_1)","decl":{"start":{"line":17,"column":12},"end":{"line":17,"column":17}},"loc":{"start":{"line":18,"column":31},"end":{"line":29,"column":3}}}},"branchMap":{"0":{"loc":{"start":{"line":27,"column":25},"end":{"line":27,"column":82}},"type":"cond-expr","locations":[{"start":{"line":27,"column":50},"end":{"line":27,"column":55}},{"start":{"line":27,"column":58},"end":{"line":27,"column":82}}]}},"s":{"0":1,"1":2,"2":2,"3":2,"4":2,"5":1,"6":1,"7":1,"8":1,"9":1},"f":{"0":2,"1":2},"b":{"0":[1,0]}}
,"C:\\Users\\sunz\\Desktop\\AI\\EduERP-V4\\EduERP-V4\\backend\\src\\kernel\\application\\index.ts": {"path":"C:\\Users\\sunz\\Desktop\\AI\\EduERP-V4\\EduERP-V4\\backend\\src\\kernel\\application\\index.ts","statementMap":{"0":{"start":{"line":2,"column":0},"end":{"line":2,"column":9}},"1":{"start":{"line":2,"column":9},"end":{"line":2,"column":48}},"2":{"start":{"line":5,"column":0},"end":{"line":5,"column":9}},"3":{"start":{"line":5,"column":9},"end":{"line":5,"column":42}},"4":{"start":{"line":8,"column":0},"end":{"line":8,"column":9}},"5":{"start":{"line":8,"column":9},"end":{"line":8,"column":59}},"6":{"start":{"line":10,"column":0},"end":{"line":10,"column":9}},"7":{"start":{"line":10,"column":9},"end":{"line":10,"column":47}}},"fnMap":{"0":{"name":"(anonymous_0)","decl":{"start":{"line":2,"column":9},"end":{"line":2,"column":20}},"loc":{"start":{"line":2,"column":9},"end":{"line":2,"column":48}}},"1":{"name":"(anonymous_1)","decl":{"start":{"line":5,"column":9},"end":{"line":5,"column":18}},"loc":{"start":{"line":5,"column":9},"end":{"line":5,"column":42}}},"2":{"name":"(anonymous_2)","decl":{"start":{"line":8,"column":9},"end":{"line":8,"column":27}},"loc":{"start":{"line":8,"column":9},"end":{"line":8,"column":59}}},"3":{"name":"(anonymous_3)","decl":{"start":{"line":10,"column":9},"end":{"line":10,"column":17}},"loc":{"start":{"line":10,"column":9},"end":{"line":10,"column":47}}}},"branchMap":{},"s":{"0":0,"1":0,"2":0,"3":0,"4":0,"5":0,"6":0,"7":0},"f":{"0":0,"1":0,"2":0,"3":0},"b":{}}
,"C:\\Users\\sunz\\Desktop\\AI\\EduERP-V4\\EduERP-V4\\backend\\src\\kernel\\application\\transaction.ts": {"path":"C:\\Users\\sunz\\Desktop\\AI\\EduERP-V4\\EduERP-V4\\backend\\src\\kernel\\application\\transaction.ts","statementMap":{"0":{"start":{"line":33,"column":0},"end":{"line":33,"column":null}},"1":{"start":{"line":34,"column":2},"end":{"line":34,"column":null}},"2":{"start":{"line":35,"column":2},"end":{"line":35,"column":null}},"3":{"start":{"line":36,"column":2},"end":{"line":36,"column":null}},"4":{"start":{"line":37,"column":2},"end":{"line":37,"column":null}}},"fnMap":{"0":{"name":"(anonymous_0)","decl":{"start":{"line":33,"column":0},"end":{"line":33,"column":12}},"loc":{"start":{"line":33,"column":26},"end":{"line":38,"column":1}}}},"branchMap":{"0":{"loc":{"start":{"line":33,"column":12},"end":{"line":33,"column":null}},"type":"binary-expr","locations":[{"start":{"line":33,"column":12},"end":{"line":33,"column":26}},{"start":{"line":33,"column":26},"end":{"line":33,"column":null}}]}},"s":{"0":1,"1":1,"2":1,"3":1,"4":1},"f":{"0":1},"b":{"0":[1,1]}}
,"C:\\Users\\sunz\\Desktop\\AI\\EduERP-V4\\EduERP-V4\\backend\\src\\kernel\\application\\command\\command.ts": {"path":"C:\\Users\\sunz\\Desktop\\AI\\EduERP-V4\\EduERP-V4\\backend\\src\\kernel\\application\\command\\command.ts","statementMap":{"0":{"start":{"line":28,"column":4},"end":{"line":28,"column":54}},"1":{"start":{"line":29,"column":4},"end":{"line":29,"column":45}},"2":{"start":{"line":23,"column":0},"end":{"line":23,"column":22}}},"fnMap":{"0":{"name":"(anonymous_0)","decl":{"start":{"line":27,"column":2},"end":{"line":27,"column":14}},"loc":{"start":{"line":27,"column":50},"end":{"line":30,"column":3}}}},"branchMap":{"0":{"loc":{"start":{"line":28,"column":21},"end":{"line":28,"column":53}},"type":"binary-expr","locations":[{"start":{"line":28,"column":21},"end":{"line":28,"column":30}},{"start":{"line":28,"column":34},"end":{"line":28,"column":53}}]},"1":{"loc":{"start":{"line":29,"column":21},"end":{"line":29,"column":44}},"type":"binary-expr","locations":[{"start":{"line":29,"column":21},"end":{"line":29,"column":30}},{"start":{"line":29,"column":34},"end":{"line":29,"column":44}}]}},"s":{"0":4,"1":4,"2":1},"f":{"0":4},"b":{"0":[4,4],"1":[4,4]}}
,"C:\\Users\\sunz\\Desktop\\AI\\EduERP-V4\\EduERP-V4\\backend\\src\\kernel\\application\\command\\index.ts": {"path":"C:\\Users\\sunz\\Desktop\\AI\\EduERP-V4\\EduERP-V4\\backend\\src\\kernel\\application\\command\\index.ts","statementMap":{"0":{"start":{"line":2,"column":0},"end":{"line":2,"column":9}},"1":{"start":{"line":2,"column":9},"end":{"line":2,"column":40}}},"fnMap":{"0":{"name":"(anonymous_0)","decl":{"start":{"line":2,"column":9},"end":{"line":2,"column":20}},"loc":{"start":{"line":2,"column":9},"end":{"line":2,"column":40}}}},"branchMap":{},"s":{"0":0,"1":0},"f":{"0":0},"b":{}}
,"C:\\Users\\sunz\\Desktop\\AI\\EduERP-V4\\EduERP-V4\\backend\\src\\kernel\\application\\pipeline\\index.ts": {"path":"C:\\Users\\sunz\\Desktop\\AI\\EduERP-V4\\EduERP-V4\\backend\\src\\kernel\\application\\pipeline\\index.ts","statementMap":{"0":{"start":{"line":2,"column":0},"end":{"line":2,"column":9}},"1":{"start":{"line":2,"column":9},"end":{"line":2,"column":38}}},"fnMap":{"0":{"name":"(anonymous_0)","decl":{"start":{"line":2,"column":9},"end":{"line":2,"column":17}},"loc":{"start":{"line":2,"column":9},"end":{"line":2,"column":38}}}},"branchMap":{},"s":{"0":0,"1":0},"f":{"0":0},"b":{}}
,"C:\\Users\\sunz\\Desktop\\AI\\EduERP-V4\\EduERP-V4\\backend\\src\\kernel\\application\\pipeline\\pipeline.ts": {"path":"C:\\Users\\sunz\\Desktop\\AI\\EduERP-V4\\EduERP-V4\\backend\\src\\kernel\\application\\pipeline\\pipeline.ts","statementMap":{"0":{"start":{"line":11,"column":59},"end":{"line":11,"column":61}},"1":{"start":{"line":17,"column":4},"end":{"line":17,"column":39}},"2":{"start":{"line":18,"column":4},"end":{"line":18,"column":16}},"3":{"start":{"line":25,"column":16},"end":{"line":25,"column":17}},"4":{"start":{"line":27,"column":17},"end":{"line":34,"column":5}},"5":{"start":{"line":28,"column":6},"end":{"line":33,"column":7}},"6":{"start":{"line":29,"column":27},"end":{"line":29,"column":53}},"7":{"start":{"line":30,"column":8},"end":{"line":30,"column":48}},"8":{"start":{"line":32,"column":8},"end":{"line":32,"column":24}},"9":{"start":{"line":36,"column":4},"end":{"line":36,"column":17}},"10":{"start":{"line":43,"column":4},"end":{"line":43,"column":36}},"11":{"start":{"line":10,"column":0},"end":{"line":10,"column":13}}},"fnMap":{"0":{"name":"(anonymous_0)","decl":{"start":{"line":16,"column":2},"end":{"line":16,"column":5}},"loc":{"start":{"line":16,"column":39},"end":{"line":19,"column":3}}},"1":{"name":"(anonymous_1)","decl":{"start":{"line":24,"column":2},"end":{"line":24,"column":7}},"loc":{"start":{"line":24,"column":63},"end":{"line":37,"column":3}}},"2":{"name":"(anonymous_2)","decl":{"start":{"line":27,"column":17},"end":{"line":27,"column":22}},"loc":{"start":{"line":27,"column":43},"end":{"line":34,"column":5}}},"3":{"name":"(anonymous_3)","decl":{"start":{"line":42,"column":2},"end":{"line":42,"column":6}},"loc":{"start":{"line":42,"column":11},"end":{"line":44,"column":3}}}},"branchMap":{"0":{"loc":{"start":{"line":28,"column":6},"end":{"line":33,"column":7}},"type":"if","locations":[{"start":{"line":28,"column":6},"end":{"line":33,"column":7}},{"start":{"line":31,"column":13},"end":{"line":33,"column":7}}]}},"s":{"0":5,"1":6,"2":6,"3":4,"4":4,"5":7,"6":4,"7":4,"8":3,"9":4,"10":1,"11":1},"f":{"0":6,"1":4,"2":7,"3":1},"b":{"0":[4,3]}}
,"C:\\Users\\sunz\\Desktop\\AI\\EduERP-V4\\EduERP-V4\\backend\\src\\kernel\\application\\query\\index.ts": {"path":"C:\\Users\\sunz\\Desktop\\AI\\EduERP-V4\\EduERP-V4\\backend\\src\\kernel\\application\\query\\index.ts","statementMap":{"0":{"start":{"line":2,"column":0},"end":{"line":2,"column":9}},"1":{"start":{"line":2,"column":9},"end":{"line":2,"column":36}}},"fnMap":{"0":{"name":"(anonymous_0)","decl":{"start":{"line":2,"column":9},"end":{"line":2,"column":18}},"loc":{"start":{"line":2,"column":9},"end":{"line":2,"column":36}}}},"branchMap":{},"s":{"0":0,"1":0},"f":{"0":0},"b":{}}
,"C:\\Users\\sunz\\Desktop\\AI\\EduERP-V4\\EduERP-V4\\backend\\src\\kernel\\application\\query\\query.ts": {"path":"C:\\Users\\sunz\\Desktop\\AI\\EduERP-V4\\EduERP-V4\\backend\\src\\kernel\\application\\query\\query.ts","statementMap":{"0":{"start":{"line":28,"column":4},"end":{"line":28,"column":50}},"1":{"start":{"line":29,"column":4},"end":{"line":29,"column":45}},"2":{"start":{"line":23,"column":0},"end":{"line":23,"column":22}}},"fnMap":{"0":{"name":"(anonymous_0)","decl":{"start":{"line":27,"column":2},"end":{"line":27,"column":14}},"loc":{"start":{"line":27,"column":48},"end":{"line":30,"column":3}}}},"branchMap":{"0":{"loc":{"start":{"line":28,"column":19},"end":{"line":28,"column":49}},"type":"binary-expr","locations":[{"start":{"line":28,"column":19},"end":{"line":28,"column":26}},{"start":{"line":28,"column":30},"end":{"line":28,"column":49}}]},"1":{"loc":{"start":{"line":29,"column":21},"end":{"line":29,"column":44}},"type":"binary-expr","locations":[{"start":{"line":29,"column":21},"end":{"line":29,"column":30}},{"start":{"line":29,"column":34},"end":{"line":29,"column":44}}]}},"s":{"0":3,"1":3,"2":1},"f":{"0":3},"b":{"0":[3,3],"1":[3,3]}}
,"C:\\Users\\sunz\\Desktop\\AI\\EduERP-V4\\EduERP-V4\\backend\\src\\kernel\\domain\\aggregate-runtime.ts": {"path":"C:\\Users\\sunz\\Desktop\\AI\\EduERP-V4\\EduERP-V4\\backend\\src\\kernel\\domain\\aggregate-runtime.ts","statementMap":{"0":{"start":{"line":12,"column":0},"end":{"line":12,"column":59}},"1":{"start":{"line":28,"column":54},"end":{"line":28,"column":58}},"2":{"start":{"line":31,"column":4},"end":{"line":31,"column":52}},"3":{"start":{"line":41,"column":4},"end":{"line":41,"column":35}},"4":{"start":{"line":57,"column":4},"end":{"line":57,"column":50}},"5":{"start":{"line":60,"column":4},"end":{"line":60,"column":37}},"6":{"start":{"line":63,"column":19},"end":{"line":63,"column":48}},"7":{"start":{"line":64,"column":4},"end":{"line":66,"column":5}},"8":{"start":{"line":65,"column":6},"end":{"line":65,"column":54}},"9":{"start":{"line":76,"column":15},"end":{"line":76,"column":34}},"10":{"start":{"line":77,"column":4},"end":{"line":77,"column":23}},"11":{"start":{"line":84,"column":19},"end":{"line":84,"column":46}},"12":{"start":{"line":85,"column":4},"end":{"line":85,"column":28}},"13":{"start":{"line":86,"column":4},"end":{"line":86,"column":18}},"14":{"start":{"line":27,"column":0},"end":{"line":27,"column":13}}},"fnMap":{"0":{"name":"(anonymous_0)","decl":{"start":{"line":30,"column":2},"end":{"line":30,"column":14}},"loc":{"start":{"line":30,"column":48},"end":{"line":32,"column":3}}},"1":{"name":"(anonymous_1)","decl":{"start":{"line":37,"column":2},"end":{"line":37,"column":7}},"loc":{"start":{"line":39,"column":14},"end":{"line":42,"column":3}}},"2":{"name":"(anonymous_2)","decl":{"start":{"line":52,"column":2},"end":{"line":52,"column":7}},"loc":{"start":{"line":54,"column":16},"end":{"line":67,"column":3}}},"3":{"name":"(anonymous_3)","decl":{"start":{"line":72,"column":2},"end":{"line":72,"column":8}},"loc":{"start":{"line":74,"column":39},"end":{"line":78,"column":3}}},"4":{"name":"(anonymous_4)","decl":{"start":{"line":83,"column":10},"end":{"line":83,"column":23}},"loc":{"start":{"line":83,"column":48},"end":{"line":87,"column":3}}}},"branchMap":{"0":{"loc":{"start":{"line":31,"column":28},"end":{"line":31,"column":51}},"type":"binary-expr","locations":[{"start":{"line":31,"column":28},"end":{"line":31,"column":43}},{"start":{"line":31,"column":47},"end":{"line":31,"column":51}}]},"1":{"loc":{"start":{"line":64,"column":4},"end":{"line":66,"column":5}},"type":"if","locations":[{"start":{"line":64,"column":4},"end":{"line":66,"column":5}},{"start":{},"end":{}}]},"2":{"loc":{"start":{"line":64,"column":8},"end":{"line":64,"colu
[...]
,"C:\\Users\\sunz\\Desktop\\AI\\EduERP-V4\\EduERP-V4\\backend\\src\\test-toolkit\\fake-clock.ts": {"path":"C:\\Users\\sunz\\Desktop\\AI\\EduERP-V4\\EduERP-V4\\backend\\src\\test-toolkit\\fake-clock.ts","statementMap":{"0":{"start":{"line":14,"column":4},"end":{"line":14,"column":64}},"1":{"start":{"line":18,"column":4},"end":{"line":18,"column":41}},"2":{"start":{"line":25,"column":4},"end":{"line":25,"column":41}},"3":{"start":{"line":32,"column":4},"end":{"line":32,"column":51}},"4":{"start":{"line":39,"column":4},"end":{"line":39,"column":33}},"5":{"start":{"line":46,"column":4},"end":{"line":46,"column":38}},"6":{"start":{"line":53,"column":4},"end":{"line":53,"column":36}},"7":{"start":{"line":60,"column":4},"end":{"line":60,"column":33}},"8":{"start":{"line":10,"column":0},"end":{"line":10,"column":13}}},"fnMap":{"0":{"name":"(anonymous_0)","decl":{"start":{"line":13,"column":2},"end":{"line":13,"column":14}},"loc":{"start":{"line":13,"column":32},"end":{"line":15,"column":3}}},"1":{"name":"(anonymous_1)","decl":{"start":{"line":17,"column":2},"end":{"line":17,"column":5}},"loc":{"start":{"line":17,"column":5},"end":{"line":19,"column":3}}},"2":{"name":"(anonymous_2)","decl":{"start":{"line":24,"column":2},"end":{"line":24,"column":5}},"loc":{"start":{"line":24,"column":16},"end":{"line":26,"column":3}}},"3":{"name":"(anonymous_3)","decl":{"start":{"line":31,"column":2},"end":{"line":31,"column":9}},"loc":{"start":{"line":31,"column":20},"end":{"line":33,"column":3}}},"4":{"name":"(anonymous_4)","decl":{"start":{"line":38,"column":2},"end":{"line":38,"column":16}},"loc":{"start":{"line":38,"column":32},"end":{"line":40,"column":3}}},"5":{"name":"(anonymous_5)","decl":{"start":{"line":45,"column":2},"end":{"line":45,"column":16}},"loc":{"start":{"line":45,"column":32},"end":{"line":47,"column":3}}},"6":{"name":"(anonymous_6)","decl":{"start":{"line":52,"column":2},"end":{"line":52,"column":14}},"loc":{"start":{"line":52,"column":28},"end":{"line":54,"column":3}}},"7":{"name":"(anonymous_7)","decl":{"start":{"line":59,"column":2},"end":{"line":59,"column":13}},"loc":{"start":{"line":59,"column":26},"end":{"line":61,"column":3}}}},"branchMap":{"0":{"loc":{"start":{"line":14,"column":16},"end":{"line":14,"column":63}},"type":"binary-expr","locations":[{"start":{"line":14,"column":16},"end":{"line":14,"column":27}},{"start":{"line":14,"column":31},"end":{"line":14,"column":63}}]}},"s":{"0":9,"1":10,"2":1,"3":5,"4":4,"5":3,"6":2,"7":1,"8":1},"f":{"0":9,"1":10,"2":1,"3":5,"4":4,"5":3,"6":2,"7":1},"b":{"0":[9,8]}}
,"C:\\Users\\sunz\\Desktop\\AI\\EduERP-V4\\EduERP-V4\\backend\\src\\test-toolkit\\fake-repository.ts": {"path":"C:\\Users\\sunz\\Desktop\\AI\\EduERP-V4\\EduERP-V4\\backend\\src\\test-toolkit\\fake-repository.ts","statementMap":{"0":{"start":{"line":11,"column":19},"end":{"line":11,"column":48}},"1":{"start":{"line":14,"column":4},"end":{"line":14,"column":39}},"2":{"start":{"line":18,"column":4},"end":{"line":18,"column":44}},"3":{"start":{"line":22,"column":4},"end":{"line":22,"column":45}},"4":{"start":{"line":26,"column":4},"end":{"line":26,"column":27}},"5":{"start":{"line":30,"column":4},"end":{"line":30,"column":31}},"6":{"start":{"line":34,"column":4},"end":{"line":34,"column":28}},"7":{"start":{"line":41,"column":4},"end":{"line":41,"column":24}},"8":{"start":{"line":48,"column":4},"end":{"line":48,"column":44}},"9":{"start":{"line":10,"column":0},"end":{"line":10,"column":13}}},"fnMap":{"0":{"name":"(anonymous_0)","decl":{"start":{"line":13,"column":2},"end":{"line":13,"column":7}},"loc":{"start":{"line":13,"column":27},"end":{"line":15,"column":3}}},"1":{"name":"(anonymous_1)","decl":{"start":{"line":17,"column":2},"end":{"line":17,"column":7}},"loc":{"start":{"line":17,"column":15},"end":{"line":19,"column":3}}},"2":{"name":"(anonymous_2)","decl":{"start":{"line":21,"column":2},"end":{"line":21,"column":7}},"loc":{"start":{"line":21,"column":34},"end":{"line":23,"column":3}}},"3":{"name":"(anonymous_3)","decl":{"start":{"line":25,"column":2},"end":{"line":25,"column":7}},"loc":{"start":{"line":25,"column":25},"end":{"line":27,"column":3}}},"4":{"name":"(anonymous_4)","decl":{"start":{"line":29,"column":2},"end":{"line":29,"column":7}},"loc":{"start":{"line":29,"column":25},"end":{"line":31,"column":3}}},"5":{"name":"(anonymous_5)","decl":{"start":{"line":33,"column":2},"end":{"line":33,"column":7}},"loc":{"start":{"line":33,"column":13},"end":{"line":35,"column":3}}},"6":{"name":"(anonymous_6)","decl":{"start":{"line":40,"column":2},"end":{"line":40,"column":7}},"loc":{"start":{"line":40,"column":7},"end":{"line":42,"column":3}}},"7":{"name":"(anonymous_7)","decl":{"start":{"line":47,"column":2},"end":{"line":47,"column":6}},"loc":{"start":{"line":47,"column":9},"end":{"line":49,"column":3}}}},"branchMap":{"0":{"loc":{"start":{"line":14,"column":11},"end":{"line":14,"column":38}},"type":"binary-expr","locations":[{"start":{"line":14,"column":11},"end":{"line":14,"column":30}},{"start":{"line":14,"column":34},"end":{"line":14,"column":38}}]}},"s":{"0":11,"1":3,"2":2,"3":12,"4":2,"5":2,"6":2,"7":1,"8":3,"9":1},"f":{"0":3,"1":2,"2":12,"3":2,"4":2,"5":2,"6":1,"7":3},"b":{"0":[3,2]}}
,"C:\\Users\\sunz\\Desktop\\AI\\EduERP-V4\\EduERP-V4\\backend\\src\\test-toolkit\\fake-uuid.ts": {"path":"C:\\Users\\sunz\\Desktop\\AI\\EduERP-V4\\EduERP-V4\\backend\\src\\test-toolkit\\fake-uuid.ts","statementMap":{"0":{"start":{"line":11,"column":21},"end":{"line":11,"column":22}},"1":{"start":{"line":15,"column":4},"end":{"line":15,"column":26}},"2":{"start":{"line":19,"column":4},"end":{"line":19,"column":20}},"3":{"start":{"line":20,"column":16},"end":{"line":20,"column":60}},"4":{"start":{"line":21,"column":4},"end":{"line":21,"column":36}},"5":{"start":{"line":28,"column":4},"end":{"line":28,"column":22}},"6":{"start":{"line":10,"column":0},"end":{"line":10,"column":13}}},"fnMap":{"0":{"name":"(anonymous_0)","decl":{"start":{"line":14,"column":2},"end":{"line":14,"column":14}},"loc":{"start":{"line":14,"column":56},"end":{"line":16,"column":3}}},"1":{"name":"(anonymous_1)","decl":{"start":{"line":18,"column":2},"end":{"line":18,"column":10}},"loc":{"start":{"line":18,"column":10},"end":{"line":22,"column":3}}},"2":{"name":"(anonymous_2)","decl":{"start":{"line":27,"column":2},"end":{"line":27,"column":7}},"loc":{"start":{"line":27,"column":7},"end":{"line":29,"column":3}}}},"branchMap":{"0":{"loc":{"start":{"line":14,"column":14},"end":{"line":14,"column":56}},"type":"default-arg","locations":[{"start":{"line":14,"column":31},"end":{"line":14,"column":56}}]}},"s":{"0":3,"1":3,"2":8,"3":8,"4":8,"5":1,"6":1},"f":{"0":3,"1":8,"2":1},"b":{"0":[2]}}
,"C:\\Users\\sunz\\Desktop\\AI\\EduERP-V4\\EduERP-V4\\backend\\src\\test-toolkit\\index.ts": {"path":"C:\\Users\\sunz\\Desktop\\AI\\EduERP-V4\\EduERP-V4\\backend\\src\\test-toolkit\\index.ts","statementMap":{"0":{"start":{"line":7,"column":0},"end":{"line":7,"column":9}},"1":{"start":{"line":7,"column":9},"end":{"line":7,"column":41}},"2":{"start":{"line":8,"column":0},"end":{"line":8,"column":9}},"3":{"start":{"line":8,"column":9},"end":{"line":8,"column":39}},"4":{"start":{"line":9,"column":0},"end":{"line":9,"column":9}},"5":{"start":{"line":9,"column":9},"end":{"line":9,"column":51}}},"fnMap":{"0":{"name":"(anonymous_0)","decl":{"start":{"line":7,"column":9},"end":{"line":7,"column":18}},"loc":{"start":{"line":7,"column":9},"end":{"line":7,"column":41}}},"1":{"name":"(anonymous_1)","decl":{"start":{"line":8,"column":9},"end":{"line":8,"column":17}},"loc":{"start":{"line":8,"column":9},"end":{"line":8,"column":39}}},"2":{"name":"(anonymous_2)","decl":{"start":{"line":9,"column":9},"end":{"line":9,"column":23}},"loc":{"start":{"line":9,"column":9},"end":{"line":9,"column":51}}}},"branchMap":{},"s":{"0":0,"1":0,"2":0,"3":0,"4":0,"5":0},"f":{"0":0,"1":0,"2":0},"b":{}}
,"C:\\Users\\sunz\\Desktop\\AI\\EduERP-V4\\EduERP-V4\\backend\\src\\utils\\logger.ts": {"path":"C:\\Users\\sunz\\Desktop\\AI\\EduERP-V4\\EduERP-V4\\backend\\src\\utils\\logger.ts","statementMap":{"0":{"start":{"line":1,"column":0},"end":{"line":1,"column":59}},"1":{"start":{"line":2,"column":0},"end":{"line":2,"column":25}},"2":{"start":{"line":3,"column":0},"end":{"line":3,"column":29}},"3":{"start":{"line":4,"column":0},"end":{"line":4,"column":29}},"4":{"start":{"line":7,"column":7},"end":{"line":71,"column":null}},"5":{"start":{"line":15,"column":4},"end":{"line":15,"column":56}},"6":{"start":{"line":16,"column":4},"end":{"line":16,"column":24}},"7":{"start":{"line":17,"column":4},"end":{"line":17,"column":56}},"8":{"start":{"line":18,"column":4},"end":{"line":18,"column":52}},"9":{"start":{"line":19,"column":4},"end":{"line":19,"column":56}},"10":{"start":{"line":20,"column":4},"end":{"line":20,"column":58}},"11":{"start":{"line":24,"column":4},"end":{"line":26,"column":5}},"12":{"start":{"line":25,"column":6},"end":{"line":25,"column":53}},"13":{"start":{"line":30,"column":22},"end":{"line":30,"column":46}},"14":{"start":{"line":31,"column":20},"end":{"line":31,"column":152}},"15":{"start":{"line":32,"column":4},"end":{"line":32,"column":41}},"16":{"start":{"line":36,"column":4},"end":{"line":36,"column":62}},"17":{"start":{"line":37,"column":4},"end":{"line":37,"column":55}},"18":{"start":{"line":41,"column":4},"end":{"line":41,"column":63}},"19":{"start":{"line":42,"column":4},"end":{"line":44,"column":5}},"20":{"start":{"line":43,"column":6},"end":{"line":43,"column":63}},"21":{"start":{"line":45,"column":4},"end":{"line":45,"column":64}},"22":{"start":{"line":49,"column":4},"end":{"line":49,"column":63}},"23":{"start":{"line":50,"column":4},"end":{"line":50,"column":62}},"24":{"start":{"line":54,"column":4},"end":{"line":54,"column":64}},"25":{"start":{"line":55,"column":4},"end":{"line":55,"column":64}},"26":{"start":{"line":59,"column":4},"end":{"line":59,"column":66}},"27":{"start":{"line":63,"column":20},"end":{"line":63,"column":70}},"28":{"start":{"line":64,"column":4},"end":{"line":64,"column":50}},"29":{"start":{"line":68,"column":20},"end":{"line":68,"column":66}},"30":{"start":{"line":69,"column":4},"end":{"line":69,"column":54}},"31":{"start":{"line":7,"column":13},"end":{"line":7,"column":22}},"32":{"start":{"line":7,"column":13},"end":{"line":71,"column":null}}},"fnMap":{"0":{"name":"(anonymous_11)","decl":{"start":{"line":14,"column":2},"end":{"line":14,"column":null}},"loc":{"start":{"line":14,"column":2},"end":{"line":21,"column":3}}},"1":{"name":"(anonymous_12)","decl":{"start":{"line":23,"column":10},"end":{"line":23,"column":22}},"loc":{"start":{"line":23,"column":22},"end":{"line":27,"column":3}}},"2":{"name":"(anonymous_13)","decl":{"start":{"line":29,"column":10},"end":{"line":29,"column":21}},"loc":{"start":{"line":29,"column":85},"end":{"line":33,"column":3}}},"3":{"name":"(anonymous_14)","decl":{"start":{"line":35,"column":2},"end":{"line":35,"column":5}},"loc":{"start":{"line":35,"column":36},"end":{"line":38,"column":3}}},"4":{"name":"(anonymous_15)","decl":{"start":{"line":40,"column":2},"end":{"line":40,"column":7}},"loc":{"start":{"line":40,"column":54},"end":{"line":46,"column":3}}},"5":{"name":"(anonymous_16)","decl":{"start":{"line":48,"column":2},"end":{"line":48,"column":6}},"loc":{"start":{"line":48,"column":37},"end":{"line":51,"column":3}}},"6":{"name":"(anonymous_17)","decl":{"start":{"line":53,"column":2},"end":{"line":53,"column":7}},"loc":{"start":{"line":53,"column":38},"end":{"line":56,"column":3}}},"7":{"name":"(anonymous_18)","decl":{"start":{"line":58,"column":2},"end":{"line":58,"column":9}},"loc":{"start":{"line":58,"column":40},"end":{"line":60,"column":3}}},"8":{"name":"(anonymous_19)","decl":{"start":{"line":62,"column":2},"end":{"line":62,"column":8}},"loc":{"start":{"line":62,"column":74},"end":{"line":65,"column":3}}},"9":{"name":"(anonymous_20)","decl":{"start":{"line":67,"column":2},"end":{"line":67,"column":10}},"loc":{"start":{"line":67,"column":61},"end":{"line":70,"column":3}}}},"branchMap":{"0":{"loc":{"start":{"line":24,"column":4},"end":{"line":26,"column":5}},"type":"if","locations":[{"start":{"line":24,"column":4},"end":{"line":26,"column":5}},{"start":{},"end":{}}]},"1":{"loc":{"start":{"line":31,"column":48},"end":{"line":31,"column":83}},"type":"cond-expr","locations":[{"start":{"line":31,"column":58},"end":{"line":31,"column":78}},{"start":{"line":31,"column":81},"end":{"line":31,"column":83}}]},"2":{"loc":{"start":{"line":31,"column":87},"end":{"line":31,"column":148}},"type":"cond-expr","locations":[{"start":{"line":31,"column":117},"end":{"line":31,"column":124}},{"start":{"line":31,"column":127},"end":{"line":31,"column":148}}]},"3":{"loc":{"start":{"line":37,"column":20},"end":{"line":37,"column":39}},"type":"binary-expr","locations":[{"start":{"line":37,"column":20},"end":{"line":37,"column":27}},{"start":{"line":37,"column":31},"end":{"line":37,"column":39}}]},"4":{"loc":{"start":{"line":42,"column":4},"end":{"line":44,"column":5}},"type":"if","locations":[{"start":{"line":42,"column":4},"end":{"line":44,"column":5}},{"start":{},"end":{}}]},"5":{"loc":{"start":{"line":45,"column":22},"end":{"line":45,"column":41}},"type":"binary-expr","locations":[{"start":{"line":45,"column":22},"end":{"line":45,"column":29}},{"start":{"line":45,"column":33},"end":{"line":45,"column":41}}]},"6":{"loc":{"start":{"line":50,"column":21},"end":{"line":50,"column":40}},"type":"binary-expr","locations":[{"start":{"line":50,"column":21},"end":{"line":50,"column":28}},{"start":{"line":50,"column":32},"end":{"line":50,"column":40}}]},"7":{"loc":{"start":{"line":55,"column":22},"end":{"line":55,"column":41}},"type":"binary-expr","locations":[{"start":{"line":55,"column":22},"end":{"line":55,"column":29}},{"start":{"line":55,"column":33},"end":{"line":55,"column":41}}]}},"s":{"0":6,"1":6,"2":6,"3":6,"4":6,"5":31,"6":31,"7":31,"8":31,"9":31,"10":31,"11":31,"12":1,"13":11,"14":11,"15":11,"16":2,"17":2,"18":3,"19":3,"20":1,"21":3,"22":1,"23":1,"24":1,"25":1,"26":1,"27":1,"28":1,"29":1,"30":1,"31":6,"32":6},"f":{"0":31,"1":31,"2":11,"3":2,"4":3,"5":1,"6":1,"7":1,"8":1,"9":1},"b":{"0":[1,30],"1":[7,4],"2":[11,0],"3":[2,1],"4":[1,2],"5":[3,1],"6":[1,0],"7":[1,0]}}
,"C:\\Users\\sunz\\Desktop\\AI\\EduERP-V4\\EduERP-V4\\backend\\src\\utils\\services\\import.service.ts": {"path":"C:\\Users\\sunz\\Desktop\\AI\\EduERP-V4\\EduERP-V4\\backend\\src\\utils\\services\\import.service.ts","statementMap":{"0":{"start":{"line":2,"column":0},"end":{"line":2,"column":29}},"1":{"start":{"line":30,"column":21},"end":{"line":30,"column":58}},"2":{"start":{"line":31,"column":22},"end":{"line":31,"column":44}},"3":{"start":{"line":32,"column":4},"end":{"line":34,"column":5}},"4":{"start":{"line":33,"column":6},"end":{"line":33,"column":40}},"5":{"start":{"line":35,"column":18},"end":{"line":35,"column":44}},"6":{"start":{"line":36,"column":17},"end":{"line":36,"column":88}},"7":{"start":{"line":37,"column":4},"end":{"line":37,"column":16}},"8":{"start":{"line":48,"column":39},"end":{"line":48,"column":41}},"9":{"start":{"line":49,"column":48},"end":{"line":49,"column":50}},"10":{"start":{"line":52,"column":27},"end":{"line":58,"column":6}},"11":{"start":{"line":53,"column":49},"end":{"line":53,"column":51}},"12":{"start":{"line":54,"column":6},"end":{"line":56,"column":7}},"13":{"start":{"line":55,"column":8},"end":{"line":55,"column":71}},"14":{"start":{"line":57,"column":6},"end":{"line":57,"column":24}},"15":{"start":{"line":60,"column":4},"end":{"line":94,"column":5}},"16":{"start":{"line":60,"column":17},"end":{"line":60,"column":18}},"17":{"start":{"line":61,"column":18},"end":{"line":61,"column":35}},"18":{"start":{"line":62,"column":21},"end":{"line":62,"column":26}},"19":{"start":{"line":63,"column":31},"end":{"line":63,"column":33}},"20":{"start":{"line":65,"column":6},"end":{"line":81,"column":7}},"21":{"start":{"line":66,"column":22},"end":{"line":66,"column":57}},"22":{"start":{"line":68,"column":8},"end":{"line":70,"column":9}},"23":{"start":{"line":69,"column":10},"end":{"line":69,"column":46}},"24":{"start":{"line":72,"column":8},"end":{"line":77,"column":9}},"25":{"start":{"line":73,"column":24},"end":{"line":73,"column":51}},"26":{"start":{"line":74,"column":10},"end":{"line":76,"column":11}},"27":{"start":{"line":75,"column":12},"end":{"line":75,"column":31}},"28":{"start":{"line":80,"column":8},"end":{"line":80,"column":46}},"29":{"start":{"line":83,"column":38},"end":{"line":88,"column":8}},"30":{"start":{"line":89,"column":6},"end":{"line":89,"column":27}},"31":{"start":{"line":91,"column":6},"end":{"line":93,"column":7}},"32":{"start":{"line":92,"column":8},"end":{"line":92,"column":28}},"33":{"start":{"line":96,"column":33},"end":{"line":102,"column":6}},"34":{"start":{"line":104,"column":4},"end":{"line":104,"column":33}},"35":{"start":{"line":25,"column":0},"end":{"line":25,"column":13}}},"fnMap":{"0":{"name":"(anonymous_9)","decl":{"start":{"line":29,"column":2},"end":{"line":29,"column":13}},"loc":{"start":{"line":29,"column":46},"end":{"line":38,"column":3}}},"1":{"name":"(anonymous_10)","decl":{"start":{"line":43,"column":2},"end":{"line":43,"column":14}},"loc":{"start":{"line":46,"column":20},"end":{"line":105,"column":3}}},"2":{"name":"(anonymous_11)","decl":{"start":{"line":52,"column":36},"end":{"line":52,"column":37}},"loc":{"start":{"line":52,"column":44},"end":{"line":58,"column":5}}}},"branchMap":{"0":{"loc":{"start":{"line":32,"column":4},"end":{"line":34,"column":5}},"type":"if","locations":[{"start":{"line":32,"column":4},"end":{"line":34,"column":5}},{"start":{},"end":{}}]},"1":{"loc":{"start":{"line":55,"column":48},"end":{"line":55,"column":62}},"type":"binary-expr","locations":[{"start":{"line":55,"column":48},"end":{"line":55,"column":56}},{"start":{"line":55,"column":60},"end":{"line":55,"column":62}}]},"2":{"loc":{"start":{"line":66,"column":22},"end":{"line":66,"column":57}},"type":"binary-expr","locations":[{"start":{"line":66,"column":22},"end":{"line":66,"column":51}},{"start":{"line":66,"column":55},"end":{"line":66,"column":57}}]},"3":{"loc":{"start":{"line":68,"column":8},"end":{"line":70,"column":9}},"type":"if","locations":[{"start":{"line":68,"column":8},"end":{"line":70,"column":9}},{"start":{},"end":{}}]},"4":{"loc":{"start":{"line":68,"column":12},"end":{"line":68,"column":34}},"type":"binary-expr","locations":[{"start":{"line":68,"column":12},"end":{"line":68,"column":24}},{"start":{"line":68,"column":28},"end":{"line":68,"column":34}}]},"5":{"loc":{"start":{"line":72,"column":8},"end":{"line":77,"column":9}},"type":"if","locations":[{"start":{"line":72,"column":8},"end":{"line":77,"column":9}},{"start":{},"end":{}}]},"6":{"loc":{"start":{"line":72,"column":12},"end":{"line":72,"column":33}},"type":"binary-expr","locations":[{"start":{"line":72,"column":12},"end":{"line":72,"column":24}},{"start":{"line":72,"column":28},"end":{"line":72,"column":33}}]},"7":{"loc":{"start":{"line":74,"column":10},"end":{"line":76,"column":11}},"type":"if","locations":[{"start":{"line":74,"column":10},"end":{"line":76,"column":11}},{"start":{},"end":{}}]},"8":{"loc":{"start":{"line":91,"column":6},"end":{"line":93,"column":7}},"type":"if","locations":[{"start":{"line":91,"column":6},"end":{"line":93,"column":7}},{"start":{},"end":{}}]}},"s":{"0":3,"1":3,"2":3,"3":3,"4":2,"5":1,"6":1,"7":1,"8":7,"9":7,"10":7,"11":9,"12":9,"13":14,"14":9,"15":7,"16":7,"17":9,"18":9,"19":9,"20":9,"21":15,"22":15,"23":4,"24":15,"25":2,"26":2,"27":1,"28":15,"29":9,"30":9,"31":9,"32":5,"33":7,"34":7,"35":3},"f":{"0":3,"1":7,"2":9},"b":{"0":[2,1],"1":[14,4],"2":[15,5],"3":[4,11],"4":[15,14],"5":[2,13],"6":[15,3],"7":[1,1],"8":[5,4]}}
}
