TN:
SF:src\app.module.ts
FN:26,(anonymous_1)
FNF:1
FNH:0
FNDA:0,(anonymous_1)
DA:1,0
DA:2,0
DA:3,0
DA:4,0
DA:5,0
DA:6,0
DA:7,0
DA:8,0
DA:9,0
DA:10,0
DA:11,0
DA:12,0
DA:13,0
DA:14,0
DA:26,0
DA:49,0
LF:16
LH:0
BRF:0
BRH:0
end_of_record
TN:
SF:src\main.ts
FN:7,bootstrap
FNF:1
FNH:0
FNDA:0,bootstrap
DA:1,0
DA:2,0
DA:3,0
DA:4,0
DA:5,0
DA:8,0
DA:12,0
DA:13,0
DA:21,0
DA:28,0
DA:34,0
DA:35,0
DA:37,0
DA:38,0
DA:40,0
DA:41,0
DA:44,0
LF:17
LH:0
BRDA:38,0,0,0
BRDA:38,0,1,0
BRF:2
BRH:0
end_of_record
TN:
SF:src\cli\eos.ts
FN:56,(anonymous_0)
FN:57,(anonymous_1)
FN:58,(anonymous_2)
FN:59,(anonymous_3)
FN:60,(anonymous_4)
FN:61,(anonymous_5)
FN:40,generate
FN:51,getAvailableGenerators
FNF:8
FNH:5
FNDA:1,(anonymous_0)
FNDA:0,(anonymous_1)
FNDA:0,(anonymous_2)
FNDA:0,(anonymous_3)
FNDA:1,(anonymous_4)
FNDA:1,(anonymous_5)
FNDA:7,generate
FNDA:1,getAvailableGenerators
DA:7,1
DA:8,1
DA:9,1
DA:10,1
DA:11,1
DA:12,1
DA:28,1
DA:40,1
DA:41,7
DA:42,7
DA:43,1
DA:45,6
DA:51,1
DA:52,1
DA:56,2
DA:57,1
DA:58,1
DA:59,1
DA:60,2
DA:61,2
LF:20
LH:20
BRDA:42,0,0,1
BRDA:42,0,1,6
BRF:2
BRH:2
end_of_record
TN:
SF:src\cli\index.ts
FN:1,(anonymous_0)
FN:1,(anonymous_1)
FN:3,(anonymous_2)
FN:4,(anonymous_3)
FN:5,(anonymous_4)
FN:6,(anonymous_5)
FN:7,(anonymous_6)
FN:8,(anonymous_7)
FNF:8
FNH:0
FNDA:0,(anonymous_0)
FNDA:0,(anonymous_1)
FNDA:0,(anonymous_2)
FNDA:0,(anonymous_3)
FNDA:0,(anonymous_4)
FNDA:0,(anonymous_5)
FNDA:0,(anonymous_6)
FNDA:0,(anonymous_7)
DA:1,0
DA:3,0
DA:4,0
DA:5,0
DA:6,0
DA:7,0
DA:8,0
LF:7
LH:0
BRF:0
BRH:0
end_of_record
TN:
SF:src\cli\commands\generate-aggregate.ts
FN:5,generateAggregate
FNF:1
FNH:1
FNDA:2,generateAggregate
DA:5,1
DA:6,2
DA:7,2
DA:8,2
DA:10,2
LF:5
LH:5
BRF:0
BRH:0
end_of_record
TN:
SF:src\cli\commands\generate-entity.ts
FN:5,generateEntity
FNF:1
FNH:1
FNDA:1,generateEntity
DA:5,1
DA:6,1
DA:8,1
LF:3
LH:3
BRF:0
BRH:0
end_of_record
TN:
SF:src\cli\commands\generate-event.ts
FN:5,generateEvent
FNF:1
FNH:1
FNDA:2,generateEvent
DA:5,1
DA:6,2
DA:7,2
DA:9,2
LF:4
LH:4
BRF:0
BRH:0
end_of_record
TN:
SF:src\cli\commands\generate-repository.ts
FN:5,generateRepository
FNF:1
FNH:1
FNDA:1,generateRepository
DA:5,1
DA:6,1
DA:7,1
DA:8,1
DA:10,1
LF:5
LH:5
BRF:0
BRH:0
end_of_record
TN:
SF:src\cli\commands\generate-use-case.ts
FN:5,generateUseCase
FNF:1
FNH:1
FNDA:2,generateUseCase
DA:5,1
DA:6,2
DA:7,2
DA:8,2
DA:10,2
LF:5
LH:5
BRF:0
BRH:0
end_of_record
TN:
SF:src\cli\commands\generate-value-object.ts
FN:5,generateValueObject
FNF:1
FNH:1
FNDA:1,generateValueObject
DA:5,1
DA:6,1
DA:8,1
LF:3
LH:3
BRF:0
BRH:0
end_of_record
TN:
SF:src\common\decorators\public.decorator.ts
FN:3,(anonymous_0)
FNF:1
FNH:1
FNDA:3,(anonymous_0)
DA:1,2
DA:3,3
LF:2
LH:2
BRF:0
BRH:0
end_of_record
TN:
SF:src\common\decorators\roles.decorator.ts
FN:4,(anonymous_0)
FNF:1
FNH:1
FNDA:28,(anonymous_0)
DA:1,5
DA:3,5
DA:4,28
LF:3
LH:3
BRF:0
BRH:0
end_of_record
TN:
SF:src\common\dto\api-response.ts
FN:6,(anonymous_0)
FN:12,(anonymous_1)
FN:16,(anonymous_2)
FN:20,(anonymous_3)
FN:24,(anonymous_4)
FN:28,(anonymous_5)
FN:32,(anonymous_6)
FNF:7
FNH:7
FNDA:48,(anonymous_0)
FNDA:39,(anonymous_1)
FNDA:2,(anonymous_2)
FNDA:2,(anonymous_3)
FNDA:1,(anonymous_4)
FNDA:1,(anonymous_5)
FNDA:1,(anonymous_6)
DA:1,6
DA:7,48
DA:8,48
DA:9,48
DA:13,39
DA:17,2
DA:21,2
DA:25,1
DA:29,1
DA:33,1
LF:10
LH:10
BRDA:6,0,0,1
BRDA:12,1,0,24
BRDA:13,2,0,39
BRDA:13,2,1,9
BRDA:20,3,0,1
BRDA:24,4,0,1
BRDA:28,5,0,1
BRDA:32,6,0,1
BRF:8
BRH:8
end_of_record
TN:
SF:src\common\enums\audit-action.enum.ts
FN:7,(anonymous_0)
FNF:1
FNH:1
FNDA:6,(anonymous_0)
DA:7,6
DA:8,6
DA:9,6
DA:10,6
DA:11,6
DA:12,6
LF:6
LH:6
BRDA:7,0,0,6
BRDA:7,0,1,6
BRF:2
BRH:2
end_of_record
TN:
SF:src\common\enums\change-request-type.enum.ts
FN:6,(anonymous_0)
FNF:1
FNH:1
FNDA:3,(anonymous_0)
DA:6,3
DA:7,3
DA:8,3
DA:9,3
DA:10,3
LF:5
LH:5
BRDA:6,0,0,3
BRDA:6,0,1,3
BRF:2
BRH:2
end_of_record
TN:
SF:src\common\enums\created-source.enum.ts
FN:6,(anonymous_0)
FNF:1
FNH:1
FNDA:7,(anonymous_0)
DA:6,7
DA:7,7
DA:8,7
DA:9,7
LF:4
LH:4
BRDA:6,0,0,7
BRDA:6,0,1,7
BRF:2
BRH:2
end_of_record
TN:
SF:src\common\enums\enrollment-status.enum.ts
FN:6,(anonymous_0)
FNF:1
FNH:1
FNDA:6,(anonymous_0)
DA:6,6
DA:7,6
DA:8,6
DA:9,6
LF:4
LH:4
BRDA:6,0,0,6
BRDA:6,0,1,6
BRF:2
BRH:2
end_of_record
TN:
SF:src\common\enums\subject.enum.ts
FN:6,(anonymous_0)
FNF:1
FNH:1
FNDA:10,(anonymous_0)
DA:6,10
DA:7,10
DA:8,10
DA:9,10
DA:10,10
DA:11,10
DA:12,10
DA:13,10
DA:14,10
DA:15,10
DA:16,10
DA:17,10
LF:12
LH:12
BRDA:6,0,0,10
BRDA:6,0,1,10
BRF:2
BRH:2
end_of_record
TN:
SF:src\common\enums\teacher-role.enum.ts
FN:6,(anonymous_0)
FNF:1
FNH:1
FNDA:7,(anonymous_0)
DA:6,7
DA:7,7
DA:8,7
DA:9,7
LF:4
LH:4
BRDA:6,0,0,7
BRDA:6,0,1,7
BRF:2
BRH:2
end_of_record
TN:
SF:src\common\filters\global-exception.filter.ts
FN:15,(anonymous_1)
FNF:1
FNH:1
FNDA:6,(anonymous_1)
DA:1,1
DA:9,1
DA:12,1
DA:13,6
DA:16,6
DA:17,6
DA:18,6
DA:20,6
DA:21,6
DA:22,6
DA:24,6
DA:25,4
DA:26,4
DA:28,4
DA:29,2
DA:30,2
DA:31,2
DA:32,2
DA:33,2
DA:34,1
DA:38,4
DA:41,6
DA:47,6
LF:23
LH:23
BRDA:24,0,0,4
BRDA:24,0,1,2
BRDA:28,1,0,2
BRDA:28,1,1,2
BRDA:30,2,0,2
BRDA:30,2,1,0
BRDA:32,3,0,2
BRDA:32,3,1,0
BRDA:33,4,0,1
BRDA:33,4,1,1
BRDA:43,5,0,5
BRDA:43,5,1,1
BRF:12
BRH:10
end_of_record
TN:
SF:src\common\guards\roles.guard.ts
FN:7,(anonymous_2)
FN:9,(anonymous_3)
FNF:2
FNH:2
FNDA:15,(anonymous_2)
FNDA:4,(anonymous_3)
DA:1,4
DA:2,4
DA:3,4
DA:6,4
DA:7,15
DA:10,4
DA:14,4
DA:15,1
DA:17,3
DA:18,3
DA:19,1
DA:21,2
LF:12
LH:12
BRDA:14,0,0,1
BRDA:14,0,1,3
BRDA:18,1,0,1
BRDA:18,1,1,2
BRDA:7,2,0,4
BRDA:7,2,1,0
BRDA:7,3,0,4
BRDA:7,3,1,4
BRF:8
BRH:7
end_of_record
TN:
SF:src\common\interceptors\response.interceptor.ts
FN:13,(anonymous_1)
FN:15,(anonymous_2)
FNF:2
FNH:2
FNDA:5,(anonymous_1)
FNDA:4,(anonymous_2)
DA:1,1
DA:8,1
DA:9,1
DA:12,1
DA:14,5
DA:16,4
DA:17,1
DA:19,3
LF:8
LH:8
BRDA:16,0,0,1
BRDA:16,0,1,3
BRF:2
BRH:2
end_of_record
TN:
SF:src\config\configuration.ts
FN:3,(anonymous_0)
FNF:1
FNH:1
FNDA:17,(anonymous_0)
DA:1,2
DA:3,17
LF:2
LH:2
BRDA:4,0,0,17
BRDA:4,0,1,0
BRDA:5,1,0,17
BRDA:5,1,1,17
BRDA:7,2,0,17
BRDA:7,2,1,17
BRDA:8,3,0,17
BRDA:8,3,1,17
BRDA:11,4,0,17
BRDA:11,4,1,17
BRDA:12,5,0,17
BRDA:12,5,1,17
BRDA:13,6,0,17
BRDA:13,6,1,17
BRDA:14,7,0,17
BRDA:14,7,1,17
BRDA:15,8,0,17
BRDA:15,8,1,17
BRDA:18,9,0,17
BRDA:18,9,1,17
BRDA:19,10,0,17
BRDA:19,10,1,17
BRDA:22,11,0,17
BRDA:22,11,1,17
BRDA:23,12,0,17
BRDA:23,12,1,17
BRDA:26,13,0,17
BRDA:26,13,1,17
BRF:28
BRH:27
end_of_record
TN:
SF:src\config\database.config.ts
FNF:0
FNH:0
DA:2,0
DA:4,0
DA:6,0
LF:3
LH:0
BRDA:15,0,0,0
BRDA:15,0,1,0
BRF:2
BRH:0
end_of_record
TN:
SF:src\database\database.module.ts
FNF:0
FNH:0
DA:1,0
DA:2,0
DA:3,0
DA:4,0
DA:5,0
DA:6,0
DA:7,0
DA:8,0
DA:9,0
DA:18,0
LF:10
LH:0
BRF:0
BRH:0
end_of_record
TN:
SF:src\database\seed-runner.ts
FN:6,bootstrap
FNF:1
FNH:0
FNDA:0,bootstrap
DA:1,0
DA:2,0
DA:3,0
DA:4,0
DA:7,0
DA:8,0
DA:12,0
DA:13,0
DA:14,0
DA:15,0
DA:17,0
DA:19,0
DA:23,0
LF:13
LH:0
BRF:0
BRH:0
end_of_record
TN:
SF:src\database\seeds\seed.service.ts
FN:16,(anonymous_13)
FN:29,(anonymous_14)
FN:36,(anonymous_15)
FN:47,(anonymous_16)
FN:72,(anonymous_17)
FNF:5
FNH:0
FNDA:0,(anonymous_13)
FNDA:0,(anonymous_14)
FNDA:0,(anonymous_15)
FNDA:0,(anonymous_16)
FNDA:0,(anonymous_17)
DA:1,0
DA:2,0
DA:3,0
DA:4,0
DA:5,0
DA:6,0
DA:7,0
DA:8,0
DA:9,0
DA:10,0
DA:13,0
DA:14,0
DA:18,0
DA:20,0
DA:22,0
DA:24,0
DA:26,0
DA:30,0
DA:31,0
DA:32,0
DA:33,0
DA:37,0
DA:38,0
DA:39,0
DA:40,0
DA:41,0
DA:42,0
DA:48,0
DA:63,0
DA:64,0
DA:65,0
DA:66,0
DA:67,0
DA:73,0
DA:74,0
DA:75,0
DA:76,0
DA:77,0
DA:80,0
DA:81,0
DA:90,0
DA:92,0
DA:93,0
DA:94,0
DA:100,0
LF:45
LH:0
BRDA:40,0,0,0
BRDA:40,0,1,0
BRDA:65,1,0,0
BRDA:65,1,1,0
BRDA:75,2,0,0
BRDA:75,2,1,0
BRDA:93,3,0,0
BRDA:93,3,1,0
BRDA:18,4,0,0
BRDA:18,4,1,0
BRDA:18,5,0,0
BRDA:18,5,1,0
BRDA:18,6,0,0
BRDA:18,6,1,0
BRDA:18,7,0,0
BRDA:18,7,1,0
BRDA:20,8,0,0
BRDA:20,8,1,0
BRDA:20,9,0,0
BRDA:20,9,1,0
BRDA:22,10,0,0
BRDA:22,10,1,0
BRDA:22,11,0,0
BRDA:22,11,1,0
BRDA:24,12,0,0
BRDA:24,12,1,0
BRDA:24,13,0,0
BRDA:24,13,1,0
BRF:28
BRH:0
end_of_record
TN:
SF:src\events\event-bus.module.ts
FNF:0
FNH:0
DA:1,0
DA:2,0
DA:3,0
DA:20,0
LF:4
LH:0
BRF:0
BRH:0
end_of_record
TN:
SF:src\events\event-bus.service.ts
FN:10,(anonymous_2)
FN:12,(anonymous_3)
FN:24,(anonymous_4)
FN:25,(anonymous_5)
FNF:4
FNH:4
FNDA:21,(anonymous_2)
FNDA:10,(anonymous_3)
FNDA:13,(anonymous_4)
FNDA:8,(anonymous_5)
DA:1,4
DA:2,4
DA:3,4
DA:4,4
DA:7,4
DA:8,21
DA:10,21
DA:13,10
DA:14,10
DA:20,10
DA:21,10
DA:25,13
DA:26,8
DA:27,8
DA:28,8
DA:29,5
DA:31,3
DA:32,3
LF:18
LH:18
BRDA:26,0,0,8
BRDA:26,0,1,1
BRDA:29,1,0,5
BRDA:29,1,1,1
BRDA:31,2,0,3
BRDA:31,2,1,0
BRDA:10,3,0,4
BRDA:10,3,1,0
BRDA:10,4,0,4
BRDA:10,4,1,4
BRF:10
BRH:8
end_of_record
TN:
SF:src\events\index.ts
FN:1,(anonymous_0)
FN:2,(anonymous_1)
FN:3,(anonymous_2)
FN:4,(anonymous_3)
FN:5,(anonymous_4)
FN:6,(anonymous_5)
FNF:6
FNH:0
FNDA:0,(anonymous_0)
FNDA:0,(anonymous_1)
FNDA:0,(anonymous_2)
FNDA:0,(anonymous_3)
FNDA:0,(anonymous_4)
FNDA:0,(anonymous_5)
DA:1,0
DA:2,0
DA:3,0
DA:4,0
DA:5,0
DA:6,0
LF:6
LH:0
BRF:0
BRH:0
end_of_record
TN:
SF:src\events\finance\contract-exhausted.event.ts
FN:2,(anonymous_0)
FNF:1
FNH:1
FNDA:1,(anonymous_0)
DA:1,1
DA:3,1
DA:4,1
DA:5,1
DA:6,1
DA:7,1
DA:8,1
DA:9,1
LF:8
LH:8
BRF:0
BRH:0
end_of_record
TN:
SF:src\events\finance\contract-expired.event.ts
FN:2,(anonymous_0)
FNF:1
FNH:1
FNDA:1,(anonymous_0)
DA:1,1
DA:3,1
DA:4,1
DA:5,1
DA:6,1
DA:7,1
DA:8,1
DA:9,1
LF:8
LH:8
BRF:0
BRH:0
end_of_record
TN:
SF:src\events\finance\contract-refunded.event.ts
FN:2,(anonymous_0)
FNF:1
FNH:1
FNDA:1,(anonymous_0)
DA:1,1
DA:3,1
DA:4,1
DA:5,1
DA:6,1
DA:7,1
DA:8,1
DA:9,1
DA:10,1
LF:9
LH:9
BRF:0
BRH:0
end_of_record
TN:
SF:src\events\finance\points-granted.event.ts
FN:2,(anonymous_0)
FNF:1
FNH:1
FNDA:1,(anonymous_0)
DA:1,1
DA:3,1
DA:4,1
DA:5,1
DA:6,1
DA:7,1
LF:6
LH:6
BRF:0
BRH:0
end_of_record
TN:
SF:src\events\leave\leave-approved.event.ts
FN:2,(anonymous_0)
FNF:1
FNH:1
FNDA:1,(anonymous_0)
DA:1,1
DA:3,1
DA:4,1
DA:5,1
DA:6,1
DA:7,1
DA:8,1
LF:7
LH:7
BRF:0
BRH:0
end_of_record
TN:
SF:src\events\leave\leave-submitted.event.ts
FN:2,(anonymous_0)
FNF:1
FNH:1
FNDA:1,(anonymous_0)
DA:1,1
DA:3,1
DA:4,1
DA:5,1
DA:6,1
DA:7,1
LF:6
LH:6
BRF:0
BRH:0
end_of_record
TN:
SF:src\events\lesson\attendance-confirmed.event.ts
FN:2,(anonymous_0)
FNF:1
FNH:1
FNDA:1,(anonymous_0)
DA:1,1
DA:3,1
DA:4,1
DA:5,1
LF:4
LH:4
BRF:0
BRH:0
end_of_record
TN:
SF:src\events\lesson\lesson-completed.event.ts
FN:2,(anonymous_0)
FNF:1
FNH:1
FNDA:1,(anonymous_0)
DA:1,1
DA:3,1
DA:4,1
DA:5,1
DA:6,1
DA:7,1
DA:8,1
DA:9,1
DA:10,1
DA:11,1
DA:12,1
LF:11
LH:11
BRF:0
BRH:0
end_of_record
TN:
SF:src\events\lesson\lesson-feedback-created.event.ts
FN:2,(anonymous_0)
FNF:1
FNH:1
FNDA:1,(anonymous_0)
DA:1,1
DA:3,1
DA:4,1
DA:5,1
DA:6,1
DA:7,1
LF:6
LH:6
BRF:0
BRH:0
end_of_record
TN:
SF:src\events\lesson\lesson-finished.event.ts
FN:2,(anonymous_0)
FNF:1
FNH:1
FNDA:1,(anonymous_0)
DA:1,1
DA:3,1
DA:4,1
DA:5,1
DA:6,1
DA:7,1
DA:8,1
DA:9,1
DA:10,1
DA:11,1
DA:12,1
DA:13,1
DA:14,1
LF:13
LH:13
BRF:0
BRH:0
end_of_record
TN:
SF:src\events\student\student-deactivated.event.ts
FN:2,(anonymous_0)
FNF:1
FNH:1
FNDA:1,(anonymous_0)
DA:1,1
DA:3,1
DA:4,1
DA:5,1
DA:6,1
DA:7,1
DA:8,1
DA:9,1
DA:10,1
LF:9
LH:9
BRF:0
BRH:0
end_of_record
TN:
SF:src\kernel\application\application-service.ts
FN:12,(anonymous_0)
FN:17,(anonymous_1)
FNF:2
FNH:2
FNDA:2,(anonymous_0)
FNDA:2,(anonymous_1)
DA:8,1
DA:11,1
DA:12,2
DA:20,2
DA:21,2
DA:22,2
DA:23,1
DA:24,1
DA:26,1
DA:27,1
LF:10
LH:10
BRDA:27,0,0,1
BRDA:27,0,1,0
BRF:2
BRH:1
end_of_record
TN:
SF:src\kernel\application\index.ts
FN:2,(anonymous_0)
FN:5,(anonymous_1)
FN:8,(anonymous_2)
FN:10,(anonymous_3)
FNF:4
FNH:0
FNDA:0,(anonymous_0)
FNDA:0,(anonymous_1)
FNDA:0,(anonymous_2)
FNDA:0,(anonymous_3)
DA:2,0
DA:5,0
DA:8,0
DA:10,0
LF:4
LH:0
BRF:0
BRH:0
end_of_record
TN:
SF:src\kernel\application\transaction.ts
FN:33,(anonymous_0)
FNF:1
FNH:1
FNDA:1,(anonymous_0)
DA:33,1
DA:34,1
DA:35,1
DA:36,1
DA:37,1
LF:5
LH:5
BRDA:33,0,0,1
BRDA:33,0,1,1
BRF:2
BRH:2
end_of_record
TN:
SF:src\kernel\application\command\command.ts
FN:27,(anonymous_0)
FNF:1
FNH:1
FNDA:4,(anonymous_0)
DA:23,1
DA:28,4
DA:29,4
LF:3
LH:3
BRDA:28,0,0,4
BRDA:28,0,1,4
BRDA:29,1,0,4
BRDA:29,1,1,4
BRF:4
BRH:4
end_of_record
TN:
SF:src\kernel\application\command\index.ts
FN:2,(anonymous_0)
FNF:1
FNH:0
FNDA:0,(anonymous_0)
DA:2,0
LF:1
LH:0
BRF:0
BRH:0
end_of_record
TN:
SF:src\kernel\application\pipeline\index.ts
FN:2,(anonymous_0)
FNF:1
FNH:0
FNDA:0,(anonymous_0)
DA:2,0
LF:1
LH:0
BRF:0
BRH:0
end_of_record
TN:
SF:src\kernel\application\pipeline\pipeline.ts
FN:16,(anonymous_0)
FN:24,(anonymous_1)
FN:27,(anonymous_2)
FN:42,(anonymous_3)
FNF:4
FNH:4
FNDA:6,(anonymous_0)
FNDA:4,(anonymous_1)
FNDA:7,(anonymous_2)
FNDA:1,(anonymous_3)
DA:10,1
DA:11,5
DA:17,6
DA:18,6
DA:25,4
DA:27,4
DA:28,7
DA:29,4
DA:30,4
DA:32,3
DA:36,4
DA:43,1
LF:12
LH:12
BRDA:28,0,0,4
BRDA:28,0,1,3
BRF:2
BRH:2
end_of_record
TN:
SF:src\kernel\application\query\index.ts
FN:2,(anonymous_0)
FNF:1
FNH:0
FNDA:0,(anonymous_0)
DA:2,0
LF:1
LH:0
BRF:0
BRH:0
end_of_record
TN:
SF:src\kernel\application\query\query.ts
FN:27,(anonymous_0)
FNF:1
FNH:1
FNDA:3,(anonymous_0)
DA:23,1
DA:28,3
DA:29,3
LF:3
LH:3
BRDA:28,0,0,3
BRDA:28,0,1,3
BRDA:29,1,0,3
BRDA:29,1,1,3
BRF:4
BRH:4
end_of_record
TN:
SF:src\kernel\domain\aggregate-runtime.ts
FN:30,(anonymous_0)
FN:37,(anonymous_1)
FN:52,(anonymous_2)
FN:72,(anonymous_3)
FN:83,(anonymous_4)
FNF:5
FNH:0
FNDA:0,(anonymous_0)
FNDA:0,(anonymous_1)
FNDA:0,(anonymous_2)
FNDA:0,(anonymous_3)
FNDA:0,(anonymous_4)
DA:12,0
DA:27,0
DA:28,0
DA:31,0
DA:41,0
DA:57,0
DA:60,0
DA:63,0
DA:64,0
DA:65,0
DA:76,0
DA:77,0
DA:84,0
DA:85,0
DA:86,0
LF:15
LH:0
BRDA:31,0,0,0
BRDA:31,0,1,0
BRDA:64,1,0,0
BRDA:64,1,1,0
BRDA:64,2,0,0
BRDA:64,2,1,0
BRF:6
BRH:0
end_of_record
TN:
SF:src\kernel\domain\event-collection.ts
FN:16,(anonymous_0)
FN:23,(anonymous_1)
FN:30,(anonymous_2)
FN:37,(anonymous_3)
FN:44,(anonymous_4)
FN:51,(anonymous_5)
FNF:6
FNH:6
FNDA:9,(anonymous_0)
FNDA:3,(anonymous_1)
FNDA:4,(anonymous_2)
FNDA:3,(anonymous_3)
FNDA:1,(anonymous_4)
FNDA:1,(anonymous_5)
DA:10,1
DA:11,7
DA:17,9
DA:24,3
DA:31,4
DA:38,3
DA:45,1
DA:52,1
DA:53,1
DA:54,1
LF:10
LH:10
BRF:0
BRH:0
end_of_record
TN:
SF:src\kernel\domain\identity-generator.ts
FN:12,(anonymous_0)
FN:21,(anonymous_1)
FN:30,(anonymous_2)
FN:39,(anonymous_3)
FN:48,(anonymous_4)
FNF:5
FNH:5
FNDA:2,(anonymous_0)
FNDA:1,(anonymous_1)
FNDA:1,(anonymous_2)
FNDA:1,(anonymous_3)
FNDA:5,(anonymous_4)
DA:8,1
DA:13,2
DA:14,2
DA:15,2
DA:22,1
DA:23,1
DA:24,1
DA:31,1
DA:32,1
DA:33,1
DA:40,1
DA:41,1
DA:42,1
DA:49,5
DA:50,5
DA:51,5
LF:16
LH:16
BRF:0
BRH:0
end_of_record
TN:
SF:src\kernel\domain\index.ts
FN:1,(anonymous_0)
FN:3,(anonymous_1)
FN:4,(anonymous_2)
FN:4,(anonymous_3)
FN:5,(anonymous_4)
FN:5,(anonymous_5)
FN:6,(anonymous_6)
FNF:7
FNH:0
FNDA:0,(anonymous_0)
FNDA:0,(anonymous_1)
FNDA:0,(anonymous_2)
FNDA:0,(anonymous_3)
FNDA:0,(anonymous_4)
FNDA:0,(anonymous_5)
FNDA:0,(anonymous_6)
DA:1,0
DA:3,0
DA:4,0
DA:5,0
DA:6,0
LF:5
LH:0
BRF:0
BRH:0
end_of_record
TN:
SF:src\kernel\domain\invariant-validator.ts
FN:12,(anonymous_0)
FN:23,(anonymous_1)
FN:42,(anonymous_2)
FNF:3
FNH:3
FNDA:4,(anonymous_0)
FNDA:4,(anonymous_1)
FNDA:2,(anonymous_2)
DA:9,1
DA:11,1
DA:13,4
DA:14,4
DA:18,1
DA:24,4
DA:26,4
DA:27,4
DA:29,2
DA:30,2
DA:32,0
DA:36,4
DA:43,2
DA:45,2
DA:46,1
LF:15
LH:14
BRDA:29,0,0,2
BRDA:29,0,1,0
BRDA:45,1,0,1
BRDA:45,1,1,1
BRF:4
BRH:3
end_of_record
TN:
SF:src\kernel\domain\optimistic-lock.ts
FN:11,(anonymous_0)
FN:25,(anonymous_1)
FNF:2
FNH:2
FNDA:2,(anonymous_0)
FNDA:3,(anonymous_1)
DA:8,1
DA:10,1
DA:12,2
DA:20,1
DA:31,3
DA:32,2
LF:6
LH:6
BRDA:31,0,0,2
BRDA:31,0,1,1
BRF:2
BRH:2
end_of_record
TN:
SF:src\kernel\domain-event\commit-events.ts
FN:12,(anonymous_0)
FN:17,(anonymous_1)
FNF:2
FNH:2
FNDA:4,(anonymous_0)
FNDA:4,(anonymous_1)
DA:11,1
DA:12,4
DA:18,4
DA:19,1
DA:21,3
LF:5
LH:5
BRDA:18,0,0,1
BRDA:18,0,1,3
BRF:2
BRH:2
end_of_record
TN:
SF:src\kernel\domain-event\index.ts
FN:2,(anonymous_0)
FN:3,(anonymous_1)
FN:4,(anonymous_2)
FNF:3
FNH:0
FNDA:0,(anonymous_0)
FNDA:0,(anonymous_1)
FNDA:0,(anonymous_2)
DA:2,0
DA:3,0
DA:4,0
LF:3
LH:0
BRF:0
BRH:0
end_of_record
TN:
SF:src\kernel\domain-event\pending-events.ts
FN:17,(anonymous_0)
FN:27,(anonymous_1)
FN:34,(anonymous_2)
FN:41,(anonymous_3)
FN:48,(anonymous_4)
FN:56,(anonymous_5)
FN:66,(anonymous_6)
FNF:7
FNH:7
FNDA:13,(anonymous_0)
FNDA:2,(anonymous_1)
FNDA:7,(anonymous_2)
FNDA:6,(anonymous_3)
FNDA:6,(anonymous_4)
FNDA:1,(anonymous_5)
FNDA:5,(anonymous_6)
DA:10,2
DA:11,10
DA:12,10
DA:18,13
DA:19,1
DA:21,12
DA:28,2
DA:35,7
DA:42,6
DA:49,6
DA:50,6
DA:57,1
DA:58,1
DA:59,1
DA:60,1
DA:67,5
LF:16
LH:16
BRDA:18,0,0,1
BRDA:18,0,1,12
BRF:2
BRH:2
end_of_record
TN:
SF:src\kernel\domain-event\rollback-events.ts
FN:14,(anonymous_0)
FNF:1
FNH:1
FNDA:5,(anonymous_0)
DA:10,1
DA:15,5
LF:2
LH:2
BRF:0
BRH:0
end_of_record
TN:
SF:src\kernel\infrastructure\clock-adapter.ts
FN:11,(anonymous_0)
FN:13,(anonymous_1)
FNF:2
FNH:2
FNDA:1,(anonymous_0)
FNDA:1,(anonymous_1)
DA:10,1
DA:11,1
DA:14,1
LF:3
LH:3
BRF:0
BRH:0
end_of_record
TN:
SF:src\kernel\infrastructure\index.ts
FN:3,(anonymous_0)
FN:4,(anonymous_1)
FN:5,(anonymous_2)
FNF:3
FNH:0
FNDA:0,(anonymous_0)
FNDA:0,(anonymous_1)
FNDA:0,(anonymous_2)
DA:3,0
DA:4,0
DA:5,0
LF:3
LH:0
BRF:0
BRH:0
end_of_record
TN:
SF:src\kernel\infrastructure\repository-base.ts
FN:12,(anonymous_0)
FN:20,(anonymous_1)
FN:28,(anonymous_2)
FN:30,(anonymous_3)
FN:36,(anonymous_4)
FN:44,(anonymous_5)
FN:51,(anonymous_6)
FN:58,(anonymous_7)
FNF:8
FNH:8
FNDA:6,(anonymous_0)
FNDA:3,(anonymous_1)
FNDA:1,(anonymous_2)
FNDA:2,(anonymous_3)
FNDA:7,(anonymous_4)
FNDA:1,(anonymous_5)
FNDA:2,(anonymous_6)
FNDA:2,(anonymous_7)
DA:11,1
DA:13,6
DA:14,6
DA:21,3
DA:22,3
DA:29,1
DA:30,2
DA:37,7
DA:38,7
DA:45,1
DA:52,2
DA:59,2
LF:12
LH:12
BRDA:22,0,0,1
BRDA:22,0,1,2
BRF:2
BRH:2
end_of_record
TN:
SF:src\kernel\infrastructure\uuid-adapter.ts
FN:11,(anonymous_0)
FN:13,(anonymous_1)
FNF:2
FNH:2
FNDA:1,(anonymous_0)
FNDA:1,(anonymous_1)
DA:10,1
DA:11,1
DA:14,1
LF:3
LH:3
BRF:0
BRH:0
end_of_record
TN:
SF:src\kernel\policy\composite-policy.ts
FN:18,(anonymous_0)
FN:31,(anonymous_1)
FN:41,(anonymous_2)
FN:51,(anonymous_3)
FN:58,(anonymous_4)
FN:61,(anonymous_5)
FN:63,(anonymous_6)
FN:65,(anonymous_7)
FN:72,(anonymous_8)
FN:73,(anonymous_9)
FNF:10
FNH:10
FNDA:8,(anonymous_0)
FNDA:4,(anonymous_1)
FNDA:2,(anonymous_2)
FNDA:2,(anonymous_3)
FNDA:6,(anonymous_4)
FNDA:3,(anonymous_5)
FNDA:4,(anonymous_6)
FNDA:3,(anonymous_7)
FNDA:1,(anonymous_8)
FNDA:2,(anonymous_9)
DA:13,1
DA:23,8
DA:24,8
DA:25,8
DA:35,4
DA:45,2
DA:55,2
DA:59,6
DA:61,3
DA:63,4
DA:65,3
DA:73,2
LF:12
LH:12
BRDA:59,0,0,2
BRDA:59,0,1,2
BRDA:59,0,2,2
BRDA:76,1,0,0
BRDA:76,1,1,2
BRF:5
BRH:4
end_of_record
TN:
SF:src\kernel\policy\index.ts
FN:2,(anonymous_0)
FN:3,(anonymous_1)
FNF:2
FNH:0
FNDA:0,(anonymous_0)
FNDA:0,(anonymous_1)
DA:2,0
DA:3,0
LF:2
LH:0
BRF:0
BRH:0
end_of_record
TN:
SF:src\kernel\policy\policy-context.ts
FN:11,(anonymous_0)
FN:15,(anonymous_1)
FN:22,(anonymous_2)
FN:29,(anonymous_3)
FNF:4
FNH:4
FNDA:5,(anonymous_0)
FNDA:4,(anonymous_1)
FNDA:2,(anonymous_2)
FNDA:2,(anonymous_3)
DA:8,1
DA:12,5
DA:16,4
DA:23,2
DA:30,2
LF:5
LH:5
BRF:0
BRH:0
end_of_record
TN:
SF:src\kernel\specification\index.ts
FN:1,(anonymous_0)
FNF:1
FNH:0
FNDA:0,(anonymous_0)
DA:1,0
LF:1
LH:0
BRF:0
BRH:0
end_of_record
TN:
SF:src\kernel\specification\specification-runtime.ts
FN:37,(anonymous_0)
FN:44,(anonymous_1)
FN:51,(anonymous_2)
FN:59,(anonymous_3)
FN:76,(anonymous_4)
FN:81,(anonymous_5)
FN:90,(anonymous_6)
FN:94,(anonymous_7)
FN:102,(anonymous_8)
FN:103,(anonymous_9)
FN:109,(anonymous_10)
FN:110,(anonymous_11)
FN:116,(anonymous_12)
FN:117,(anonymous_13)
FN:123,(anonymous_14)
FN:124,(anonymous_15)
FN:130,(anonymous_16)
FN:132,(anonymous_17)
FNF:18
FNH:18
FNDA:2,(anonymous_0)
FNDA:2,(anonymous_1)
FNDA:3,(anonymous_2)
FNDA:14,(anonymous_3)
FNDA:1,(anonymous_4)
FNDA:5,(anonymous_5)
FNDA:2,(anonymous_6)
FNDA:6,(anonymous_7)
FNDA:3,(anonymous_8)
FNDA:5,(anonymous_9)
FNDA:2,(anonymous_10)
FNDA:6,(anonymous_11)
FNDA:2,(anonymous_12)
FNDA:9,(anonymous_13)
FNDA:2,(anonymous_14)
FNDA:5,(anonymous_15)
FNDA:1,(anonymous_16)
FNDA:2,(anonymous_17)
DA:31,1
DA:32,18
DA:38,2
DA:45,2
DA:52,3
DA:64,14
DA:65,14
DA:81,1
DA:82,5
DA:94,2
DA:95,6
DA:103,5
DA:110,6
DA:117,9
DA:124,5
DA:131,1
DA:132,2
DA:135,1
DA:136,1
LF:19
LH:19
BRDA:62,0,0,1
BRDA:68,1,0,8
BRDA:68,1,1,6
BRDA:79,2,0,0
BRF:4
BRH:3
end_of_record
TN:
SF:src\modules\identity\identity.module.ts
FN:22,(anonymous_1)
FNF:1
FNH:0
FNDA:0,(anonymous_1)
DA:1,0
DA:2,0
DA:3,0
DA:4,0
DA:5,0
DA:6,0
DA:7,0
DA:8,0
DA:9,0
DA:10,0
DA:11,0
DA:12,0
DA:13,0
DA:14,0
DA:15,0
DA:23,0
DA:24,0
DA:35,0
LF:18
LH:0
BRF:0
BRH:0
end_of_record
TN:
SF:src\modules\identity\user.repository.ts
FN:8,(anonymous_4)
FN:13,(anonymous_5)
FN:17,(anonymous_6)
FN:21,(anonymous_7)
FN:25,(anonymous_8)
FN:34,(anonymous_9)
FN:38,(anonymous_10)
FN:47,(anonymous_11)
FN:51,(anonymous_12)
FNF:9
FNH:0
FNDA:0,(anonymous_4)
FNDA:0,(anonymous_5)
FNDA:0,(anonymous_6)
FNDA:0,(anonymous_7)
FNDA:0,(anonymous_8)
FNDA:0,(anonymous_9)
FNDA:0,(anonymous_10)
FNDA:0,(anonymous_11)
FNDA:0,(anonymous_12)
DA:1,2
DA:2,2
DA:3,2
DA:4,2
DA:7,2
DA:10,0
DA:14,0
DA:18,0
DA:22,0
DA:26,0
DA:35,0
DA:39,0
DA:48,0
DA:52,0
LF:14
LH:5
BRDA:10,0,0,2
BRDA:10,0,1,0
BRDA:10,1,0,2
BRDA:10,1,1,2
BRF:4
BRH:3
end_of_record
TN:
SF:src\modules\identity\auth\auth.controller.ts
FN:20,(anonymous_4)
FN:25,(anonymous_5)
FN:40,(anonymous_6)
FN:50,(anonymous_7)
FN:59,(anonymous_8)
FNF:5
FNH:5
FNDA:4,(anonymous_4)
FNDA:1,(anonymous_5)
FNDA:1,(anonymous_6)
FNDA:1,(anonymous_7)
FNDA:1,(anonymous_8)
DA:1,1
DA:11,1
DA:12,1
DA:13,1
DA:14,1
DA:15,1
DA:16,1
DA:19,1
DA:20,4
DA:25,1
DA:26,1
DA:27,1
DA:28,1
DA:34,1
DA:40,1
DA:41,1
DA:42,1
DA:43,1
DA:44,1
DA:50,1
DA:51,1
DA:52,1
DA:53,1
DA:54,1
DA:59,1
DA:60,1
DA:61,1
LF:27
LH:27
BRDA:27,0,0,1
BRDA:27,0,1,1
BRDA:25,1,0,1
BRDA:25,1,1,0
BRDA:25,2,0,1
BRDA:25,2,1,1
BRDA:40,3,0,1
BRDA:40,3,1,0
BRDA:40,4,0,1
BRDA:40,4,1,1
BRDA:20,5,0,1
BRDA:20,5,1,0
BRDA:20,6,0,1
BRDA:20,6,1,1
BRF:14
BRH:11
end_of_record
TN:
SF:src\modules\identity\auth\auth.service.ts
FN:21,(anonymous_13)
FN:28,(anonymous_14)
FN:47,(anonymous_15)
FN:82,(anonymous_16)
FN:122,(anonymous_17)
FN:134,(anonymous_18)
FN:145,(anonymous_19)
FNF:7
FNH:7
FNDA:17,(anonymous_13)
FNDA:11,(anonymous_14)
FNDA:4,(anonymous_15)
FNDA:6,(anonymous_16)
FNDA:3,(anonymous_17)
FNDA:3,(anonymous_18)
FNDA:7,(anonymous_19)
DA:1,2
DA:5,2
DA:6,2
DA:7,2
DA:8,2
DA:9,2
DA:11,2
DA:12,2
DA:13,2
DA:14,2
DA:17,2
DA:18,17
DA:19,17
DA:22,17
DA:24,17
DA:25,17
DA:29,11
DA:31,11
DA:32,3
DA:35,8
DA:36,2
DA:39,6
DA:40,6
DA:41,2
DA:44,4
DA:53,4
DA:55,3
DA:62,3
DA:66,3
DA:67,3
DA:68,3
DA:70,3
DA:76,3
DA:78,3
DA:79,3
DA:87,6
DA:89,6
DA:90,2
DA:93,4
DA:94,2
DA:97,2
DA:104,2
DA:108,2
DA:109,2
DA:110,2
DA:112,2
DA:117,2
DA:119,2
DA:123,3
DA:125,3
DA:126,2
DA:130,2
DA:135,3
DA:137,3
DA:138,2
DA:141,1
DA:142,1
DA:154,7
DA:155,7
DA:164,7
DA:166,0
LF:61
LH:60
BRDA:31,0,0,3
BRDA:31,0,1,8
BRDA:35,1,0,2
BRDA:35,1,1,6
BRDA:40,2,0,2
BRDA:40,2,1,4
BRDA:89,3,0,2
BRDA:89,3,1,4
BRDA:93,4,0,2
BRDA:93,4,1,2
BRDA:93,5,0,4
BRDA:93,5,1,2
BRDA:125,6,0,2
BRDA:125,6,1,1
BRDA:137,7,0,2
BRDA:137,7,1,1
BRDA:161,8,0,7
BRDA:161,8,1,2
BRDA:162,9,0,7
BRDA:162,9,1,2
BRDA:22,10,0,2
BRDA:22,10,1,0
BRDA:22,11,0,2
BRDA:22,11,1,2
BRDA:22,12,0,2
BRDA:22,12,1,0
BRDA:22,13,0,2
BRDA:22,13,1,2
BRDA:24,14,0,2
BRDA:24,14,1,0
BRDA:24,15,0,2
BRDA:24,15,1,2
BRF:32
BRH:29
end_of_record
TN:
SF:src\modules\identity\auth\jwt-auth.guard.ts
FN:7,(anonymous_2)
FN:11,(anonymous_3)
FN:24,(anonymous_4)
FNF:3
FNH:1
FNDA:15,(anonymous_2)
FNDA:0,(anonymous_3)
FNDA:0,(anonymous_4)
DA:1,4
DA:2,4
DA:3,4
DA:6,4
DA:7,15
DA:8,15
DA:12,0
DA:17,0
DA:18,0
DA:21,0
DA:25,0
DA:26,0
DA:28,0
LF:13
LH:6
BRDA:17,0,0,0
BRDA:17,0,1,0
BRDA:25,1,0,0
BRDA:25,1,1,0
BRDA:25,2,0,0
BRDA:25,2,1,0
BRDA:26,3,0,0
BRDA:26,3,1,0
BRDA:7,4,0,4
BRDA:7,4,1,0
BRDA:7,5,0,4
BRDA:7,5,1,4
BRF:12
BRH:3
end_of_record
TN:
SF:src\modules\identity\auth\jwt.strategy.ts
FN:8,(anonymous_2)
FN:17,(anonymous_3)
FNF:2
FNH:0
FNDA:0,(anonymous_2)
FNDA:0,(anonymous_3)
DA:1,0
DA:2,0
DA:3,0
DA:4,0
DA:7,0
DA:9,0
DA:10,0
DA:18,0
LF:8
LH:0
BRF:0
BRH:0
end_of_record
TN:
SF:src\modules\identity\dto\login.dto.ts
FNF:0
FNH:0
DA:1,2
DA:3,2
DA:6,2
DA:10,2
DA:14,2
LF:5
LH:5
BRF:0
BRH:0
end_of_record
TN:
SF:src\modules\identity\dto\refresh.dto.ts
FNF:0
FNH:0
DA:1,2
DA:3,2
DA:6,2
LF:3
LH:3
BRF:0
BRH:0
end_of_record
TN:
SF:src\modules\identity\entities\login-log.entity.ts
FNF:0
FNH:0
DA:1,3
DA:9,3
DA:11,3
DA:14,3
DA:17,3
DA:20,3
DA:23,3
DA:26,3
DA:29,3
DA:32,3
DA:35,3
DA:38,3
LF:12
LH:12
BRDA:38,0,0,3
BRDA:38,0,1,0
BRDA:38,1,0,3
BRDA:38,1,1,3
BRF:4
BRH:3
end_of_record
TN:
SF:src\modules\identity\entities\permission.entity.ts
FNF:0
FNH:0
DA:1,1
DA:11,1
DA:13,1
DA:16,1
DA:19,1
DA:22,1
DA:25,1
DA:28,1
DA:31,1
DA:34,1
DA:37,1
DA:40,1
DA:43,1
DA:46,1
LF:14
LH:14
BRDA:37,0,0,1
BRDA:37,0,1,0
BRDA:37,1,0,1
BRDA:37,1,1,1
BRDA:40,2,0,1
BRDA:40,2,1,0
BRDA:40,3,0,1
BRDA:40,3,1,1
BRF:8
BRH:6
end_of_record
TN:
SF:src\modules\identity\entities\role-permission.entity.ts
FN:26,(anonymous_2)
FN:30,(anonymous_3)
FNF:2
FNH:0
FNDA:0,(anonymous_2)
FNDA:0,(anonymous_3)
DA:1,1
DA:9,1
DA:10,1
DA:13,1
DA:15,1
DA:18,1
DA:21,1
DA:24,1
DA:26,0
DA:28,1
DA:30,0
DA:32,1
LF:12
LH:10
BRDA:24,0,0,1
BRDA:24,0,1,0
BRDA:24,1,0,1
BRDA:24,1,1,1
BRDA:28,2,0,1
BRDA:28,2,1,0
BRDA:28,3,0,1
BRDA:28,3,1,1
BRDA:32,4,0,1
BRDA:32,4,1,0
BRDA:32,5,0,1
BRDA:32,5,1,1
BRF:12
BRH:9
end_of_record
TN:
SF:src\modules\identity\entities\role.entity.ts
FN:38,(anonymous_2)
FN:38,(anonymous_3)
FNF:2
FNH:0
FNDA:0,(anonymous_2)
FNDA:0,(anonymous_3)
DA:1,1
DA:10,1
DA:13,1
DA:15,1
DA:18,1
DA:21,1
DA:24,1
DA:27,1
DA:30,1
DA:33,1
DA:36,1
DA:38,0
DA:39,1
LF:13
LH:12
BRDA:27,0,0,1
BRDA:27,0,1,0
BRDA:27,1,0,1
BRDA:27,1,1,1
BRDA:30,2,0,1
BRDA:30,2,1,0
BRDA:30,3,0,1
BRDA:30,3,1,1
BRF:8
BRH:6
end_of_record
TN:
SF:src\modules\identity\entities\user-role.entity.ts
FN:26,(anonymous_2)
FN:30,(anonymous_3)
FNF:2
FNH:0
FNDA:0,(anonymous_2)
FNDA:0,(anonymous_3)
DA:1,1
DA:9,1
DA:10,1
DA:13,1
DA:15,1
DA:18,1
DA:21,1
DA:24,1
DA:26,0
DA:28,1
DA:30,0
DA:32,1
LF:12
LH:10
BRDA:24,0,0,1
BRDA:24,0,1,0
BRDA:24,1,0,1
BRDA:24,1,1,1
BRDA:28,2,0,1
BRDA:28,2,1,0
BRDA:28,3,0,1
BRDA:28,3,1,1
BRDA:32,4,0,1
BRDA:32,4,1,0
BRDA:32,5,0,1
BRDA:32,5,1,1
BRF:12
BRH:9
end_of_record
TN:
SF:src\modules\identity\entities\user.entity.ts
FN:10,(anonymous_2)
FN:16,(anonymous_3)
FNF:2
FNH:2
FNDA:6,(anonymous_2)
FNDA:6,(anonymous_3)
DA:1,6
DA:10,6
DA:11,6
DA:12,6
DA:13,6
DA:16,6
DA:17,6
DA:18,6
DA:19,6
DA:20,6
DA:24,6
DA:26,6
DA:29,6
DA:32,6
DA:35,6
DA:38,6
DA:41,6
DA:44,6
DA:47,6
DA:50,6
DA:53,6
DA:56,6
DA:59,6
DA:62,6
DA:65,6
DA:68,6
DA:71,6
DA:74,6
DA:77,6
LF:29
LH:29
BRDA:10,0,0,6
BRDA:10,0,1,6
BRDA:16,1,0,6
BRDA:16,1,1,6
BRDA:59,2,0,6
BRDA:59,2,1,0
BRDA:59,3,0,6
BRDA:59,3,1,6
BRDA:65,4,0,6
BRDA:65,4,1,0
BRDA:65,5,0,6
BRDA:65,5,1,6
BRDA:68,6,0,6
BRDA:68,6,1,0
BRDA:68,7,0,6
BRDA:68,7,1,6
BRDA:71,8,0,6
BRDA:71,8,1,0
BRDA:71,9,0,6
BRDA:71,9,1,6
BRF:20
BRH:16
end_of_record
TN:
SF:src\modules\student\student.controller.ts
FN:33,(anonymous_4)
FN:37,(anonymous_5)
FN:45,(anonymous_6)
FN:52,(anonymous_7)
FN:59,(anonymous_8)
FN:71,(anonymous_9)
FN:83,(anonymous_10)
FN:93,(anonymous_11)
FN:105,(anonymous_12)
FN:115,(anonymous_13)
FN:122,(anonymous_14)
FN:133,(anonymous_15)
FNF:12
FNH:12
FNDA:1,(anonymous_4)
FNDA:1,(anonymous_5)
FNDA:1,(anonymous_6)
FNDA:1,(anonymous_7)
FNDA:1,(anonymous_8)
FNDA:1,(anonymous_9)
FNDA:1,(anonymous_10)
FNDA:1,(anonymous_11)
FNDA:1,(anonymous_12)
FNDA:1,(anonymous_13)
FNDA:1,(anonymous_14)
FNDA:1,(anonymous_15)
DA:1,1
DA:19,1
DA:20,1
DA:21,1
DA:22,1
DA:23,1
DA:24,1
DA:25,1
DA:26,1
DA:27,1
DA:28,1
DA:32,1
DA:33,1
DA:37,1
DA:38,1
DA:39,1
DA:40,1
DA:45,1
DA:46,1
DA:47,1
DA:52,1
DA:53,1
DA:54,1
DA:59,1
DA:64,1
DA:65,1
DA:66,1
DA:71,1
DA:76,1
DA:77,1
DA:78,1
DA:83,1
DA:84,1
DA:85,1
DA:86,1
DA:93,1
DA:99,1
DA:100,1
DA:105,1
DA:109,1
DA:110,1
DA:115,1
DA:116,1
DA:117,1
DA:122,1
DA:123,1
DA:124,1
DA:133,1
DA:137,1
DA:138,0
DA:141,1
DA:142,1
DA:147,1
LF:53
LH:52
BRDA:137,0,0,0
BRDA:137,0,1,1
BRDA:37,1,0,1
BRDA:37,1,1,0
BRDA:37,2,0,1
BRDA:37,2,1,1
BRDA:45,3,0,1
BRDA:45,3,1,0
BRDA:45,4,0,1
BRDA:45,4,1,1
BRDA:61,5,0,1
BRDA:61,5,1,0
BRDA:61,6,0,1
BRDA:61,6,1,1
BRDA:73,7,0,1
BRDA:73,7,1,0
BRDA:73,8,0,1
BRDA:73,8,1,1
BRDA:33,9,0,1
BRDA:33,9,1,0
BRDA:33,10,0,1
BRDA:33,10,1,1
BRF:22
BRH:16
end_of_record
TN:
SF:src\modules\student\student.module.ts
FNF:0
FNH:0
DA:1,0
DA:2,0
DA:3,0
DA:4,0
DA:5,0
DA:6,0
DA:7,0
DA:8,0
DA:9,0
DA:10,0
DA:11,0
DA:12,0
DA:32,0
LF:13
LH:0
BRF:0
BRH:0
end_of_record
TN:
SF:src\modules\student\student.repository.ts
FN:8,(anonymous_4)
FN:13,(anonymous_5)
FN:17,(anonymous_6)
FN:21,(anonymous_7)
FN:25,(anonymous_8)
FN:29,(anonymous_9)
FN:33,(anonymous_10)
FN:67,(anonymous_11)
FNF:8
FNH:0
FNDA:0,(anonymous_4)
FNDA:0,(anonymous_5)
FNDA:0,(anonymous_6)
FNDA:0,(anonymous_7)
FNDA:0,(anonymous_8)
FNDA:0,(anonymous_9)
FNDA:0,(anonymous_10)
FNDA:0,(anonymous_11)
DA:1,2
DA:2,2
DA:3,2
DA:4,2
DA:7,2
DA:10,0
DA:14,0
DA:18,0
DA:22,0
DA:26,0
DA:30,0
DA:40,0
DA:44,0
DA:45,0
DA:47,0
DA:48,0
DA:52,0
DA:53,0
DA:56,0
DA:58,0
DA:59,0
DA:64,0
DA:68,0
LF:23
LH:5
BRDA:44,0,0,0
BRDA:44,0,1,0
BRDA:47,1,0,0
BRDA:47,1,1,0
BRDA:52,2,0,0
BRDA:52,2,1,0
BRDA:10,3,0,2
BRDA:10,3,1,0
BRDA:10,4,0,2
BRDA:10,4,1,2
BRF:10
BRH:3
end_of_record
TN:
SF:src\modules\student\dto\create-student.dto.ts
FNF:0
FNH:0
DA:1,3
DA:2,3
DA:5,3
DA:10,3
DA:14,3
DA:18,3
DA:23,3
DA:28,3
DA:33,3
DA:38,3
DA:42,3
DA:46,3
DA:51,3
LF:13
LH:13
BRDA:14,0,0,0
BRDA:14,0,1,3
BRDA:14,1,0,3
BRDA:14,1,1,3
BRF:4
BRH:3
end_of_record
TN:
SF:src\modules\student\dto\link-parent.dto.ts
FNF:0
FNH:0
DA:1,1
DA:3,1
DA:6,1
DA:10,1
LF:4
LH:4
BRF:0
BRH:0
end_of_record
TN:
SF:src\modules\student\dto\query-student.dto.ts
FNF:0
FNH:0
DA:1,2
DA:2,2
DA:3,2
DA:5,2
DA:8,2
DA:12,2
DA:16,2
DA:20,2
DA:24,2
DA:28,2
DA:32,2
DA:36,2
DA:39,2
DA:42,2
LF:14
LH:14
BRDA:16,0,0,0
BRDA:16,0,1,2
BRDA:16,1,0,2
BRDA:16,1,1,2
BRDA:20,2,0,0
BRDA:20,2,1,2
BRDA:20,3,0,2
BRDA:20,3,1,2
BRF:8
BRH:6
end_of_record
TN:
SF:src\modules\student\dto\update-student-status.dto.ts
FNF:0
FNH:0
DA:1,2
DA:2,2
DA:4,2
DA:7,2
LF:4
LH:4
BRDA:7,0,0,0
BRDA:7,0,1,2
BRDA:7,1,0,2
BRDA:7,1,1,2
BRF:4
BRH:3
end_of_record
TN:
SF:src\modules\student\dto\update-student.dto.ts
FNF:0
FNH:0
DA:1,2
DA:2,2
DA:4,2
DA:8,2
DA:12,2
DA:16,2
DA:21,2
DA:26,2
DA:31,2
DA:36,2
DA:40,2
DA:44,2
LF:12
LH:12
BRDA:12,0,0,0
BRDA:12,0,1,2
BRDA:12,1,0,2
BRDA:12,1,1,2
BRF:4
BRH:3
end_of_record
TN:
SF:src\modules\student\entities\import-history.entity.ts
FNF:0
FNH:0
DA:1,1
DA:7,1
DA:15,1
DA:17,1
DA:20,1
DA:23,1
DA:26,1
DA:29,1
DA:32,1
DA:35,1
DA:38,1
DA:41,1
DA:44,1
LF:13
LH:13
BRDA:41,0,0,0
BRDA:41,0,1,1
BRDA:41,1,0,1
BRDA:41,1,1,1
BRDA:44,2,0,1
BRDA:44,2,1,0
BRDA:44,3,0,1
BRDA:44,3,1,1
BRF:8
BRH:6
end_of_record
TN:
SF:src\modules\student\entities\student-audit-log.entity.ts
FNF:0
FNH:0
DA:1,3
DA:8,3
DA:9,3
DA:12,3
DA:14,3
DA:18,3
DA:21,3
DA:24,3
DA:27,3
DA:30,3
DA:33,3
DA:36,3
DA:39,3
DA:42,3
LF:14
LH:14
BRDA:21,0,0,0
BRDA:21,0,1,3
BRDA:21,1,0,3
BRDA:21,1,1,3
BRDA:36,2,0,0
BRDA:36,2,1,3
BRDA:36,3,0,3
BRDA:36,3,1,3
BRDA:42,4,0,3
BRDA:42,4,1,0
BRDA:42,5,0,3
BRDA:42,5,1,3
BRF:12
BRH:9
end_of_record
TN:
SF:src\modules\student\entities\student-parent.entity.ts
FN:21,(anonymous_2)
FN:28,(anonymous_3)
FNF:2
FNH:0
FNDA:0,(anonymous_2)
FNDA:0,(anonymous_3)
DA:1,3
DA:9,3
DA:10,3
DA:14,3
DA:16,3
DA:19,3
DA:21,0
DA:23,3
DA:26,3
DA:28,0
DA:30,3
DA:33,3
DA:36,3
DA:39,3
LF:14
LH:12
BRDA:23,0,0,3
BRDA:23,0,1,0
BRDA:23,1,0,3
BRDA:23,1,1,3
BRDA:30,2,0,3
BRDA:30,2,1,0
BRDA:30,3,0,3
BRDA:30,3,1,3
BRDA:39,4,0,3
BRDA:39,4,1,0
BRDA:39,5,0,3
BRDA:39,5,1,3
BRF:12
BRH:9
end_of_record
TN:
SF:src\modules\student\entities\student.entity.ts
FNF:0
FNH:0
DA:1,4
DA:9,4
DA:10,4
DA:11,4
DA:14,4
DA:16,4
DA:19,4
DA:22,4
DA:25,4
DA:28,4
DA:31,4
DA:34,4
DA:37,4
DA:40,4
DA:43,4
DA:46,4
DA:49,4
DA:52,4
DA:56,4
DA:59,4
DA:62,4
DA:65,4
DA:68,4
DA:71,4
DA:74,4
LF:25
LH:25
BRDA:25,0,0,0
BRDA:25,0,1,4
BRDA:25,1,0,4
BRDA:25,1,1,4
BRDA:46,2,0,0
BRDA:46,2,1,4
BRDA:46,3,0,4
BRDA:46,3,1,4
BRDA:59,4,0,0
BRDA:59,4,1,4
BRDA:59,5,0,4
BRDA:59,5,1,4
BRDA:62,6,0,4
BRDA:62,6,1,0
BRDA:62,7,0,4
BRDA:62,7,1,4
BRDA:68,8,0,4
BRDA:68,8,1,0
BRDA:68,9,0,4
BRDA:68,9,1,4
BRF:20
BRH:15
end_of_record
TN:
SF:src\modules\student\enums\gender.enum.ts
FN:1,(anonymous_0)
FNF:1
FNH:1
FNDA:5,(anonymous_0)
DA:1,5
DA:2,5
DA:3,5
LF:3
LH:3
BRDA:1,0,0,5
BRDA:1,0,1,5
BRF:2
BRH:2
end_of_record
TN:
SF:src\modules\student\enums\parent-relation.enum.ts
FN:1,(anonymous_0)
FNF:1
FNH:0
FNDA:0,(anonymous_0)
DA:1,0
DA:2,0
DA:3,0
DA:4,0
DA:5,0
DA:6,0
DA:7,0
LF:7
LH:0
BRDA:1,0,0,0
BRDA:1,0,1,0
BRF:2
BRH:0
end_of_record
TN:
SF:src\modules\student\enums\student-status.enum.ts
FN:1,(anonymous_0)
FNF:1
FNH:1
FNDA:5,(anonymous_0)
DA:1,5
DA:2,5
DA:3,5
DA:4,5
DA:5,5
DA:8,5
LF:6
LH:6
BRDA:1,0,0,5
BRDA:1,0,1,5
BRF:2
BRH:2
end_of_record
TN:
SF:src\modules\student\services\student-code-generator.service.ts
FN:8,(anonymous_4)
FN:13,(anonymous_5)
FNF:2
FNH:2
FNDA:6,(anonymous_4)
FNDA:5,(anonymous_5)
DA:1,3
DA:2,3
DA:3,3
DA:4,3
DA:7,3
DA:10,6
DA:14,5
DA:15,5
DA:16,5
DA:17,5
DA:20,5
DA:26,5
DA:27,5
DA:28,3
DA:29,3
DA:32,5
LF:16
LH:16
BRDA:27,0,0,3
BRDA:27,0,1,2
BRDA:10,1,0,3
BRDA:10,1,1,0
BRDA:10,2,0,3
BRDA:10,2,1,3
BRF:6
BRH:5
end_of_record
TN:
SF:src\modules\student\services\student.service.ts
FN:21,(anonymous_4)
FN:31,(anonymous_5)
FN:77,(anonymous_6)
FN:110,(anonymous_7)
FN:114,(anonymous_8)
FN:131,(anonymous_9)
FN:139,(anonymous_10)
FN:182,(anonymous_11)
FN:213,(anonymous_12)
FN:230,(anonymous_13)
FN:248,(anonymous_14)
FN:258,(anonymous_15)
FN:266,(anonymous_16)
FN:275,(anonymous_17)
FN:279,(anonymous_18)
FN:280,(anonymous_19)
FN:281,(anonymous_20)
FN:295,(anonymous_21)
FN:312,(anonymous_22)
FNF:19
FNH:7
FNDA:8,(anonymous_4)
FNDA:1,(anonymous_5)
FNDA:1,(anonymous_6)
FNDA:0,(anonymous_7)
FNDA:0,(anonymous_8)
FNDA:7,(anonymous_9)
FNDA:1,(anonymous_10)
FNDA:3,(anonymous_11)
FNDA:1,(anonymous_12)
FNDA:0,(anonymous_13)
FNDA:0,(anonymous_14)
FNDA:0,(anonymous_15)
FNDA:0,(anonymous_16)
FNDA:0,(anonymous_17)
FNDA:0,(anonymous_18)
FNDA:0,(anonymous_19)
FNDA:0,(anonymous_20)
FNDA:0,(anonymous_21)
FNDA:0,(anonymous_22)
DA:1,2
DA:2,2
DA:3,2
DA:4,2
DA:5,2
DA:6,2
DA:7,2
DA:8,2
DA:9,2
DA:13,2
DA:14,2
DA:15,2
DA:16,2
DA:17,2
DA:20,2
DA:22,8
DA:24,8
DA:26,8
DA:27,8
DA:28,8
DA:32,1
DA:34,1
DA:35,1
DA:36,1
DA:37,1
DA:38,1
DA:39,1
DA:40,1
DA:41,1
DA:42,1
DA:43,1
DA:44,1
DA:45,1
DA:46,1
DA:47,1
DA:48,1
DA:49,1
DA:51,1
DA:54,1
DA:55,0
DA:56,0
DA:57,0
DA:58,0
DA:59,0
DA:60,0
DA:61,0
DA:66,1
DA:67,1
DA:68,1
DA:69,1
DA:70,1
DA:71,1
DA:72,1
DA:74,1
DA:78,1
DA:79,1
DA:80,1
DA:82,1
DA:84,1
DA:85,0
DA:87,1
DA:88,0
DA:90,1
DA:91,0
DA:93,1
DA:94,0
DA:96,1
DA:97,0
DA:99,1
DA:100,0
DA:102,1
DA:103,0
DA:107,1
DA:109,1
DA:111,0
DA:112,0
DA:113,0
DA:115,0
DA:128,1
DA:132,7
DA:133,7
DA:134,1
DA:136,6
DA:140,1
DA:141,1
DA:143,1
DA:148,1
DA:149,9
DA:150,1
DA:151,1
DA:152,1
DA:153,1
DA:154,1
DA:159,1
DA:160,0
DA:163,1
DA:164,1
DA:167,1
DA:168,1
DA:169,1
DA:170,1
DA:171,1
DA:172,1
DA:173,1
DA:174,1
DA:175,1
DA:176,1
DA:179,1
DA:183,3
DA:184,3
DA:185,3
DA:187,3
DA:188,0
DA:191,3
DA:192,2
DA:195,1
DA:196,1
DA:197,1
DA:199,1
DA:200,1
DA:201,1
DA:202,1
DA:203,1
DA:204,1
DA:205,1
DA:206,1
DA:207,1
DA:208,1
DA:210,1
DA:214,1
DA:215,1
DA:216,1
DA:217,1
DA:219,1
DA:220,1
DA:221,1
DA:222,1
DA:223,1
DA:224,1
DA:225,1
DA:231,0
DA:233,0
DA:236,0
DA:237,0
DA:240,0
DA:241,0
DA:242,0
DA:243,0
DA:244,0
DA:245,0
DA:249,0
DA:252,0
DA:253,0
DA:255,0
DA:259,0
DA:260,0
DA:267,0
DA:276,0
DA:278,0
DA:279,0
DA:280,0
DA:281,0
DA:290,0
DA:292,0
DA:293,0
DA:294,0
DA:295,0
DA:297,0
DA:298,0
DA:299,0
DA:300,0
DA:301,0
DA:302,0
DA:303,0
DA:304,0
DA:305,0
DA:306,0
DA:308,0
DA:310,0
DA:311,0
DA:312,0
DA:313,0
DA:314,0
DA:315,0
DA:320,0
LF:185
LH:120
BRDA:31,0,0,1
BRDA:39,1,0,1
BRDA:39,1,1,1
BRDA:40,2,0,1
BRDA:40,2,1,1
BRDA:41,3,0,1
BRDA:41,3,1,1
BRDA:42,4,0,1
BRDA:42,4,1,1
BRDA:43,5,0,1
BRDA:43,5,1,1
BRDA:44,6,0,1
BRDA:44,6,1,1
BRDA:54,7,0,0
BRDA:54,7,1,1
BRDA:54,8,0,1
BRDA:54,8,1,0
BRDA:78,9,0,1
BRDA:78,9,1,0
BRDA:79,10,0,1
BRDA:79,10,1,0
BRDA:84,11,0,0
BRDA:84,11,1,1
BRDA:87,12,0,0
BRDA:87,12,1,1
BRDA:90,13,0,0
BRDA:90,13,1,1
BRDA:93,14,0,0
BRDA:93,14,1,1
BRDA:96,15,0,0
BRDA:96,15,1,1
BRDA:99,16,0,0
BRDA:99,16,1,1
BRDA:102,17,0,0
BRDA:102,17,1,1
BRDA:112,18,0,0
BRDA:112,18,1,0
BRDA:133,19,0,1
BRDA:133,19,1,6
BRDA:149,20,0,1
BRDA:149,20,1,8
BRDA:150,21,0,1
BRDA:150,21,1,0
BRDA:151,22,0,1
BRDA:151,22,1,0
BRDA:152,23,0,1
BRDA:152,23,1,0
BRDA:159,24,0,0
BRDA:159,24,1,1
BRDA:187,25,0,0
BRDA:187,25,1,3
BRDA:191,26,0,2
BRDA:191,26,1,1
BRDA:236,27,0,0
BRDA:236,27,1,0
BRDA:243,28,0,0
BRDA:243,28,1,0
BRDA:244,29,0,0
BRDA:244,29,1,0
BRDA:252,30,0,0
BRDA:252,30,1,0
BRDA:279,31,0,0
BRDA:279,31,1,0
BRDA:280,32,0,0
BRDA:280,32,1,0
BRDA:281,33,0,0
BRDA:281,33,1,0
BRDA:294,34,0,0
BRDA:294,34,1,0
BRDA:294,35,0,0
BRDA:294,35,1,0
BRDA:295,36,0,0
BRDA:295,36,1,0
BRDA:301,37,0,0
BRDA:301,37,1,0
BRDA:302,38,0,0
BRDA:302,38,1,0
BRDA:303,39,0,0
BRDA:303,39,1,0
BRDA:304,40,0,0
BRDA:304,40,1,0
BRDA:305,41,0,0
BRDA:305,41,1,0
BRDA:306,42,0,0
BRDA:306,42,1,0
BRDA:312,43,0,0
BRDA:312,43,1,0
BRDA:313,44,0,0
BRDA:313,44,1,0
BRDA:22,45,0,2
BRDA:22,45,1,0
BRDA:22,46,0,2
BRDA:22,46,1,2
BRDA:22,47,0,2
BRDA:22,47,1,0
BRDA:22,48,0,2
BRDA:22,48,1,2
BRDA:24,49,0,2
BRDA:24,49,1,0
BRDA:24,50,0,2
BRDA:24,50,1,2
BRDA:26,51,0,2
BRDA:26,51,1,0
BRDA:26,52,0,2
BRDA:26,52,1,2
BRDA:27,53,0,2
BRDA:27,53,1,0
BRDA:27,54,0,2
BRDA:27,54,1,2
BRF:109
BRH:50
end_of_record
TN:
SF:src\modules\teaching\teaching.module.ts
FNF:0
FNH:0
DA:1,0
DA:2,0
DA:3,0
DA:4,0
DA:5,0
DA:6,0
DA:7,0
DA:8,0
DA:9,0
DA:33,0
LF:10
LH:0
BRF:0
BRH:0
end_of_record
TN:
SF:src\modules\teaching\class\class-code-generator.service.ts
FN:8,(anonymous_4)
FN:13,(anonymous_5)
FNF:2
FNH:2
FNDA:8,(anonymous_4)
FNDA:7,(anonymous_5)
DA:1,3
DA:2,3
DA:3,3
DA:4,3
DA:7,3
DA:10,8
DA:14,7
DA:15,7
DA:16,7
DA:17,7
DA:19,7
DA:26,7
DA:27,7
DA:28,2
DA:29,2
DA:32,7
LF:16
LH:16
BRDA:27,0,0,2
BRDA:27,0,1,5
BRDA:10,1,0,3
BRDA:10,1,1,0
BRDA:10,2,0,3
BRDA:10,2,1,3
BRF:6
BRH:5
end_of_record
TN:
SF:src\modules\teaching\class\class.controller.ts
FN:38,(anonymous_4)
FN:46,(anonymous_5)
FN:55,(anonymous_6)
FN:63,(anonymous_7)
FN:71,(anonymous_8)
FN:85,(anonymous_9)
FN:104,(anonymous_10)
FN:115,(anonymous_11)
FN:135,(anonymous_12)
FN:148,(anonymous_13)
FNF:10
FNH:10
FNDA:9,(anonymous_4)
FNDA:1,(anonymous_5)
FNDA:1,(anonymous_6)
FNDA:1,(anonymous_7)
FNDA:1,(anonymous_8)
FNDA:1,(anonymous_9)
FNDA:1,(anonymous_10)
FNDA:1,(anonymous_11)
FNDA:1,(anonymous_12)
FNDA:1,(anonymous_13)
DA:1,1
DA:16,1
DA:22,1
DA:23,1
DA:24,1
DA:25,1
DA:26,1
DA:27,1
DA:28,1
DA:29,1
DA:30,1
DA:31,1
DA:37,1
DA:38,9
DA:46,1
DA:47,1
DA:48,1
DA:49,1
DA:55,1
DA:56,1
DA:57,1
DA:63,1
DA:64,1
DA:65,1
DA:71,1
DA:76,1
DA:77,1
DA:78,1
DA:85,1
DA:90,1
DA:91,1
DA:97,1
DA:104,1
DA:105,1
DA:106,1
DA:107,1
DA:115,1
DA:120,1
DA:121,1
DA:128,1
DA:135,1
DA:140,1
DA:141,1
DA:142,1
DA:148,1
DA:149,1
DA:150,1
LF:47
LH:47
BRDA:46,0,0,1
BRDA:46,0,1,0
BRDA:46,1,0,1
BRDA:46,1,1,1
BRDA:46,2,0,1
BRDA:46,2,1,0
BRDA:46,3,0,1
BRDA:46,3,1,1
BRDA:55,4,0,1
BRDA:55,4,1,0
BRDA:55,5,0,1
BRDA:55,5,1,1
BRDA:55,6,0,1
BRDA:55,6,1,0
BRDA:55,7,0,1
BRDA:55,7,1,1
BRDA:63,8,0,1
BRDA:63,8,1,0
BRDA:63,9,0,1
BRDA:63,9,1,1
BRDA:73,10,0,1
BRDA:73,10,1,0
BRDA:73,11,0,1
BRDA:73,11,1,1
BRDA:75,12,0,1
BRDA:75,12,1,0
BRDA:75,13,0,1
BRDA:75,13,1,1
BRDA:87,14,0,1
BRDA:87,14,1,0
BRDA:87,15,0,1
BRDA:87,15,1,1
BRDA:89,16,0,1
BRDA:89,16,1,0
BRDA:89,17,0,1
BRDA:89,17,1,1
BRDA:104,18,0,1
BRDA:104,18,1,0
BRDA:104,19,0,1
BRDA:104,19,1,1
BRDA:117,20,0,1
BRDA:117,20,1,0
BRDA:117,21,0,1
BRDA:117,21,1,1
BRDA:119,22,0,1
BRDA:119,22,1,0
BRDA:119,23,0,1
BRDA:119,23,1,1
BRDA:139,24,0,1
BRDA:139,24,1,0
BRDA:139,25,0,1
BRDA:139,25,1,1
BRDA:148,26,0,1
BRDA:148,26,1,0
BRDA:148,27,0,1
BRDA:148,27,1,1
BRDA:38,28,0,1
BRDA:38,28,1,0
BRDA:38,29,0,1
BRDA:38,29,1,1
BRF:60
BRH:45
end_of_record
TN:
SF:src\modules\teaching\class\class.entity.ts
FNF:0
FNH:0
DA:1,6
DA:10,6
DA:13,6
DA:15,6
DA:21,6
DA:25,6
DA:28,6
DA:32,6
DA:37,6
DA:40,6
DA:43,6
DA:46,6
DA:49,6
DA:52,6
DA:57,6
DA:62,6
DA:65,6
DA:68,6
DA:73,6
DA:78,6
DA:81,6
DA:84,6
DA:87,6
DA:90,6
DA:93,6
LF:25
LH:25
BRDA:32,0,0,0
BRDA:32,0,1,6
BRDA:32,1,0,6
BRDA:32,1,1,6
BRDA:81,2,0,6
BRDA:81,2,1,0
BRDA:81,3,0,6
BRDA:81,3,1,6
BRDA:87,4,0,6
BRDA:87,4,1,0
BRDA:87,5,0,6
BRDA:87,5,1,6
BRF:12
BRH:9
end_of_record
TN:
SF:src\modules\teaching\class\class.module.ts
FNF:0
FNH:0
DA:1,0
DA:2,0
DA:3,0
DA:4,0
DA:5,0
DA:6,0
DA:7,0
DA:8,0
DA:9,0
DA:21,0
LF:10
LH:0
BRF:0
BRH:0
end_of_record
TN:
SF:src\modules\teaching\class\class.repository.ts
FN:8,(anonymous_4)
FN:13,(anonymous_5)
FN:17,(anonymous_6)
FN:21,(anonymous_7)
FN:25,(anonymous_8)
FNF:5
FNH:0
FNDA:0,(anonymous_4)
FNDA:0,(anonymous_5)
FNDA:0,(anonymous_6)
FNDA:0,(anonymous_7)
FNDA:0,(anonymous_8)
DA:1,4
DA:2,4
DA:3,4
DA:4,4
DA:7,4
DA:10,0
DA:14,0
DA:18,0
DA:22,0
DA:32,0
DA:36,0
DA:37,0
DA:39,0
DA:40,0
DA:44,0
DA:45,0
DA:48,0
DA:50,0
DA:51,0
DA:56,0
LF:20
LH:5
BRDA:36,0,0,0
BRDA:36,0,1,0
BRDA:39,1,0,0
BRDA:39,1,1,0
BRDA:44,2,0,0
BRDA:44,2,1,0
BRDA:10,3,0,4
BRDA:10,3,1,0
BRDA:10,4,0,4
BRDA:10,4,1,4
BRF:10
BRH:3
end_of_record
TN:
SF:src\modules\teaching\class\class.service.ts
FN:29,(anonymous_2)
FN:37,(anonymous_3)
FN:65,(anonymous_4)
FN:73,(anonymous_5)
FN:87,(anonymous_6)
FN:129,(anonymous_7)
FN:197,(anonymous_8)
FN:215,(anonymous_9)
FN:228,(anonymous_10)
FN:232,(anonymous_11)
FN:241,(anonymous_12)
FNF:11
FNH:8
FNDA:21,(anonymous_2)
FNDA:1,(anonymous_3)
FNDA:21,(anonymous_4)
FNDA:0,(anonymous_5)
FNDA:2,(anonymous_6)
FNDA:12,(anonymous_7)
FNDA:3,(anonymous_8)
FNDA:2,(anonymous_9)
FNDA:0,(anonymous_10)
FNDA:0,(anonymous_11)
FNDA:4,(anonymous_12)
DA:1,2
DA:7,2
DA:8,2
DA:10,2
DA:14,2
DA:18,2
DA:26,2
DA:27,21
DA:30,21
DA:31,21
DA:32,21
DA:38,1
DA:40,1
DA:58,1
DA:59,1
DA:60,1
DA:66,21
DA:67,21
DA:68,2
DA:70,19
DA:76,0
DA:92,2
DA:94,2
DA:95,1
DA:100,1
DA:114,1
DA:115,11
DA:116,11
DA:117,1
DA:121,1
DA:122,1
DA:123,1
DA:124,1
DA:135,12
DA:137,12
DA:138,1
DA:143,11
DA:144,11
DA:145,3
DA:153,8
DA:157,4
DA:160,5
DA:161,2
DA:162,1
DA:166,1
DA:169,4
DA:170,4
DA:171,4
DA:173,4
DA:180,4
DA:184,1
DA:189,4
DA:192,4
DA:198,3
DA:200,3
DA:201,2
DA:206,1
DA:207,1
DA:208,1
DA:210,1
DA:223,2
DA:225,1
DA:229,0
DA:234,0
DA:236,0
DA:242,4
DA:245,4
DA:248,4
DA:249,1
DA:253,4
DA:254,1
DA:256,4
DA:257,0
DA:260,4
DA:261,0
DA:263,4
DA:264,0
DA:268,4
DA:269,1
DA:272,4
DA:273,3
LF:81
LH:74
BRDA:51,0,0,1
BRDA:51,0,1,1
BRDA:52,1,0,1
BRDA:52,1,1,1
BRDA:53,2,0,1
BRDA:53,2,1,1
BRDA:54,3,0,1
BRDA:54,3,1,1
BRDA:67,4,0,2
BRDA:67,4,1,19
BRDA:80,5,0,0
BRDA:80,5,1,0
BRDA:81,6,0,0
BRDA:81,6,1,0
BRDA:94,7,0,1
BRDA:94,7,1,1
BRDA:116,8,0,1
BRDA:116,8,1,10
BRDA:137,9,0,1
BRDA:137,9,1,11
BRDA:144,10,0,3
BRDA:144,10,1,8
BRDA:144,11,0,11
BRDA:144,11,1,11
BRDA:147,12,0,3
BRDA:147,12,1,2
BRDA:153,13,0,4
BRDA:153,13,1,4
BRDA:154,14,0,8
BRDA:154,14,1,4
BRDA:160,15,0,2
BRDA:160,15,1,3
BRDA:161,16,0,1
BRDA:161,16,1,1
BRDA:161,17,0,2
BRDA:161,17,1,1
BRDA:180,18,0,1
BRDA:180,18,1,3
BRDA:181,19,0,4
BRDA:181,19,1,1
BRDA:200,20,0,2
BRDA:200,20,1,1
BRDA:248,21,0,1
BRDA:248,21,1,3
BRDA:253,22,0,1
BRDA:253,22,1,3
BRDA:253,23,0,4
BRDA:253,23,1,4
BRDA:256,24,0,0
BRDA:256,24,1,4
BRDA:256,25,0,4
BRDA:256,25,1,4
BRDA:260,26,0,0
BRDA:260,26,1,4
BRDA:260,27,0,4
BRDA:260,27,1,4
BRDA:260,27,2,4
BRDA:263,28,0,0
BRDA:263,28,1,4
BRDA:268,29,0,1
BRDA:268,29,1,3
BRDA:268,30,0,4
BRDA:268,30,1,3
BRDA:272,31,0,3
BRDA:272,31,1,1
BRDA:30,32,0,2
BRDA:30,32,1,0
BRDA:30,33,0,2
BRDA:30,33,1,2
BRDA:30,34,0,2
BRDA:30,34,1,0
BRDA:30,35,0,2
BRDA:30,35,1,2
BRDA:31,36,0,2
BRDA:31,36,1,0
BRDA:31,37,0,2
BRDA:31,37,1,2
BRF:77
BRH:67
end_of_record
TN:
SF:src\modules\teaching\class\dto\assign-teacher.dto.ts
FNF:0
FNH:0
DA:1,2
DA:9,2
DA:10,2
DA:12,2
DA:16,2
DA:21,2
DA:27,2
LF:7
LH:7
BRDA:21,0,0,0
BRDA:21,0,1,2
BRDA:21,1,0,2
BRDA:21,1,1,2
BRF:4
BRH:3
end_of_record
TN:
SF:src\modules\teaching\class\dto\create-class.dto.ts
FNF:0
FNH:0
DA:1,2
DA:15,2
DA:17,2
DA:25,2
DA:31,2
DA:37,2
DA:42,2
DA:47,2
DA:57,2
DA:63,2
DA:69,2
DA:75,2
DA:81,2
DA:86,2
DA:91,2
LF:15
LH:15
BRF:0
BRH:0
end_of_record
TN:
SF:src\modules\teaching\class\dto\query-class.dto.ts
FN:32,(anonymous_2)
FN:39,(anonymous_3)
FNF:2
FNH:2
FNDA:2,(anonymous_2)
FNDA:2,(anonymous_3)
DA:1,2
DA:9,2
DA:10,2
DA:11,2
DA:13,2
DA:18,2
DA:24,2
DA:29,2
DA:32,2
DA:36,2
DA:39,2
DA:43,2
LF:12
LH:12
BRDA:29,0,0,0
BRDA:29,0,1,2
BRDA:29,1,0,2
BRDA:29,1,1,2
BRF:4
BRH:3
end_of_record
TN:
SF:src\modules\teaching\class\dto\update-class-status.dto.ts
FNF:0
FNH:0
DA:1,2
DA:2,2
DA:3,2
DA:5,2
DA:9,2
DA:14,2
LF:6
LH:6
BRDA:9,0,0,0
BRDA:9,0,1,2
BRDA:9,1,0,2
BRDA:9,1,1,2
BRF:4
BRH:3
end_of_record
TN:
SF:src\modules\teaching\class\dto\update-class.dto.ts
FNF:0
FNH:0
DA:1,2
DA:10,2
DA:12,2
DA:17,2
DA:23,2
DA:29,2
DA:35,2
DA:40,2
DA:46,2
DA:52,2
DA:58,2
DA:64,2
DA:69,2
DA:74,2
LF:14
LH:14
BRF:0
BRH:0
end_of_record
TN:
SF:src\modules\teaching\class\enums\class-status.enum.ts
FN:1,(anonymous_0)
FNF:1
FNH:1
FNDA:7,(anonymous_0)
DA:1,7
DA:2,7
DA:3,7
DA:4,7
DA:5,7
LF:5
LH:5
BRDA:1,0,0,7
BRDA:1,0,1,7
BRF:2
BRH:2
end_of_record
TN:
SF:src\modules\teaching\contract\contract-code-generator.service.ts
FN:8,(anonymous_4)
FN:13,(anonymous_5)
FNF:2
FNH:2
FNDA:8,(anonymous_4)
FNDA:7,(anonymous_5)
DA:1,2
DA:2,2
DA:3,2
DA:4,2
DA:7,2
DA:10,8
DA:14,7
DA:15,7
DA:16,7
DA:17,7
DA:19,7
DA:25,7
DA:26,7
DA:27,2
DA:28,2
DA:31,7
LF:16
LH:16
BRDA:26,0,0,2
BRDA:26,0,1,5
BRDA:10,1,0,2
BRDA:10,1,1,0
BRDA:10,2,0,2
BRDA:10,2,1,2
BRF:6
BRH:5
end_of_record
TN:
SF:src\modules\teaching\contract\contract.controller.ts
FN:11,(anonymous_4)
FN:17,(anonymous_5)
FN:23,(anonymous_6)
FN:29,(anonymous_7)
FN:35,(anonymous_8)
FN:41,(anonymous_9)
FNF:6
FNH:0
FNDA:0,(anonymous_4)
FNDA:0,(anonymous_5)
FNDA:0,(anonymous_6)
FNDA:0,(anonymous_7)
FNDA:0,(anonymous_8)
FNDA:0,(anonymous_9)
DA:1,0
DA:2,0
DA:3,0
DA:8,0
DA:11,0
DA:12,0
DA:17,0
DA:18,0
DA:23,0
DA:24,0
DA:29,0
DA:30,0
DA:35,0
DA:36,0
DA:41,0
DA:42,0
LF:16
LH:0
BRF:0
BRH:0
end_of_record
TN:
SF:src\modules\teaching\contract\contract.entity.ts
FNF:0
FNH:0
DA:1,5
DA:9,5
DA:10,5
DA:14,5
DA:16,5
DA:22,5
DA:26,5
DA:31,5
DA:34,5
DA:37,5
DA:47,5
DA:52,5
DA:55,5
DA:60,5
DA:63,5
DA:68,5
DA:71,5
DA:76,5
DA:79,5
LF:19
LH:19
BRDA:31,0,0,0
BRDA:31,0,1,5
BRDA:31,1,0,5
BRDA:31,1,1,5
BRDA:47,2,0,0
BRDA:47,2,1,5
BRDA:47,3,0,5
BRDA:47,3,1,5
BRDA:79,4,0,5
BRDA:79,4,1,0
BRDA:79,5,0,5
BRDA:79,5,1,5
BRF:12
BRH:9
end_of_record
TN:
SF:src\modules\teaching\contract\contract.module.ts
FNF:0
FNH:0
DA:1,0
DA:2,0
DA:3,0
DA:4,0
DA:5,0
DA:6,0
DA:7,0
DA:19,0
LF:8
LH:0
BRF:0
BRH:0
end_of_record
TN:
SF:src\modules\teaching\contract\contract.repository.ts
FN:8,(anonymous_4)
FN:13,(anonymous_5)
FN:17,(anonymous_6)
FN:21,(anonymous_7)
FN:25,(anonymous_8)
FN:32,(anonymous_9)
FNF:6
FNH:0
FNDA:0,(anonymous_4)
FNDA:0,(anonymous_5)
FNDA:0,(anonymous_6)
FNDA:0,(anonymous_7)
FNDA:0,(anonymous_8)
FNDA:0,(anonymous_9)
DA:1,3
DA:2,3
DA:3,3
DA:4,3
DA:7,3
DA:10,0
DA:14,0
DA:18,0
DA:22,0
DA:26,0
DA:33,0
LF:11
LH:5
BRDA:10,0,0,3
BRDA:10,0,1,0
BRDA:10,1,0,3
BRDA:10,1,1,3
BRF:4
BRH:3
end_of_record
TN:
SF:src\modules\teaching\contract\contract.service.ts
FN:39,(anonymous_2)
FN:46,(anonymous_3)
FN:75,(anonymous_4)
FN:83,(anonymous_5)
FN:91,(anonymous_6)
FN:97,(anonymous_7)
FN:110,(anonymous_8)
FN:117,(anonymous_9)
FNF:8
FNH:8
FNDA:14,(anonymous_2)
FNDA:3,(anonymous_3)
FNDA:2,(anonymous_4)
FNDA:9,(anonymous_5)
FNDA:1,(anonymous_6)
FNDA:5,(anonymous_7)
FNDA:2,(anonymous_8)
FNDA:7,(anonymous_9)
DA:1,1
DA:7,1
DA:8,1
DA:9,1
DA:10,1
DA:14,1
DA:36,1
DA:37,14
DA:40,14
DA:41,14
DA:47,3
DA:48,2
DA:51,1
DA:52,1
DA:53,1
DA:54,1
DA:55,1
DA:56,1
DA:57,1
DA:58,1
DA:59,1
DA:60,1
DA:61,1
DA:62,1
DA:63,1
DA:64,1
DA:66,1
DA:67,1
DA:70,1
DA:76,2
DA:77,2
DA:78,1
DA:80,1
DA:84,9
DA:85,9
DA:86,1
DA:88,8
DA:92,1
DA:102,5
DA:114,2
DA:123,7
DA:125,7
DA:126,1
DA:131,6
DA:132,6
DA:133,1
DA:140,5
DA:141,4
DA:142,2
DA:146,3
DA:147,3
DA:149,3
DA:151,3
DA:154,3
LF:54
LH:54
BRDA:47,0,0,2
BRDA:47,0,1,1
BRDA:59,1,0,1
BRDA:59,1,1,0
BRDA:60,2,0,1
BRDA:60,2,1,0
BRDA:61,3,0,1
BRDA:61,3,1,0
BRDA:62,4,0,1
BRDA:62,4,1,1
BRDA:63,5,0,1
BRDA:63,5,1,1
BRDA:77,6,0,1
BRDA:77,6,1,1
BRDA:85,7,0,1
BRDA:85,7,1,8
BRDA:125,8,0,1
BRDA:125,8,1,6
BRDA:132,9,0,1
BRDA:132,9,1,5
BRDA:132,10,0,6
BRDA:132,10,1,6
BRDA:135,11,0,1
BRDA:135,11,1,0
BRDA:140,12,0,4
BRDA:140,12,1,1
BRDA:141,13,0,2
BRDA:141,13,1,2
BRDA:141,14,0,4
BRDA:141,14,1,3
BRDA:40,15,0,1
BRDA:40,15,1,0
BRDA:40,16,0,1
BRDA:40,16,1,1
BRDA:40,17,0,1
BRDA:40,17,1,0
BRDA:40,18,0,1
BRDA:40,18,1,1
BRF:38
BRH:32
end_of_record
TN:
SF:src\modules\teaching\contract\dto\create-contract.dto.ts
FNF:0
FNH:0
DA:1,2
LF:1
LH:1
BRF:0
BRH:0
end_of_record
TN:
SF:src\modules\teaching\contract\dto\query-contract.dto.ts
FNF:0
FNH:0
DA:1,2
LF:1
LH:1
BRF:0
BRH:0
end_of_record
TN:
SF:src\modules\teaching\contract\dto\update-contract.dto.ts
FNF:0
FNH:0
DA:1,2
LF:1
LH:1
BRF:0
BRH:0
end_of_record
TN:
SF:src\modules\teaching\contract\enums\contract-status.enum.ts
FN:1,(anonymous_0)
FNF:1
FNH:1
FNDA:5,(anonymous_0)
DA:1,5
DA:2,5
DA:3,5
DA:4,5
DA:5,5
DA:6,5
LF:6
LH:6
BRDA:1,0,0,5
BRDA:1,0,1,5
BRF:2
BRH:2
end_of_record
TN:
SF:src\modules\teaching\course\course-audit-log.entity.ts
FNF:0
FNH:0
DA:1,2
DA:8,2
DA:9,2
DA:12,2
DA:14,2
DA:18,2
DA:21,2
DA:24,2
DA:27,2
DA:30,2
DA:33,2
DA:36,2
DA:39,2
LF:13
LH:13
BRDA:21,0,0,0
BRDA:21,0,1,2
BRDA:21,1,0,2
BRDA:21,1,1,2
BRDA:36,2,0,0
BRDA:36,2,1,2
BRDA:36,3,0,2
BRDA:36,3,1,2
BRDA:39,4,0,2
BRDA:39,4,1,0
BRDA:39,5,0,2
BRDA:39,5,1,2
BRF:12
BRH:9
end_of_record
TN:
SF:src\modules\teaching\course\course-code-generator.service.ts
FN:8,(anonymous_4)
FN:13,(anonymous_5)
FNF:2
FNH:2
FNDA:8,(anonymous_4)
FNDA:7,(anonymous_5)
DA:1,3
DA:2,3
DA:3,3
DA:4,3
DA:7,3
DA:10,8
DA:14,7
DA:15,7
DA:16,7
DA:17,7
DA:20,7
DA:27,7
DA:28,7
DA:29,2
DA:30,2
DA:33,7
LF:16
LH:16
BRDA:28,0,0,2
BRDA:28,0,1,5
BRDA:10,1,0,3
BRDA:10,1,1,0
BRDA:10,2,0,3
BRDA:10,2,1,3
BRF:6
BRH:5
end_of_record
TN:
SF:src\modules\teaching\course\course.controller.ts
FN:37,(anonymous_4)
FN:43,(anonymous_5)
FN:52,(anonymous_6)
FN:60,(anonymous_7)
FN:68,(anonymous_8)
FN:82,(anonymous_9)
FN:96,(anonymous_10)
FNF:7
FNH:7
FNDA:1,(anonymous_4)
FNDA:1,(anonymous_5)
FNDA:1,(anonymous_6)
FNDA:1,(anonymous_7)
FNDA:1,(anonymous_8)
FNDA:1,(anonymous_9)
FNDA:1,(anonymous_10)
DA:1,1
DA:16,1
DA:22,1
DA:23,1
DA:24,1
DA:25,1
DA:26,1
DA:27,1
DA:28,1
DA:29,1
DA:30,1
DA:36,1
DA:37,1
DA:43,1
DA:44,1
DA:45,1
DA:46,1
DA:52,1
DA:53,1
DA:54,1
DA:60,1
DA:61,1
DA:62,1
DA:68,1
DA:73,1
DA:74,1
DA:75,1
DA:82,1
DA:87,1
DA:88,1
DA:89,1
DA:96,1
DA:97,1
DA:98,1
DA:99,1
LF:35
LH:35
BRDA:43,0,0,1
BRDA:43,0,1,0
BRDA:43,1,0,1
BRDA:43,1,1,1
BRDA:43,2,0,1
BRDA:43,2,1,0
BRDA:43,3,0,1
BRDA:43,3,1,1
BRDA:52,4,0,1
BRDA:52,4,1,0
BRDA:52,5,0,1
BRDA:52,5,1,1
BRDA:52,6,0,1
BRDA:52,6,1,0
BRDA:52,7,0,1
BRDA:52,7,1,1
BRDA:60,8,0,1
BRDA:60,8,1,0
BRDA:60,9,0,1
BRDA:60,9,1,1
BRDA:70,10,0,1
BRDA:70,10,1,0
BRDA:70,11,0,1
BRDA:70,11,1,1
BRDA:72,12,0,1
BRDA:72,12,1,0
BRDA:72,13,0,1
BRDA:72,13,1,1
BRDA:84,14,0,1
BRDA:84,14,1,0
BRDA:84,15,0,1
BRDA:84,15,1,1
BRDA:86,16,0,1
BRDA:86,16,1,0
BRDA:86,17,0,1
BRDA:86,17,1,1
BRDA:96,18,0,1
BRDA:96,18,1,0
BRDA:96,19,0,1
BRDA:96,19,1,1
BRDA:37,20,0,1
BRDA:37,20,1,0
BRDA:37,21,0,1
BRDA:37,21,1,1
BRF:44
BRH:33
end_of_record
TN:
SF:src\modules\teaching\course\course.entity.ts
FNF:0
FNH:0
DA:1,4
DA:10,4
DA:11,4
DA:12,4
DA:15,4
DA:17,4
DA:23,4
DA:26,4
DA:29,4
DA:32,4
DA:35,4
DA:40,4
DA:43,4
DA:46,4
DA:52,4
DA:55,4
DA:58,4
DA:61,4
DA:66,4
DA:69,4
DA:72,4
DA:75,4
DA:78,4
DA:81,4
LF:24
LH:24
BRDA:29,0,0,0
BRDA:29,0,1,4
BRDA:29,1,0,4
BRDA:29,1,1,4
BRDA:32,2,0,0
BRDA:32,2,1,4
BRDA:32,3,0,4
BRDA:32,3,1,4
BRDA:52,4,0,0
BRDA:52,4,1,4
BRDA:52,5,0,4
BRDA:52,5,1,4
BRDA:69,6,0,4
BRDA:69,6,1,0
BRDA:69,7,0,4
BRDA:69,7,1,4
BRDA:75,8,0,4
BRDA:75,8,1,0
BRDA:75,9,0,4
BRDA:75,9,1,4
BRF:20
BRH:15
end_of_record
TN:
SF:src\modules\teaching\course\course.module.ts
FNF:0
FNH:0
DA:1,0
DA:2,0
DA:3,0
DA:4,0
DA:5,0
DA:6,0
DA:7,0
DA:8,0
DA:9,0
DA:20,0
LF:10
LH:0
BRF:0
BRH:0
end_of_record
TN:
SF:src\modules\teaching\course\course.repository.ts
FN:8,(anonymous_4)
FN:14,(anonymous_5)
FN:18,(anonymous_6)
FN:22,(anonymous_7)
FN:26,(anonymous_8)
FNF:5
FNH:0
FNDA:0,(anonymous_4)
FNDA:0,(anonymous_5)
FNDA:0,(anonymous_6)
FNDA:0,(anonymous_7)
FNDA:0,(anonymous_8)
DA:1,2
DA:2,2
DA:3,2
DA:4,2
DA:7,2
DA:10,0
DA:15,0
DA:19,0
DA:23,0
DA:34,0
DA:38,0
DA:39,0
DA:41,0
DA:42,0
DA:44,0
DA:45,0
DA:47,0
DA:48,0
DA:51,0
DA:53,0
DA:54,0
DA:59,0
LF:22
LH:5
BRDA:38,0,0,0
BRDA:38,0,1,0
BRDA:41,1,0,0
BRDA:41,1,1,0
BRDA:44,2,0,0
BRDA:44,2,1,0
BRDA:47,3,0,0
BRDA:47,3,1,0
BRDA:10,4,0,2
BRDA:10,4,1,0
BRDA:10,5,0,2
BRDA:10,5,1,2
BRF:12
BRH:3
end_of_record
TN:
SF:src\modules\teaching\course\course.service.ts
FN:32,(anonymous_4)
FN:42,(anonymous_5)
FN:81,(anonymous_6)
FN:89,(anonymous_7)
FN:104,(anonymous_8)
FN:151,(anonymous_9)
FN:194,(anonymous_10)
FN:224,(anonymous_11)
FNF:8
FNH:7
FNDA:13,(anonymous_4)
FNDA:1,(anonymous_5)
FNDA:12,(anonymous_6)
FNDA:0,(anonymous_7)
FNDA:1,(anonymous_8)
FNDA:6,(anonymous_9)
FNDA:3,(anonymous_10)
FNDA:6,(anonymous_11)
DA:1,2
DA:7,2
DA:8,2
DA:9,2
DA:11,2
DA:12,2
DA:13,2
DA:14,2
DA:18,2
DA:19,2
DA:22,2
DA:29,2
DA:30,13
DA:33,13
DA:34,13
DA:36,13
DA:37,13
DA:46,1
DA:48,1
DA:64,1
DA:66,1
DA:75,1
DA:76,1
DA:82,12
DA:83,12
DA:84,1
DA:86,11
DA:92,0
DA:109,1
DA:111,1
DA:124,1
DA:125,10
DA:126,10
DA:127,1
DA:128,1
DA:129,1
DA:130,1
DA:142,1
DA:143,1
DA:145,1
DA:146,1
DA:156,6
DA:158,6
DA:159,1
DA:164,5
DA:165,5
DA:166,2
DA:172,3
DA:173,3
DA:174,3
DA:176,3
DA:177,3
DA:186,3
DA:189,3
DA:195,3
DA:197,3
DA:198,2
DA:206,1
DA:207,1
DA:208,1
DA:210,1
DA:219,1
DA:232,6
DA:241,6
LF:64
LH:63
BRDA:53,0,0,1
BRDA:53,0,1,1
BRDA:58,1,0,1
BRDA:58,1,1,1
BRDA:59,2,0,1
BRDA:59,2,1,1
BRDA:60,3,0,1
BRDA:60,3,1,1
BRDA:83,4,0,1
BRDA:83,4,1,11
BRDA:97,5,0,0
BRDA:97,5,1,0
BRDA:98,6,0,0
BRDA:98,6,1,0
BRDA:126,7,0,1
BRDA:126,7,1,9
BRDA:128,8,0,1
BRDA:128,8,1,0
BRDA:158,9,0,1
BRDA:158,9,1,5
BRDA:165,10,0,2
BRDA:165,10,1,3
BRDA:165,11,0,5
BRDA:165,11,1,5
BRDA:197,12,0,2
BRDA:197,12,1,1
BRDA:33,13,0,2
BRDA:33,13,1,0
BRDA:33,14,0,2
BRDA:33,14,1,2
BRDA:33,15,0,2
BRDA:33,15,1,0
BRDA:33,16,0,2
BRDA:33,16,1,2
BRDA:34,17,0,2
BRDA:34,17,1,0
BRDA:34,18,0,2
BRDA:34,18,1,2
BRDA:36,19,0,2
BRDA:36,19,1,0
BRDA:36,20,0,2
BRDA:36,20,1,2
BRF:42
BRH:33
end_of_record
TN:
SF:src\modules\teaching\course\dto\create-course.dto.ts
FNF:0
FNH:0
DA:1,2
DA:11,2
DA:12,2
DA:13,2
DA:15,2
DA:20,2
DA:25,2
DA:30,2
DA:35,2
DA:40,2
DA:45,2
DA:50,2
DA:55,2
DA:61,2
DA:66,2
LF:15
LH:15
BRDA:25,0,0,0
BRDA:25,0,1,2
BRDA:25,1,0,2
BRDA:25,1,1,2
BRDA:30,2,0,0
BRDA:30,2,1,2
BRDA:30,3,0,2
BRDA:30,3,1,2
BRF:8
BRH:6
end_of_record
TN:
SF:src\modules\teaching\course\dto\query-course.dto.ts
FN:38,(anonymous_2)
FN:45,(anonymous_3)
FNF:2
FNH:2
FNDA:2,(anonymous_2)
FNDA:2,(anonymous_3)
DA:1,2
DA:9,2
DA:10,2
DA:11,2
DA:12,2
DA:13,2
DA:15,2
DA:20,2
DA:25,2
DA:30,2
DA:35,2
DA:38,2
DA:42,2
DA:45,2
DA:49,2
LF:15
LH:15
BRDA:25,0,0,0
BRDA:25,0,1,2
BRDA:25,1,0,2
BRDA:25,1,1,2
BRDA:30,2,0,0
BRDA:30,2,1,2
BRDA:30,3,0,2
BRDA:30,3,1,2
BRDA:35,4,0,0
BRDA:35,4,1,2
BRDA:35,5,0,2
BRDA:35,5,1,2
BRF:12
BRH:9
end_of_record
TN:
SF:src\modules\teaching\course\dto\update-course-status.dto.ts
FNF:0
FNH:0
DA:1,2
DA:2,2
DA:3,2
DA:5,2
DA:9,2
LF:5
LH:5
BRDA:9,0,0,0
BRDA:9,0,1,2
BRDA:9,1,0,2
BRDA:9,1,1,2
BRF:4
BRH:3
end_of_record
TN:
SF:src\modules\teaching\course\dto\update-course.dto.ts
FNF:0
FNH:0
DA:1,2
DA:11,2
DA:12,2
DA:13,2
DA:15,2
DA:21,2
DA:26,2
DA:31,2
DA:36,2
DA:42,2
DA:48,2
DA:54,2
DA:59,2
DA:65,2
DA:70,2
LF:15
LH:15
BRDA:26,0,0,0
BRDA:26,0,1,2
BRDA:26,1,0,2
BRDA:26,1,1,2
BRDA:31,2,0,0
BRDA:31,2,1,2
BRDA:31,3,0,2
BRDA:31,3,1,2
BRF:8
BRH:6
end_of_record
TN:
SF:src\modules\teaching\course\enums\course-status.enum.ts
FN:1,(anonymous_0)
FNF:1
FNH:1
FNDA:5,(anonymous_0)
DA:1,5
DA:2,5
DA:3,5
DA:4,5
LF:4
LH:4
BRDA:1,0,0,5
BRDA:1,0,1,5
BRF:2
BRH:2
end_of_record
TN:
SF:src\modules\teaching\course\enums\course-type.enum.ts
FN:1,(anonymous_0)
FNF:1
FNH:1
FNDA:5,(anonymous_0)
DA:1,5
DA:2,5
DA:3,5
DA:4,5
DA:5,5
LF:5
LH:5
BRDA:1,0,0,5
BRDA:1,0,1,5
BRF:2
BRH:2
end_of_record
TN:
SF:src\modules\teaching\enrollment\enrollment.controller.ts
FN:18,(anonymous_4)
FN:22,(anonymous_5)
FN:32,(anonymous_6)
FN:40,(anonymous_7)
FN:46,(anonymous_8)
FN:56,(anonymous_9)
FN:62,(anonymous_10)
FNF:7
FNH:6
FNDA:1,(anonymous_4)
FNDA:1,(anonymous_5)
FNDA:0,(anonymous_6)
FNDA:1,(anonymous_7)
FNDA:1,(anonymous_8)
FNDA:1,(anonymous_9)
FNDA:1,(anonymous_10)
DA:1,1
DA:9,1
DA:10,1
DA:11,1
DA:12,1
DA:17,1
DA:18,1
DA:22,1
DA:23,1
DA:32,1
DA:35,0
DA:40,1
DA:41,1
DA:46,1
DA:50,1
DA:51,1
DA:56,1
DA:57,1
DA:62,1
DA:63,1
LF:20
LH:19
BRDA:22,0,0,1
BRDA:22,0,1,0
BRDA:22,1,0,1
BRDA:22,1,1,1
BRDA:48,2,0,1
BRDA:48,2,1,0
BRDA:48,3,0,1
BRDA:48,3,1,1
BRDA:18,4,0,1
BRDA:18,4,1,0
BRDA:18,5,0,1
BRDA:18,5,1,1
BRF:12
BRH:9
end_of_record
TN:
SF:src\modules\teaching\enrollment\enrollment.entity.ts
FNF:0
FNH:0
DA:1,5
DA:9,5
DA:13,5
DA:15,5
DA:21,5
DA:25,5
DA:31,5
DA:40,5
DA:45,5
DA:50,5
DA:53,5
LF:11
LH:11
BRDA:40,0,0,0
BRDA:40,0,1,5
BRDA:40,1,0,5
BRDA:40,1,1,5
BRDA:53,2,0,5
BRDA:53,2,1,0
BRDA:53,3,0,5
BRDA:53,3,1,5
BRF:8
BRH:6
end_of_record
TN:
SF:src\modules\teaching\enrollment\enrollment.module.ts
FNF:0
FNH:0
DA:1,0
DA:2,0
DA:3,0
DA:4,0
DA:5,0
DA:6,0
DA:7,0
DA:15,0
LF:8
LH:0
BRF:0
BRH:0
end_of_record
TN:
SF:src\modules\teaching\enrollment\enrollment.repository.ts
FN:9,(anonymous_4)
FN:14,(anonymous_5)
FN:18,(anonymous_6)
FN:22,(anonymous_7)
FN:29,(anonymous_8)
FN:36,(anonymous_9)
FN:43,(anonymous_10)
FNF:7
FNH:0
FNDA:0,(anonymous_4)
FNDA:0,(anonymous_5)
FNDA:0,(anonymous_6)
FNDA:0,(anonymous_7)
FNDA:0,(anonymous_8)
FNDA:0,(anonymous_9)
FNDA:0,(anonymous_10)
DA:1,4
DA:2,4
DA:3,4
DA:4,4
DA:5,4
DA:8,4
DA:11,0
DA:15,0
DA:19,0
DA:23,0
DA:30,0
DA:40,0
DA:44,0
LF:13
LH:6
BRDA:11,0,0,4
BRDA:11,0,1,0
BRDA:11,1,0,4
BRDA:11,1,1,4
BRF:4
BRH:3
end_of_record
TN:
SF:src\modules\teaching\enrollment\enrollment.service.ts
FN:38,(anonymous_2)
FN:45,(anonymous_3)
FN:108,(anonymous_4)
FN:116,(anonymous_5)
FN:120,(anonymous_6)
FN:126,(anonymous_7)
FNF:6
FNH:6
FNDA:18,(anonymous_2)
FNDA:6,(anonymous_3)
FNDA:6,(anonymous_4)
FNDA:1,(anonymous_5)
FNDA:1,(anonymous_6)
FNDA:4,(anonymous_7)
DA:1,2
DA:7,2
DA:8,2
DA:9,2
DA:10,2
DA:11,2
DA:18,2
DA:35,2
DA:36,18
DA:39,18
DA:40,18
DA:47,6
DA:48,6
DA:49,1
DA:53,5
DA:54,1
DA:60,4
DA:61,1
DA:67,3
DA:71,3
DA:72,2
DA:73,1
DA:79,1
DA:80,1
DA:81,1
DA:82,1
DA:84,1
DA:85,1
DA:88,1
DA:91,1
DA:92,1
DA:93,1
DA:94,1
DA:95,1
DA:96,1
DA:97,1
DA:99,1
DA:100,1
DA:103,1
DA:109,6
DA:110,6
DA:111,1
DA:113,5
DA:117,1
DA:121,1
DA:131,4
DA:133,4
DA:134,1
DA:139,3
DA:140,2
DA:143,1
DA:144,1
DA:146,1
DA:148,1
DA:151,1
LF:55
LH:55
BRDA:48,0,0,1
BRDA:48,0,1,5
BRDA:53,1,0,1
BRDA:53,1,1,4
BRDA:60,2,0,1
BRDA:60,2,1,3
BRDA:71,3,0,2
BRDA:71,3,1,1
BRDA:72,4,0,1
BRDA:72,4,1,1
BRDA:110,5,0,1
BRDA:110,5,1,5
BRDA:133,6,0,1
BRDA:133,6,1,3
BRDA:139,7,0,2
BRDA:139,7,1,1
BRDA:139,8,0,3
BRDA:139,8,1,2
BRDA:39,9,0,2
BRDA:39,9,1,0
BRDA:39,10,0,2
BRDA:39,10,1,2
BRDA:39,11,0,2
BRDA:39,11,1,0
BRDA:39,12,0,2
BRDA:39,12,1,2
BRF:26
BRH:24
end_of_record
TN:
SF:src\modules\teaching\enrollment\dto\create-enrollment.dto.ts
FNF:0
FNH:0
DA:1,2
DA:2,2
DA:7,2
DA:15,2
DA:24,2
DA:33,2
LF:6
LH:6
BRF:0
BRH:0
end_of_record
TN:
SF:src\modules\teaching\enrollment\dto\query-enrollment.dto.ts
FNF:0
FNH:0
DA:1,1
LF:1
LH:1
BRF:0
BRH:0
end_of_record
TN:
SF:src\modules\teaching\enrollment\dto\update-enrollment.dto.ts
FNF:0
FNH:0
DA:1,1
LF:1
LH:1
BRF:0
BRH:0
end_of_record
TN:
SF:src\modules\teaching\enrollment\dto\withdraw-enrollment.dto.ts
FNF:0
FNH:0
DA:1,2
DA:2,2
DA:7,2
DA:18,2
LF:4
LH:4
BRF:0
BRH:0
end_of_record
TN:
SF:src\modules\teaching\lesson\lesson-event.subscriber.ts
FN:26,(anonymous_2)
FN:29,(anonymous_3)
FN:40,(anonymous_4)
FNF:3
FNH:3
FNDA:4,(anonymous_2)
FNDA:1,(anonymous_3)
FNDA:1,(anonymous_4)
DA:1,1
DA:2,1
DA:23,1
DA:24,4
DA:26,4
DA:27,4
DA:30,1
DA:38,4
DA:41,1
LF:9
LH:9
BRDA:26,0,0,1
BRDA:26,0,1,0
BRDA:26,1,0,1
BRDA:26,1,1,1
BRF:4
BRH:3
end_of_record
TN:
SF:src\modules\teaching\lesson\lesson.controller.ts
FN:21,(anonymous_4)
FN:25,(anonymous_5)
FN:31,(anonymous_6)
FN:40,(anonymous_7)
FN:55,(anonymous_8)
FN:70,(anonymous_9)
FN:83,(anonymous_10)
FN:102,(anonymous_11)
FNF:8
FNH:8
FNDA:15,(anonymous_4)
FNDA:1,(anonymous_5)
FNDA:2,(anonymous_6)
FNDA:2,(anonymous_7)
FNDA:2,(anonymous_8)
FNDA:2,(anonymous_9)
FNDA:3,(anonymous_10)
FNDA:3,(anonymous_11)
DA:1,1
DA:11,1
DA:12,1
DA:13,1
DA:14,1
DA:15,1
DA:20,1
DA:21,15
DA:25,1
DA:26,1
DA:31,1
DA:35,2
DA:40,1
DA:44,2
DA:47,1
DA:48,1
DA:55,1
DA:59,2
DA:62,1
DA:63,1
DA:70,1
DA:74,2
DA:77,1
DA:78,1
DA:83,1
DA:88,3
DA:91,2
DA:92,2
DA:102,1
DA:106,3
DA:108,3
LF:31
LH:31
BRDA:86,0,0,1
BRDA:86,0,1,0
BRDA:86,1,0,1
BRDA:86,1,1,1
BRDA:104,2,0,1
BRDA:104,2,1,0
BRDA:104,3,0,1
BRDA:104,3,1,1
BRDA:21,4,0,1
BRDA:21,4,1,0
BRDA:21,5,0,1
BRDA:21,5,1,1
BRF:12
BRH:9
end_of_record
TN:
SF:src\modules\teaching\lesson\lesson.entity.ts
FNF:0
FNH:0
DA:1,3
DA:9,3
DA:13,3
DA:15,3
DA:21,3
DA:25,3
DA:28,3
DA:34,3
DA:39,3
DA:42,3
DA:45,3
DA:50,3
DA:55,3
DA:58,3
DA:63,3
DA:66,3
DA:71,3
DA:74,3
DA:79,3
DA:84,3
DA:87,3
DA:92,3
DA:95,3
LF:23
LH:23
BRDA:34,0,0,0
BRDA:34,0,1,3
BRDA:34,1,0,3
BRDA:34,1,1,3
BRDA:95,2,0,3
BRDA:95,2,1,0
BRDA:95,3,0,3
BRDA:95,3,1,3
BRF:8
BRH:6
end_of_record
TN:
SF:src\modules\teaching\lesson\lesson.module.ts
FNF:0
FNH:0
DA:1,0
DA:2,0
DA:3,0
DA:4,0
DA:5,0
DA:6,0
DA:7,0
DA:8,0
DA:9,0
DA:10,0
DA:23,0
LF:11
LH:0
BRF:0
BRH:0
end_of_record
TN:
SF:src\modules\teaching\lesson\lesson.repository.ts
FN:8,(anonymous_4)
FN:13,(anonymous_5)
FN:17,(anonymous_6)
FN:21,(anonymous_7)
FN:25,(anonymous_8)
FN:32,(anonymous_9)
FN:36,(anonymous_10)
FNF:7
FNH:0
FNDA:0,(anonymous_4)
FNDA:0,(anonymous_5)
FNDA:0,(anonymous_6)
FNDA:0,(anonymous_7)
FNDA:0,(anonymous_8)
FNDA:0,(anonymous_9)
FNDA:0,(anonymous_10)
DA:1,2
DA:2,2
DA:3,2
DA:4,2
DA:7,2
DA:10,0
DA:14,0
DA:18,0
DA:22,0
DA:26,0
DA:33,0
DA:40,0
LF:12
LH:5
BRDA:10,0,0,2
BRDA:10,0,1,0
BRDA:10,1,0,2
BRDA:10,1,1,2
BRF:4
BRH:3
end_of_record
TN:
SF:src\modules\teaching\lesson\lesson.service.ts
FN:44,(anonymous_2)
FN:60,(anonymous_3)
FN:104,(anonymous_4)
FN:159,(anonymous_5)
FN:181,(anonymous_6)
FN:213,(anonymous_7)
FN:221,(anonymous_8)
FN:225,(anonymous_9)
FN:243,(anonymous_10)
FN:372,(anonymous_11)
FN:393,(anonymous_12)
FN:419,(anonymous_13)
FN:431,(anonymous_14)
FNF:13
FNH:12
FNDA:49,(anonymous_2)
FNDA:19,(anonymous_3)
FNDA:3,(anonymous_4)
FNDA:4,(anonymous_5)
FNDA:3,(anonymous_6)
FNDA:28,(anonymous_7)
FNDA:1,(anonymous_8)
FNDA:0,(anonymous_9)
FNDA:26,(anonymous_10)
FNDA:3,(anonymous_11)
FNDA:3,(anonymous_12)
FNDA:46,(anonymous_13)
FNDA:7,(anonymous_14)
DA:1,2
DA:7,2
DA:8,2
DA:9,2
DA:10,2
DA:11,2
DA:12,2
DA:13,2
DA:14,2
DA:17,2
DA:41,2
DA:42,49
DA:45,49
DA:46,49
DA:47,49
DA:48,49
DA:62,19
DA:63,17
DA:65,16
DA:66,2
DA:72,14
DA:73,2
DA:77,12
DA:78,2
DA:84,10
DA:85,10
DA:86,2
DA:88,8
DA:89,2
DA:95,6
DA:96,2
DA:102,4
DA:103,4
DA:104,3
DA:106,4
DA:107,2
DA:113,2
DA:114,2
DA:115,2
DA:116,0
DA:121,2
DA:122,2
DA:123,2
DA:124,0
DA:131,2
DA:132,2
DA:133,2
DA:134,2
DA:135,2
DA:136,2
DA:137,2
DA:138,2
DA:139,2
DA:140,2
DA:141,2
DA:142,2
DA:143,2
DA:144,2
DA:145,2
DA:146,2
DA:147,2
DA:148,2
DA:149,2
DA:151,2
DA:152,2
DA:155,2
DA:160,4
DA:161,1
DA:165,3
DA:166,5
DA:167,5
DA:169,4
DA:170,1
DA:174,3
DA:175,0
DA:181,1
DA:182,3
DA:183,3
DA:184,3
DA:185,3
DA:186,3
DA:187,3
DA:188,3
DA:189,3
DA:190,3
DA:191,3
DA:192,3
DA:193,3
DA:194,3
DA:195,3
DA:196,3
DA:197,3
DA:198,3
DA:199,3
DA:200,3
DA:201,3
DA:204,1
DA:205,1
DA:208,1
DA:214,28
DA:215,28
DA:216,1
DA:218,27
DA:222,1
DA:229,0
DA:233,0
DA:234,0
DA:238,0
DA:249,26
DA:251,26
DA:252,1
DA:257,25
DA:258,25
DA:259,5
DA:266,20
DA:267,3
DA:268,2
DA:272,1
DA:276,18
DA:280,2
DA:281,1
DA:288,17
DA:292,3
DA:293,2
DA:300,15
DA:304,3
DA:305,2
DA:311,13
DA:312,13
DA:315,13
DA:316,1
DA:318,13
DA:319,4
DA:322,13
DA:324,13
DA:329,13
DA:330,4
DA:345,13
DA:346,3
DA:363,13
DA:373,3
DA:377,3
DA:378,1
DA:382,2
DA:383,1
DA:397,3
DA:399,3
DA:400,6
DA:404,6
DA:405,3
DA:409,3
DA:410,2
DA:420,46
DA:421,0
DA:423,46
DA:424,4
DA:432,7
DA:433,7
DA:434,7
LF:159
LH:151
BRDA:65,0,0,2
BRDA:65,0,1,14
BRDA:72,1,0,2
BRDA:72,1,1,12
BRDA:72,2,0,14
BRDA:72,2,1,14
BRDA:77,3,0,2
BRDA:77,3,1,10
BRDA:85,4,0,2
BRDA:85,4,1,8
BRDA:88,5,0,2
BRDA:88,5,1,6
BRDA:95,6,0,2
BRDA:95,6,1,4
BRDA:104,7,0,3
BRDA:104,7,1,3
BRDA:106,8,0,2
BRDA:106,8,1,2
BRDA:113,9,0,2
BRDA:113,9,1,0
BRDA:115,10,0,0
BRDA:115,10,1,2
BRDA:123,11,0,0
BRDA:123,11,1,2
BRDA:140,12,0,2
BRDA:140,12,1,2
BRDA:141,13,0,2
BRDA:141,13,1,2
BRDA:149,14,0,2
BRDA:149,14,1,2
BRDA:160,15,0,1
BRDA:160,15,1,3
BRDA:160,16,0,4
BRDA:160,16,1,4
BRDA:169,17,0,1
BRDA:169,17,1,3
BRDA:174,18,0,0
BRDA:174,18,1,3
BRDA:174,19,0,3
BRDA:174,19,1,3
BRDA:191,20,0,3
BRDA:191,20,1,3
BRDA:192,21,0,3
BRDA:192,21,1,3
BRDA:215,22,0,1
BRDA:215,22,1,27
BRDA:233,23,0,0
BRDA:233,23,1,0
BRDA:251,24,0,1
BRDA:251,24,1,25
BRDA:258,25,0,5
BRDA:258,25,1,20
BRDA:258,26,0,25
BRDA:258,26,1,25
BRDA:261,27,0,5
BRDA:261,27,1,0
BRDA:266,28,0,3
BRDA:266,28,1,17
BRDA:267,29,0,2
BRDA:267,29,1,1
BRDA:267,30,0,3
BRDA:267,30,1,2
BRDA:276,31,0,2
BRDA:276,31,1,16
BRDA:277,32,0,18
BRDA:277,32,1,2
BRDA:280,33,0,1
BRDA:280,33,1,1
BRDA:280,34,0,2
BRDA:280,34,1,1
BRDA:288,35,0,3
BRDA:288,35,1,14
BRDA:289,36,0,17
BRDA:289,36,1,6
BRDA:292,37,0,2
BRDA:292,37,1,1
BRDA:292,38,0,3
BRDA:292,38,1,2
BRDA:300,39,0,3
BRDA:300,39,1,12
BRDA:301,40,0,15
BRDA:301,40,1,3
BRDA:304,41,0,2
BRDA:304,41,1,1
BRDA:304,42,0,3
BRDA:304,42,1,2
BRDA:315,43,0,1
BRDA:315,43,1,12
BRDA:318,44,0,4
BRDA:318,44,1,9
BRDA:329,45,0,4
BRDA:329,45,1,9
BRDA:336,46,0,4
BRDA:336,46,1,1
BRDA:337,47,0,4
BRDA:337,47,1,1
BRDA:345,48,0,3
BRDA:345,48,1,10
BRDA:352,49,0,3
BRDA:352,49,1,3
BRDA:353,50,0,3
BRDA:353,50,1,0
BRDA:377,51,0,1
BRDA:377,51,1,2
BRDA:382,52,0,1
BRDA:382,52,1,1
BRDA:404,53,0,3
BRDA:404,53,1,3
BRDA:404,54,0,6
BRDA:404,54,1,3
BRDA:409,55,0,2
BRDA:409,55,1,1
BRDA:420,56,0,0
BRDA:420,56,1,46
BRDA:423,57,0,4
BRDA:423,57,1,42
BRDA:45,58,0,2
BRDA:45,58,1,0
BRDA:45,59,0,2
BRDA:45,59,1,2
BRDA:45,60,0,2
BRDA:45,60,1,0
BRDA:45,61,0,2
BRDA:45,61,1,2
BRDA:46,62,0,2
BRDA:46,62,1,0
BRDA:46,63,0,2
BRDA:46,63,1,2
BRDA:47,64,0,2
BRDA:47,64,1,0
BRDA:47,65,0,2
BRDA:47,65,1,2
BRF:132
BRH:119
end_of_record
TN:
SF:src\modules\teaching\lesson-attendance\lesson-attendance.controller.ts
FN:13,(anonymous_4)
FN:19,(anonymous_5)
FN:29,(anonymous_6)
FN:35,(anonymous_7)
FN:41,(anonymous_8)
FNF:5
FNH:0
FNDA:0,(anonymous_4)
FNDA:0,(anonymous_5)
FNDA:0,(anonymous_6)
FNDA:0,(anonymous_7)
FNDA:0,(anonymous_8)
DA:1,0
DA:2,0
DA:3,0
DA:8,0
DA:13,0
DA:14,0
DA:19,0
DA:24,0
DA:29,0
DA:30,0
DA:35,0
DA:36,0
DA:41,0
DA:42,0
LF:14
LH:0
BRF:0
BRH:0
end_of_record
TN:
SF:src\modules\teaching\lesson-attendance\lesson-attendance.entity.ts
FNF:0
FNH:0
DA:1,3
DA:10,3
DA:11,3
DA:12,3
DA:26,3
DA:28,3
DA:32,3
DA:36,3
DA:40,3
DA:43,3
DA:51,3
DA:58,3
DA:61,3
DA:64,3
DA:67,3
DA:74,3
DA:77,3
DA:80,3
DA:83,3
DA:86,3
LF:20
LH:20
BRDA:51,0,0,0
BRDA:51,0,1,3
BRDA:51,1,0,3
BRDA:51,1,1,3
BRDA:74,2,0,0
BRDA:74,2,1,3
BRDA:74,3,0,3
BRDA:74,3,1,3
BRDA:83,4,0,3
BRDA:83,4,1,0
BRDA:83,5,0,3
BRDA:83,5,1,3
BRDA:86,6,0,3
BRDA:86,6,1,0
BRDA:86,7,0,3
BRDA:86,7,1,3
BRF:16
BRH:12
end_of_record
TN:
SF:src\modules\teaching\lesson-attendance\lesson-attendance.module.ts
FNF:0
FNH:0
DA:1,0
DA:2,0
DA:3,0
DA:4,0
DA:5,0
DA:6,0
DA:14,0
LF:7
LH:0
BRF:0
BRH:0
end_of_record
TN:
SF:src\modules\teaching\lesson-attendance\lesson-attendance.repository.ts
FN:9,(anonymous_4)
FN:14,(anonymous_5)
FN:18,(anonymous_6)
FN:24,(anonymous_7)
FN:28,(anonymous_8)
FN:35,(anonymous_9)
FN:42,(anonymous_10)
FN:51,(anonymous_11)
FN:60,(anonymous_12)
FNF:9
FNH:0
FNDA:0,(anonymous_4)
FNDA:0,(anonymous_5)
FNDA:0,(anonymous_6)
FNDA:0,(anonymous_7)
FNDA:0,(anonymous_8)
FNDA:0,(anonymous_9)
FNDA:0,(anonymous_10)
FNDA:0,(anonymous_11)
FNDA:0,(anonymous_12)
DA:1,2
DA:2,2
DA:3,2
DA:4,2
DA:5,2
DA:8,2
DA:11,0
DA:15,0
DA:21,0
DA:25,0
DA:29,0
DA:39,0
DA:45,0
DA:52,0
DA:61,0
LF:15
LH:6
BRDA:11,0,0,2
BRDA:11,0,1,0
BRDA:11,1,0,2
BRDA:11,1,1,2
BRF:4
BRH:3
end_of_record
TN:
SF:src\modules\teaching\lesson-attendance\lesson-attendance.service.ts
FN:57,(anonymous_2)
FN:65,(anonymous_3)
FN:98,(anonymous_4)
FN:162,(anonymous_5)
FN:179,(anonymous_6)
FN:208,(anonymous_7)
FN:225,(anonymous_8)
FN:233,(anonymous_9)
FN:237,(anonymous_10)
FN:244,(anonymous_11)
FN:254,(anonymous_12)
FN:280,(anonymous_13)
FNF:12
FNH:12
FNDA:82,(anonymous_2)
FNDA:3,(anonymous_3)
FNDA:11,(anonymous_4)
FNDA:2,(anonymous_5)
FNDA:3,(anonymous_6)
FNDA:3,(anonymous_7)
FNDA:3,(anonymous_8)
FNDA:2,(anonymous_9)
FNDA:2,(anonymous_10)
FNDA:3,(anonymous_11)
FNDA:4,(anonymous_12)
FNDA:21,(anonymous_13)
DA:1,2
DA:2,2
DA:3,2
DA:4,2
DA:5,2
DA:6,2
DA:13,2
DA:30,2
DA:54,2
DA:55,82
DA:57,82
DA:71,3
DA:73,3
DA:74,5
DA:75,5
DA:76,5
DA:77,5
DA:78,5
DA:79,5
DA:80,5
DA:81,5
DA:82,5
DA:83,5
DA:84,5
DA:87,3
DA:102,11
DA:103,0
DA:105,11
DA:106,0
DA:110,11
DA:111,11
DA:112,0
DA:118,11
DA:123,11
DA:124,1
DA:131,10
DA:137,9
DA:138,2
DA:144,7
DA:145,7
DA:146,7
DA:147,7
DA:148,7
DA:149,7
DA:150,7
DA:152,7
DA:156,7
DA:163,2
DA:165,2
DA:166,5
DA:167,5
DA:170,2
DA:183,3
DA:184,3
DA:186,3
DA:187,6
DA:188,5
DA:192,5
DA:193,5
DA:194,5
DA:195,5
DA:199,3
DA:209,3
DA:211,3
DA:212,5
DA:213,4
DA:217,4
DA:218,4
DA:226,3
DA:227,3
DA:228,2
DA:230,1
DA:234,2
DA:238,2
DA:245,3
DA:259,4
DA:260,2
DA:263,2
DA:265,2
DA:266,2
DA:267,2
DA:271,2
DA:272,2
DA:273,2
DA:284,21
DA:285,21
DA:286,1
LF:87
LH:84
BRDA:102,0,0,0
BRDA:102,0,1,11
BRDA:105,1,0,0
BRDA:105,1,1,11
BRDA:111,2,0,0
BRDA:111,2,1,11
BRDA:123,3,0,1
BRDA:123,3,1,10
BRDA:137,4,0,2
BRDA:137,4,1,7
BRDA:137,5,0,9
BRDA:137,5,1,5
BRDA:148,6,0,7
BRDA:148,6,1,7
BRDA:149,7,0,7
BRDA:149,7,1,4
BRDA:150,8,0,7
BRDA:150,8,1,7
BRDA:187,9,0,5
BRDA:187,9,1,1
BRDA:212,10,0,4
BRDA:212,10,1,1
BRDA:227,11,0,2
BRDA:227,11,1,1
BRDA:259,12,0,2
BRDA:259,12,1,2
BRDA:266,13,0,2
BRDA:266,13,1,0
BRDA:285,14,0,1
BRDA:285,14,1,20
BRDA:285,15,0,21
BRDA:285,15,1,21
BRDA:57,16,0,2
BRDA:57,16,1,0
BRDA:57,17,0,2
BRDA:57,17,1,2
BRF:36
BRH:31
end_of_record
TN:
SF:src\modules\teaching\lesson-attendance\enums\attendance-source.enum.ts
FN:4,(anonymous_0)
FNF:1
FNH:1
FNDA:3,(anonymous_0)
DA:4,3
DA:5,3
DA:6,3
DA:7,3
DA:8,3
LF:5
LH:5
BRDA:4,0,0,3
BRDA:4,0,1,3
BRF:2
BRH:2
end_of_record
TN:
SF:src\modules\teaching\lesson-attendance\enums\attendance-status.enum.ts
FN:11,(anonymous_0)
FNF:1
FNH:1
FNDA:3,(anonymous_0)
DA:11,3
DA:12,3
DA:13,3
DA:14,3
DA:15,3
DA:16,3
DA:17,3
DA:18,3
DA:22,3
LF:9
LH:9
BRDA:11,0,0,3
BRDA:11,0,1,3
BRF:2
BRH:2
end_of_record
TN:
SF:src\modules\teaching\lesson-attendance\enums\attendance-workflow-state.enum.ts
FN:9,(anonymous_0)
FNF:1
FNH:1
FNDA:3,(anonymous_0)
DA:9,3
DA:10,3
DA:11,3
DA:12,3
DA:13,3
LF:5
LH:5
BRDA:9,0,0,3
BRDA:9,0,1,3
BRF:2
BRH:2
end_of_record
TN:
SF:src\modules\teaching\lesson-change-request\lesson-change-request.controller.ts
FN:11,(anonymous_4)
FN:17,(anonymous_5)
FN:23,(anonymous_6)
FN:29,(anonymous_7)
FNF:4
FNH:0
FNDA:0,(anonymous_4)
FNDA:0,(anonymous_5)
FNDA:0,(anonymous_6)
FNDA:0,(anonymous_7)
DA:1,0
DA:2,0
DA:3,0
DA:8,0
DA:11,0
DA:12,0
DA:17,0
DA:18,0
DA:23,0
DA:24,0
DA:29,0
DA:30,0
LF:12
LH:0
BRF:0
BRH:0
end_of_record
TN:
SF:src\modules\teaching\lesson-change-request\lesson-change-request.entity.ts
FNF:0
FNH:0
DA:1,2
DA:8,2
DA:9,2
DA:21,2
DA:23,2
DA:27,2
DA:31,2
DA:34,2
DA:37,2
DA:45,2
DA:48,2
DA:51,2
DA:54,2
DA:57,2
DA:60,2
DA:65,2
DA:68,2
DA:71,2
DA:74,2
DA:77,2
DA:80,2
DA:85,2
DA:88,2
DA:91,2
LF:24
LH:24
BRDA:31,0,0,0
BRDA:31,0,1,2
BRDA:31,1,0,2
BRDA:31,1,1,2
BRDA:45,2,0,0
BRDA:45,2,1,2
BRDA:45,3,0,2
BRDA:45,3,1,2
BRDA:91,4,0,2
BRDA:91,4,1,0
BRDA:91,5,0,2
BRDA:91,5,1,2
BRF:12
BRH:9
end_of_record
TN:
SF:src\modules\teaching\lesson-change-request\lesson-change-request.module.ts
FNF:0
FNH:0
DA:1,0
DA:2,0
DA:3,0
DA:4,0
DA:5,0
DA:6,0
DA:14,0
LF:7
LH:0
BRF:0
BRH:0
end_of_record
TN:
SF:src\modules\teaching\lesson-change-request\lesson-change-request.repository.ts
FN:10,(anonymous_4)
FN:15,(anonymous_5)
FN:21,(anonymous_6)
FN:25,(anonymous_7)
FN:32,(anonymous_8)
FN:45,(anonymous_9)
FNF:6
FNH:0
FNDA:0,(anonymous_4)
FNDA:0,(anonymous_5)
FNDA:0,(anonymous_6)
FNDA:0,(anonymous_7)
FNDA:0,(anonymous_8)
FNDA:0,(anonymous_9)
DA:1,1
DA:2,1
DA:3,1
DA:4,1
DA:5,1
DA:6,1
DA:9,1
DA:12,0
DA:18,0
DA:22,0
DA:26,0
DA:36,0
DA:46,0
LF:13
LH:7
BRDA:12,0,0,1
BRDA:12,0,1,0
BRDA:12,1,0,1
BRDA:12,1,1,1
BRF:4
BRH:3
end_of_record
TN:
SF:src\modules\teaching\lesson-change-request\lesson-change-request.service.ts
FN:57,(anonymous_2)
FN:62,(anonymous_3)
FN:71,(anonymous_4)
FN:81,(anonymous_5)
FN:92,(anonymous_6)
FN:98,(anonymous_7)
FN:102,(anonymous_8)
FN:107,(anonymous_9)
FNF:8
FNH:1
FNDA:24,(anonymous_2)
FNDA:0,(anonymous_3)
FNDA:0,(anonymous_4)
FNDA:0,(anonymous_5)
FNDA:0,(anonymous_6)
FNDA:0,(anonymous_7)
FNDA:0,(anonymous_8)
FNDA:0,(anonymous_9)
DA:1,1
DA:2,1
DA:5,1
DA:13,1
DA:30,1
DA:33,1
DA:54,1
DA:55,24
DA:57,24
DA:65,0
DA:75,0
DA:86,0
DA:93,0
DA:99,0
DA:103,0
DA:108,0
LF:16
LH:9
BRDA:57,0,0,1
BRDA:57,0,1,0
BRDA:57,1,0,1
BRDA:57,1,1,1
BRF:4
BRH:3
end_of_record
TN:
SF:src\modules\teaching\lesson-change-request\enums\change-request-status.enum.ts
FN:10,(anonymous_0)
FNF:1
FNH:1
FNDA:2,(anonymous_0)
DA:10,2
DA:11,2
DA:12,2
DA:13,2
DA:14,2
LF:5
LH:5
BRDA:10,0,0,2
BRDA:10,0,1,2
BRF:2
BRH:2
end_of_record
TN:
SF:src\modules\teaching\lesson\dto\cancel-lesson.dto.ts
FNF:0
FNH:0
DA:1,2
DA:2,2
DA:7,2
DA:18,2
LF:4
LH:4
BRF:0
BRH:0
end_of_record
TN:
SF:src\modules\teaching\lesson\dto\create-lesson.dto.ts
FNF:0
FNH:0
DA:1,1
DA:15,1
DA:17,1
DA:20,1
DA:25,1
DA:28,1
DA:34,1
DA:40,1
DA:43,1
DA:47,1
DA:51,1
LF:11
LH:11
BRF:0
BRH:0
end_of_record
TN:
SF:src\modules\teaching\lesson\dto\create-makeup.dto.ts
FNF:0
FNH:0
DA:1,2
DA:11,2
DA:17,2
DA:23,2
DA:34,2
DA:41,2
DA:51,2
DA:61,2
DA:68,2
DA:76,2
LF:10
LH:10
BRF:0
BRH:0
end_of_record
TN:
SF:src\modules\teaching\lesson\dto\query-lesson.dto.ts
FNF:0
FNH:0
DA:1,1
LF:1
LH:1
BRF:0
BRH:0
end_of_record
TN:
SF:src\modules\teaching\lesson\dto\update-lesson.dto.ts
FNF:0
FNH:0
DA:1,1
LF:1
LH:1
BRF:0
BRH:0
end_of_record
TN:
SF:src\modules\teaching\lesson\enums\lesson-status.enum.ts
FN:1,(anonymous_0)
FNF:1
FNH:1
FNDA:3,(anonymous_0)
DA:1,3
DA:2,3
DA:3,3
DA:4,3
DA:5,3
DA:6,3
DA:7,3
LF:7
LH:7
BRDA:1,0,0,3
BRDA:1,0,1,3
BRF:2
BRH:2
end_of_record
TN:
SF:src\modules\teaching\teacher-assignment\teacher-assignment.controller.ts
FN:11,(anonymous_4)
FN:17,(anonymous_5)
FN:23,(anonymous_6)
FN:29,(anonymous_7)
FNF:4
FNH:0
FNDA:0,(anonymous_4)
FNDA:0,(anonymous_5)
FNDA:0,(anonymous_6)
FNDA:0,(anonymous_7)
DA:1,0
DA:2,0
DA:3,0
DA:8,0
DA:11,0
DA:12,0
DA:17,0
DA:18,0
DA:23,0
DA:24,0
DA:29,0
DA:30,0
LF:12
LH:0
BRF:0
BRH:0
end_of_record
TN:
SF:src\modules\teaching\teacher-assignment\teacher-assignment.entity.ts
FNF:0
FNH:0
DA:1,4
DA:9,4
DA:13,4
DA:15,4
DA:21,4
DA:25,4
DA:30,4
DA:33,4
DA:36,4
DA:39,4
DA:42,4
DA:47,4
LF:12
LH:12
BRDA:30,0,0,0
BRDA:30,0,1,4
BRDA:30,1,0,4
BRDA:30,1,1,4
BRDA:47,2,0,4
BRDA:47,2,1,0
BRDA:47,3,0,4
BRDA:47,3,1,4
BRF:8
BRH:6
end_of_record
TN:
SF:src\modules\teaching\teacher-assignment\teacher-assignment.module.ts
FNF:0
FNH:0
DA:1,0
DA:2,0
DA:3,0
DA:4,0
DA:5,0
DA:6,0
DA:14,0
LF:7
LH:0
BRF:0
BRH:0
end_of_record
TN:
SF:src\modules\teaching\teacher-assignment\teacher-assignment.repository.ts
FN:9,(anonymous_4)
FN:14,(anonymous_5)
FN:20,(anonymous_6)
FN:27,(anonymous_7)
FN:38,(anonymous_8)
FN:50,(anonymous_9)
FN:59,(anonymous_10)
FN:69,(anonymous_11)
FNF:8
FNH:0
FNDA:0,(anonymous_4)
FNDA:0,(anonymous_5)
FNDA:0,(anonymous_6)
FNDA:0,(anonymous_7)
FNDA:0,(anonymous_8)
FNDA:0,(anonymous_9)
FNDA:0,(anonymous_10)
FNDA:0,(anonymous_11)
DA:1,3
DA:2,3
DA:3,3
DA:4,3
DA:5,3
DA:8,3
DA:11,0
DA:17,0
DA:21,0
DA:30,0
DA:41,0
DA:54,0
DA:60,0
DA:70,0
LF:14
LH:6
BRDA:11,0,0,3
BRDA:11,0,1,0
BRDA:11,1,0,3
BRDA:11,1,1,3
BRF:4
BRH:3
end_of_record
TN:
SF:src\modules\teaching\teacher-assignment\teacher-assignment.service.ts
FN:10,(anonymous_2)
FN:17,(anonymous_3)
FN:71,(anonymous_4)
FN:78,(anonymous_5)
FN:85,(anonymous_6)
FN:92,(anonymous_7)
FN:97,(anonymous_8)
FNF:7
FNH:7
FNDA:10,(anonymous_2)
FNDA:6,(anonymous_3)
FNDA:1,(anonymous_4)
FNDA:1,(anonymous_5)
FNDA:2,(anonymous_6)
FNDA:1,(anonymous_7)
FNDA:1,(anonymous_8)
DA:1,3
DA:2,3
DA:4,3
DA:7,3
DA:8,10
DA:10,10
DA:24,6
DA:27,6
DA:31,6
DA:32,2
DA:38,4
DA:39,3
DA:40,3
DA:41,2
DA:48,2
DA:50,2
DA:60,2
DA:61,2
DA:64,2
DA:72,1
DA:73,1
DA:74,1
DA:81,1
DA:88,2
DA:93,1
DA:98,1
LF:26
LH:26
BRDA:31,0,0,2
BRDA:31,0,1,4
BRDA:38,1,0,3
BRDA:38,1,1,1
BRDA:40,2,0,2
BRDA:40,2,1,1
BRDA:57,3,0,2
BRDA:57,3,1,2
BRDA:10,4,0,3
BRDA:10,4,1,0
BRDA:10,5,0,3
BRDA:10,5,1,3
BRF:12
BRH:11
end_of_record
TN:
SF:src\modules\teaching\teacher-assignment\dto\create-teacher-assignment.dto.ts
FNF:0
FNH:0
DA:1,1
DA:9,1
DA:10,1
DA:12,1
DA:16,1
DA:21,1
DA:26,1
DA:32,1
LF:8
LH:8
BRDA:26,0,0,0
BRDA:26,0,1,1
BRDA:26,1,0,1
BRDA:26,1,1,1
BRF:4
BRH:3
end_of_record
TN:
SF:src\modules\teaching\teacher-assignment\dto\update-teacher-assignment.dto.ts
FNF:0
FNH:0
DA:1,1
LF:1
LH:1
BRF:0
BRH:0
end_of_record
TN:
SF:src\shared\index.ts
FN:8,(anonymous_0)
FN:8,(anonymous_1)
FN:8,(anonymous_2)
FN:8,(anonymous_3)
FN:8,(anonymous_4)
FN:8,(anonymous_5)
FN:11,(anonymous_6)
FN:11,(anonymous_7)
FN:11,(anonymous_8)
FN:14,(anonymous_9)
FN:14,(anonymous_10)
FN:14,(anonymous_11)
FN:14,(anonymous_12)
FN:14,(anonymous_13)
FN:17,(anonymous_14)
FN:17,(anonymous_15)
FN:17,(anonymous_16)
FN:20,(anonymous_17)
FN:23,(anonymous_18)
FN:26,(anonymous_19)
FN:26,(anonymous_20)
FN:29,(anonymous_21)
FN:29,(anonymous_22)
FNF:23
FNH:0
FNDA:0,(anonymous_0)
FNDA:0,(anonymous_1)
FNDA:0,(anonymous_2)
FNDA:0,(anonymous_3)
FNDA:0,(anonymous_4)
FNDA:0,(anonymous_5)
FNDA:0,(anonymous_6)
FNDA:0,(anonymous_7)
FNDA:0,(anonymous_8)
FNDA:0,(anonymous_9)
FNDA:0,(anonymous_10)
FNDA:0,(anonymous_11)
FNDA:0,(anonymous_12)
FNDA:0,(anonymous_13)
FNDA:0,(anonymous_14)
FNDA:0,(anonymous_15)
FNDA:0,(anonymous_16)
FNDA:0,(anonymous_17)
FNDA:0,(anonymous_18)
FNDA:0,(anonymous_19)
FNDA:0,(anonymous_20)
FNDA:0,(anonymous_21)
FNDA:0,(anonymous_22)
DA:8,0
DA:11,0
DA:14,0
DA:17,0
DA:20,0
DA:23,0
DA:26,0
DA:29,0
LF:8
LH:0
BRF:0
BRH:0
end_of_record
TN:
SF:src\shared\clock\index.ts
FN:1,(anonymous_0)
FN:2,(anonymous_1)
FNF:2
FNH:0
FNDA:0,(anonymous_0)
FNDA:0,(anonymous_1)
DA:1,0
DA:2,0
LF:2
LH:0
BRF:0
BRH:0
end_of_record
TN:
SF:src\shared\clock\system-clock.ts
FN:11,(anonymous_0)
FNF:1
FNH:1
FNDA:1,(anonymous_0)
DA:10,1
DA:12,1
LF:2
LH:2
BRF:0
BRH:0
end_of_record
TN:
SF:src\shared\domain-event\domain-event.ts
FN:33,(anonymous_0)
FNF:1
FNH:1
FNDA:27,(anonymous_0)
DA:28,5
DA:34,27
DA:35,27
LF:3
LH:3
BRDA:35,0,0,27
BRDA:35,0,1,26
BRF:2
BRH:2
end_of_record
TN:
SF:src\shared\domain-event\index.ts
FN:1,(anonymous_0)
FN:1,(anonymous_1)
FN:2,(anonymous_2)
FNF:3
FNH:0
FNDA:0,(anonymous_0)
FNDA:0,(anonymous_1)
FNDA:0,(anonymous_2)
DA:1,0
DA:2,0
LF:2
LH:0
BRF:0
BRH:0
end_of_record
TN:
SF:src\shared\entity\aggregate-root.ts
FN:15,(anonymous_0)
FN:26,(anonymous_1)
FN:33,(anonymous_2)
FN:40,(anonymous_3)
FN:48,(anonymous_4)
FN:55,(anonymous_5)
FNF:6
FNH:5
FNDA:25,(anonymous_0)
FNDA:6,(anonymous_1)
FNDA:3,(anonymous_2)
FNDA:1,(anonymous_3)
FNDA:0,(anonymous_4)
FNDA:7,(anonymous_5)
DA:8,4
DA:10,4
DA:12,4
DA:13,25
DA:20,25
DA:27,6
DA:34,3
DA:41,1
DA:60,7
DA:61,3
LF:10
LH:10
BRDA:60,0,0,3
BRDA:60,0,1,4
BRF:2
BRH:2
end_of_record
TN:
SF:src\shared\entity\entity.base.ts
FN:17,(anonymous_0)
FN:33,(anonymous_1)
FN:37,(anonymous_2)
FN:41,(anonymous_3)
FN:45,(anonymous_4)
FN:49,(anonymous_5)
FN:53,(anonymous_6)
FN:57,(anonymous_7)
FN:66,(anonymous_8)
FN:75,(anonymous_9)
FN:82,(anonymous_10)
FN:91,(anonymous_11)
FNF:12
FNH:12
FNDA:37,(anonymous_0)
FNDA:15,(anonymous_1)
FNDA:2,(anonymous_2)
FNDA:1,(anonymous_3)
FNDA:2,(anonymous_4)
FNDA:2,(anonymous_5)
FNDA:3,(anonymous_6)
FNDA:3,(anonymous_7)
FNDA:1,(anonymous_8)
FNDA:2,(anonymous_9)
FNDA:1,(anonymous_10)
FNDA:5,(anonymous_11)
DA:8,5
DA:22,37
DA:23,37
DA:24,37
DA:25,37
DA:26,37
DA:27,37
DA:28,37
DA:34,15
DA:38,2
DA:42,1
DA:46,2
DA:50,2
DA:54,3
DA:58,3
DA:67,1
DA:68,1
DA:69,1
DA:76,2
DA:83,1
DA:92,5
DA:93,2
DA:95,3
DA:96,1
DA:98,2
LF:25
LH:25
BRDA:24,0,0,37
BRDA:24,0,1,36
BRDA:92,1,0,2
BRDA:92,1,1,3
BRDA:92,2,0,5
BRDA:92,2,1,4
BRDA:95,3,0,1
BRDA:95,3,1,2
BRF:8
BRH:8
end_of_record
TN:
SF:src\shared\entity\identifier.ts
FN:11,(anonymous_0)
FN:15,(anonymous_1)
FN:24,(anonymous_2)
FN:28,(anonymous_3)
FN:37,(anonymous_4)
FN:41,(anonymous_5)
FNF:6
FNH:6
FNDA:10,(anonymous_0)
FNDA:2,(anonymous_1)
FNDA:5,(anonymous_2)
FNDA:5,(anonymous_3)
FNDA:5,(anonymous_4)
FNDA:5,(anonymous_5)
DA:8,1
DA:10,1
DA:12,10
DA:16,2
DA:23,1
DA:25,5
DA:29,5
DA:36,1
DA:38,5
DA:42,5
LF:10
LH:10
BRF:0
BRH:0
end_of_record
TN:
SF:src\shared\entity\index.ts
FN:1,(anonymous_0)
FN:2,(anonymous_1)
FN:3,(anonymous_2)
FN:4,(anonymous_3)
FN:4,(anonymous_4)
FN:4,(anonymous_5)
FNF:6
FNH:0
FNDA:0,(anonymous_0)
FNDA:0,(anonymous_1)
FNDA:0,(anonymous_2)
FNDA:0,(anonymous_3)
FNDA:0,(anonymous_4)
FNDA:0,(anonymous_5)
DA:1,0
DA:2,0
DA:3,0
DA:4,0
LF:4
LH:0
BRF:0
BRH:0
end_of_record
TN:
SF:src\shared\entity\value-object.ts
FN:11,(anonymous_0)
FN:15,(anonymous_1)
FN:22,(anonymous_2)
FN:35,(anonymous_3)
FNF:4
FNH:4
FNDA:22,(anonymous_0)
FNDA:1,(anonymous_1)
FNDA:9,(anonymous_2)
FNDA:1,(anonymous_3)
DA:8,3
DA:12,22
DA:16,1
DA:23,9
DA:24,2
DA:26,7
DA:27,1
DA:29,6
DA:36,1
LF:9
LH:9
BRDA:23,0,0,2
BRDA:23,0,1,7
BRDA:23,1,0,9
BRDA:23,1,1,8
BRDA:26,2,0,1
BRDA:26,2,1,6
BRF:6
BRH:6
end_of_record
TN:
SF:src\shared\exception\domain.exception.ts
FN:11,(anonymous_0)
FN:27,(anonymous_1)
FN:41,(anonymous_2)
FNF:3
FNH:3
FNDA:21,(anonymous_0)
FNDA:4,(anonymous_1)
FNDA:1,(anonymous_2)
DA:7,7
DA:16,21
DA:17,21
DA:18,21
DA:19,21
DA:26,7
DA:32,4
DA:33,4
DA:40,7
DA:46,1
DA:47,1
LF:11
LH:11
BRDA:13,0,0,1
BRDA:14,1,0,2
BRDA:30,2,0,4
BRDA:44,3,0,1
BRF:4
BRH:4
end_of_record
TN:
SF:src\shared\exception\index.ts
FN:2,(anonymous_0)
FN:3,(anonymous_1)
FN:4,(anonymous_2)
FNF:3
FNH:0
FNDA:0,(anonymous_0)
FNDA:0,(anonymous_1)
FNDA:0,(anonymous_2)
DA:1,0
DA:2,0
DA:3,0
DA:4,0
LF:4
LH:0
BRF:0
BRH:0
end_of_record
TN:
SF:src\shared\guard\guard.ts
FN:14,(anonymous_0)
FN:27,(anonymous_1)
FN:40,(anonymous_2)
FN:58,(anonymous_3)
FN:71,(anonymous_4)
FN:88,(anonymous_5)
FNF:6
FNH:6
FNDA:5,(anonymous_0)
FNDA:4,(anonymous_1)
FNDA:5,(anonymous_2)
FNDA:2,(anonymous_3)
FNDA:2,(anonymous_4)
FNDA:3,(anonymous_5)
DA:8,1
DA:10,1
DA:15,5
DA:16,2
DA:28,4
DA:29,3
DA:46,5
DA:47,2
DA:59,2
DA:60,1
DA:76,2
DA:77,1
DA:89,3
DA:90,2
LF:14
LH:14
BRDA:15,0,0,2
BRDA:15,0,1,3
BRDA:15,1,0,5
BRDA:15,1,1,4
BRDA:28,2,0,3
BRDA:28,2,1,1
BRDA:28,3,0,4
BRDA:28,3,1,2
BRDA:46,4,0,2
BRDA:46,4,1,3
BRDA:46,5,0,5
BRDA:46,5,1,4
BRDA:59,6,0,1
BRDA:59,6,1,1
BRDA:76,7,0,1
BRDA:76,7,1,1
BRDA:89,8,0,2
BRDA:89,8,1,1
BRDA:89,9,0,3
BRDA:89,9,1,2
BRF:20
BRH:20
end_of_record
TN:
SF:src\shared\guard\index.ts
FN:1,(anonymous_0)
FNF:1
FNH:0
FNDA:0,(anonymous_0)
DA:1,0
LF:1
LH:0
BRF:0
BRH:0
end_of_record
TN:
SF:src\shared\identifier\index.ts
FN:1,(anonymous_0)
FN:2,(anonymous_1)
FNF:2
FNH:0
FNDA:0,(anonymous_0)
FNDA:0,(anonymous_1)
DA:1,0
DA:2,0
LF:2
LH:0
BRF:0
BRH:0
end_of_record
TN:
SF:src\shared\identifier\system-uuid.ts
FN:12,(anonymous_0)
FNF:1
FNH:0
FNDA:0,(anonymous_0)
DA:8,0
DA:11,0
DA:13,0
LF:3
LH:0
BRF:0
BRH:0
end_of_record
TN:
SF:src\shared\result\index.ts
FN:1,(anonymous_0)
FNF:1
FNH:0
FNDA:0,(anonymous_0)
DA:1,0
LF:1
LH:0
BRF:0
BRH:0
end_of_record
TN:
SF:src\shared\result\result.ts
FN:15,(anonymous_0)
FN:25,(anonymous_1)
FN:35,(anonymous_2)
FN:45,(anonymous_3)
FN:52,(anonymous_4)
FN:59,(anonymous_5)
FN:71,(anonymous_6)
FN:81,(anonymous_7)
FNF:8
FNH:8
FNDA:28,(anonymous_0)
FNDA:10,(anonymous_1)
FNDA:11,(anonymous_2)
FNDA:16,(anonymous_3)
FNDA:12,(anonymous_4)
FNDA:2,(anonymous_5)
FNDA:2,(anonymous_6)
FNDA:3,(anonymous_7)
DA:9,4
DA:16,28
DA:17,28
DA:18,28
DA:19,28
DA:26,10
DA:27,1
DA:29,9
DA:36,11
DA:37,1
DA:39,10
DA:46,16
DA:53,12
DA:60,2
DA:61,5
DA:62,1
DA:65,1
DA:72,2
DA:73,1
DA:75,1
DA:82,3
DA:83,2
DA:85,1
LF:23
LH:23
BRDA:26,0,0,1
BRDA:26,0,1,9
BRDA:36,1,0,1
BRDA:36,1,1,10
BRDA:61,2,0,1
BRDA:61,2,1,4
BRDA:72,3,0,1
BRDA:72,3,1,1
BRDA:82,4,0,2
BRDA:82,4,1,1
BRF:10
BRH:10
end_of_record
TN:
SF:src\shared\specification\composite-specification.ts
FN:13,(anonymous_0)
FN:17,(anonymous_1)
FN:21,(anonymous_2)
FN:30,(anonymous_3)
FN:37,(anonymous_4)
FN:46,(anonymous_5)
FN:53,(anonymous_6)
FN:62,(anonymous_7)
FN:66,(anonymous_8)
FNF:9
FNH:9
FNDA:2,(anonymous_0)
FNDA:2,(anonymous_1)
FNDA:1,(anonymous_2)
FNDA:5,(anonymous_3)
FNDA:8,(anonymous_4)
FNDA:5,(anonymous_5)
FNDA:9,(anonymous_6)
FNDA:3,(anonymous_7)
FNDA:4,(anonymous_8)
DA:10,2
DA:14,2
DA:18,2
DA:22,1
DA:29,2
DA:31,5
DA:32,5
DA:34,5
DA:38,8
DA:45,2
DA:47,5
DA:48,5
DA:50,5
DA:54,9
DA:61,2
DA:62,3
DA:63,3
DA:67,4
LF:18
LH:18
BRDA:38,0,0,8
BRDA:38,0,1,6
BRDA:54,1,0,9
BRDA:54,1,1,6
BRF:4
BRH:4
end_of_record
TN:
SF:src\shared\specification\index.ts
FN:1,(anonymous_0)
FN:3,(anonymous_1)
FN:4,(anonymous_2)
FN:5,(anonymous_3)
FN:6,(anonymous_4)
FNF:5
FNH:0
FNDA:0,(anonymous_0)
FNDA:0,(anonymous_1)
FNDA:0,(anonymous_2)
FNDA:0,(anonymous_3)
FNDA:0,(anonymous_4)
DA:1,0
DA:2,0
DA:3,0
DA:4,0
DA:5,0
DA:6,0
LF:6
LH:0
BRF:0
BRH:0
end_of_record
TN:
SF:src\test-toolkit\fake-clock.ts
FN:13,(anonymous_0)
FN:17,(anonymous_1)
FN:24,(anonymous_2)
FN:31,(anonymous_3)
FN:38,(anonymous_4)
FN:45,(anonymous_5)
FN:52,(anonymous_6)
FN:59,(anonymous_7)
FNF:8
FNH:8
FNDA:9,(anonymous_0)
FNDA:10,(anonymous_1)
FNDA:1,(anonymous_2)
FNDA:5,(anonymous_3)
FNDA:4,(anonymous_4)
FNDA:3,(anonymous_5)
FNDA:2,(anonymous_6)
FNDA:1,(anonymous_7)
DA:10,1
DA:14,9
DA:18,10
DA:25,1
DA:32,5
DA:39,4
DA:46,3
DA:53,2
DA:60,1
LF:9
LH:9
BRDA:14,0,0,9
BRDA:14,0,1,8
BRF:2
BRH:2
end_of_record
TN:
SF:src\test-toolkit\fake-repository.ts
FN:13,(anonymous_0)
FN:17,(anonymous_1)
FN:21,(anonymous_2)
FN:25,(anonymous_3)
FN:29,(anonymous_4)
FN:33,(anonymous_5)
FN:40,(anonymous_6)
FN:47,(anonymous_7)
FNF:8
FNH:8
FNDA:3,(anonymous_0)
FNDA:2,(anonymous_1)
FNDA:12,(anonymous_2)
FNDA:2,(anonymous_3)
FNDA:2,(anonymous_4)
FNDA:2,(anonymous_5)
FNDA:1,(anonymous_6)
FNDA:3,(anonymous_7)
DA:10,1
DA:11,11
DA:14,3
DA:18,2
DA:22,12
DA:26,2
DA:30,2
DA:34,2
DA:41,1
DA:48,3
LF:10
LH:10
BRDA:14,0,0,3
BRDA:14,0,1,2
BRF:2
BRH:2
end_of_record
TN:
SF:src\test-toolkit\fake-uuid.ts
FN:14,(anonymous_0)
FN:18,(anonymous_1)
FN:27,(anonymous_2)
FNF:3
FNH:3
FNDA:3,(anonymous_0)
FNDA:8,(anonymous_1)
FNDA:1,(anonymous_2)
DA:10,1
DA:11,3
DA:15,3
DA:19,8
DA:20,8
DA:21,8
DA:28,1
LF:7
LH:7
BRDA:14,0,0,2
BRF:1
BRH:1
end_of_record
TN:
SF:src\test-toolkit\index.ts
FN:7,(anonymous_0)
FN:8,(anonymous_1)
FN:9,(anonymous_2)
FNF:3
FNH:0
FNDA:0,(anonymous_0)
FNDA:0,(anonymous_1)
FNDA:0,(anonymous_2)
DA:7,0
DA:8,0
DA:9,0
LF:3
LH:0
BRF:0
BRH:0
end_of_record
TN:
SF:src\utils\logger.ts
FN:14,(anonymous_11)
FN:23,(anonymous_12)
FN:29,(anonymous_13)
FN:35,(anonymous_14)
FN:40,(anonymous_15)
FN:48,(anonymous_16)
FN:53,(anonymous_17)
FN:58,(anonymous_18)
FN:62,(anonymous_19)
FN:67,(anonymous_20)
FNF:10
FNH:10
FNDA:31,(anonymous_11)
FNDA:31,(anonymous_12)
FNDA:11,(anonymous_13)
FNDA:2,(anonymous_14)
FNDA:3,(anonymous_15)
FNDA:1,(anonymous_16)
FNDA:1,(anonymous_17)
FNDA:1,(anonymous_18)
FNDA:1,(anonymous_19)
FNDA:1,(anonymous_20)
DA:1,6
DA:2,6
DA:3,6
DA:4,6
DA:7,6
DA:15,31
DA:16,31
DA:17,31
DA:18,31
DA:19,31
DA:20,31
DA:24,31
DA:25,1
DA:30,11
DA:31,11
DA:32,11
DA:36,2
DA:37,2
DA:41,3
DA:42,3
DA:43,1
DA:45,3
DA:49,1
DA:50,1
DA:54,1
DA:55,1
DA:59,1
DA:63,1
DA:64,1
DA:68,1
DA:69,1
LF:31
LH:31
BRDA:24,0,0,1
BRDA:24,0,1,30
BRDA:31,1,0,7
BRDA:31,1,1,4
BRDA:31,2,0,11
BRDA:31,2,1,0
BRDA:37,3,0,2
BRDA:37,3,1,1
BRDA:42,4,0,1
BRDA:42,4,1,2
BRDA:45,5,0,3
BRDA:45,5,1,1
BRDA:50,6,0,1
BRDA:50,6,1,0
BRDA:55,7,0,1
BRDA:55,7,1,0
BRF:16
BRH:13
end_of_record
TN:
SF:src\utils\services\import.service.ts
FN:29,(anonymous_9)
FN:43,(anonymous_10)
FN:52,(anonymous_11)
FNF:3
FNH:3
FNDA:3,(anonymous_9)
FNDA:7,(anonymous_10)
FNDA:9,(anonymous_11)
DA:2,3
DA:25,3
DA:30,3
DA:31,3
DA:32,3
DA:33,2
DA:35,1
DA:36,1
DA:37,1
DA:48,7
DA:49,7
DA:52,7
DA:53,9
DA:54,9
DA:55,14
DA:57,9
DA:60,7
DA:61,9
DA:62,9
DA:63,9
DA:65,9
DA:66,15
DA:68,15
DA:69,4
DA:72,15
DA:73,2
DA:74,2
DA:75,1
DA:80,15
DA:83,9
DA:89,9
DA:91,9
DA:92,5
DA:96,7
DA:104,7
LF:35
LH:35
BRDA:32,0,0,2
BRDA:32,0,1,1
BRDA:55,1,0,14
BRDA:55,1,1,4
BRDA:66,2,0,15
BRDA:66,2,1,5
BRDA:68,3,0,4
BRDA:68,3,1,11
BRDA:68,4,0,15
BRDA:68,4,1,14
BRDA:72,5,0,2
BRDA:72,5,1,13
BRDA:72,6,0,15
BRDA:72,6,1,3
BRDA:74,7,0,1
BRDA:74,7,1,1
BRDA:91,8,0,5
BRDA:91,8,1,4
BRF:18
BRH:18
end_of_record
